2019-07-27 18:59:33 +0000 [MT] Initial pipeline context: <IDEDistributionProcessingPipelineContext: 0x7fb2717b3a50; archive(resolved)='<IDEArchive: 0x7fb27167b190>', distributionTask(resolved)='2', distributionMethod(resolved)='<IDEDistributionMethodDevelopmentSigned: 0x7fb271358e60>', team(resolved)='<IDEProvisioningBasicTeam 0x7fb27139f210: teamID: GXZ23M5TP2, teamName: (null)>'>
	Chain (11, self inclusive):
	<IDEDistributionProcessingPipelineContext: 0x7fb2717b3a50; archive = '<IDEArchive: 0x7fb27167b190>', distributionMethod='<IDEDistributionMethodDevelopmentSigned: 0x7fb271358e60>', team='<IDEProvisioningBasicTeam 0x7fb27139f210: teamID: GXZ23M5TP2, teamName: (null)>'>
	<IDEDistributionProcessingPipelineContext: 0x7fb2717b7370; archive = '<IDEArchive: 0x7fb27167b190>', distributionMethod='<IDEDistributionMethodDevelopmentSigned: 0x7fb271358e60>', team='<IDEProvisioningBasicTeam 0x7fb27139f210: teamID: GXZ23M5TP2, teamName: (null)>'>
	<IDEDistributionContext: 0x7fb2717b5fe0; archive = '<IDEArchive: 0x7fb27167b190>', distributionMethod='<IDEDistributionMethodDevelopmentSigned: 0x7fb271358e60>', team='<IDEProvisioningBasicTeam 0x7fb27139f210: teamID: GXZ23M5TP2, teamName: (null)>'>
	<IDEDistributionContext: 0x7fb271699090; archive = '<IDEArchive: 0x7fb27167b190>', distributionMethod='<IDEDistributionMethodDevelopmentSigned: 0x7fb271358e60>', team='<IDEProvisioningBasicTeam 0x7fb27139f210: teamID: GXZ23M5TP2, teamName: (null)>'>
	<IDEDistributionContext: 0x7fb27177c260; archive = '<IDEArchive: 0x7fb27167b190>', distributionMethod='<IDEDistributionMethodDevelopmentSigned: 0x7fb271358e60>', team='<IDEProvisioningBasicTeam 0x7fb27139f210: teamID: GXZ23M5TP2, teamName: (null)>'>
	<IDEDistributionContext: 0x7fb27177ae20; archive = '<IDEArchive: 0x7fb27167b190>', distributionMethod='<IDEDistributionMethodDevelopmentSigned: 0x7fb271358e60>', team='<IDEProvisioningBasicTeam 0x7fb27139f210: teamID: GXZ23M5TP2, teamName: (null)>'>
	<IDEDistributionContext: 0x7fb27177cfd0; archive = '<IDEArchive: 0x7fb27167b190>', distributionMethod='<IDEDistributionMethodDevelopmentSigned: 0x7fb271358e60>', team='<IDEProvisioningBasicTeam 0x7fb27139f210: teamID: GXZ23M5TP2, teamName: (null)>'>
	<IDEDistributionContext: 0x7fb26ac7d670; archive = '<IDEArchive: 0x7fb27167b190>', distributionMethod='<IDEDistributionMethodDevelopmentSigned: 0x7fb271358e60>', team='<IDEProvisioningBasicTeam 0x7fb27139f210: teamID: GXZ23M5TP2, teamName: (null)>'>
	<IDEDistributionContext: 0x7fb27139eb90; archive = '<IDEArchive: 0x7fb27167b190>', distributionMethod='<IDEDistributionMethodDevelopmentSigned: 0x7fb271358e60>', team='<IDEProvisioningBasicTeam 0x7fb27139f210: teamID: GXZ23M5TP2, teamName: (null)>'>
	<IDEDistributionContext: 0x7fb27138b080; archive = '<IDEArchive: 0x7fb27167b190>', distributionMethod='<IDEDistributionMethodDevelopmentSigned: 0x7fb271358e60>', team='(null)'>
	<IDEDistributionContext: 0x7fb27137c3e0; archive = '<IDEArchive: 0x7fb27167b190>', distributionMethod='(null)', team='(null)'>
</IDEDistributionProcessingPipelineContext: 0x7fb2717b3a50>
2019-07-27 18:59:33 +0000 [MT] Processing step: IDEDistributionCreateDestRootStep
2019-07-27 18:59:33 +0000 [MT] Processing step: IDEDistributionCopyItemStep
2019-07-27 18:59:33 +0000 [MT] Running /usr/bin/ditto '-V' '/Users/darwin/XXTExplorer/Releases/XXTouch.xcarchive/Products/Applications/XXTExplorer-Archive.app' '/var/folders/hk/rgtz0f5160l5z08fng3z0x_c0000gn/T/XcodeDistPipeline.XQ1/Root/Payload/XXTExplorer-Archive.app'
2019-07-27 18:59:33 +0000  >>> Copying /Users/darwin/XXTExplorer/Releases/XXTouch.xcarchive/Products/Applications/XXTExplorer-Archive.app 
2019-07-27 18:59:33 +0000  copying file ./_CodeSignature/CodeResources ... 
2019-07-27 18:59:33 +0000  59863 bytes for ./_CodeSignature/CodeResources
2019-07-27 18:59:33 +0000  copying file ./XXTEMoreTextFieldCell.nib ... 
2019-07-27 18:59:33 +0000  3722 bytes for ./XXTEMoreTextFieldCell.nib
2019-07-27 18:59:33 +0000  copying file ./zh-Hans.lproj/XXTESingleActionView.strings ... 
2019-07-27 18:59:33 +0000  250 bytes for ./zh-Hans.lproj/XXTESingleActionView.strings
copying file ./zh-Hans.lproj/Localizable.strings ... 
2019-07-27 18:59:33 +0000  35230 bytes for ./zh-Hans.lproj/Localizable.strings
2019-07-27 18:59:33 +0000  copying file ./zh-Hans.lproj/InfoPlist.strings ... 
2019-07-27 18:59:33 +0000  471 bytes for ./zh-Hans.lproj/InfoPlist.strings
copying file ./zh-Hans.lproj/XXTEBuiltInDefaults.plist ... 
2019-07-27 18:59:33 +0000  3645 bytes for ./zh-Hans.lproj/XXTEBuiltInDefaults.plist
2019-07-27 18:59:33 +0000  copying file ./zh-Hans.lproj/Meta.strings ... 
2019-07-27 18:59:33 +0000  1045 bytes for ./zh-Hans.lproj/Meta.strings
copying file ./XXTEItemTemplate.lua ... 
2019-07-27 18:59:33 +0000  188 bytes for ./XXTEItemTemplate.lua
2019-07-27 18:59:33 +0000  copying file ./Settings.Pro.bundle/zh-Hans.lproj/About.strings ... 
2019-07-27 18:59:33 +0000  257 bytes for ./Settings.Pro.bundle/zh-Hans.lproj/About.strings
copying file ./Settings.Pro.bundle/zh-Hans.lproj/Documents.strings ... 
2019-07-27 18:59:33 +0000  277 bytes for ./Settings.Pro.bundle/zh-Hans.lproj/Documents.strings
2019-07-27 18:59:33 +0000  copying file ./Settings.Pro.bundle/zh-Hans.lproj/Root.strings ... 
2019-07-27 18:59:33 +0000  129 bytes for ./Settings.Pro.bundle/zh-Hans.lproj/Root.strings
2019-07-27 18:59:33 +0000  copying file ./Settings.Pro.bundle/res/XXTEAboutIconGroup@3x.png ... 
2019-07-27 18:59:33 +0000  3483 bytes for ./Settings.Pro.bundle/res/XXTEAboutIconGroup@3x.png
copying file ./Settings.Pro.bundle/res/XXTEAboutIconGroup@2x.png ... 
2019-07-27 18:59:33 +0000  2198 bytes for ./Settings.Pro.bundle/res/XXTEAboutIconGroup@2x.png
2019-07-27 18:59:33 +0000  copying file ./Settings.Pro.bundle/res/XXTEAboutIconRecover@2x.png ... 
2019-07-27 18:59:33 +0000  2543 bytes for ./Settings.Pro.bundle/res/XXTEAboutIconRecover@2x.png
copying file ./Settings.Pro.bundle/res/XXTEAboutIconCopyright@2x.png ... 
2019-07-27 18:59:33 +0000  3431 bytes for ./Settings.Pro.bundle/res/XXTEAboutIconCopyright@2x.png
copying file ./Settings.Pro.bundle/res/XXTEAboutIconCopyright@3x.png ... 
2019-07-27 18:59:33 +0000  5431 bytes for ./Settings.Pro.bundle/res/XXTEAboutIconCopyright@3x.png
2019-07-27 18:59:33 +0000  copying file ./Settings.Pro.bundle/res/XXTEAboutIconCopyright.png ... 
2019-07-27 18:59:33 +0000  1366 bytes for ./Settings.Pro.bundle/res/XXTEAboutIconCopyright.png
copying file ./Settings.Pro.bundle/res/XXTEAboutIconUpdate.png ... 
2019-07-27 18:59:33 +0000  1169 bytes for ./Settings.Pro.bundle/res/XXTEAboutIconUpdate.png
copying file ./Settings.Pro.bundle/res/XXTEAboutIconRecover@3x.png ... 
2019-07-27 18:59:33 +0000  4475 bytes for ./Settings.Pro.bundle/res/XXTEAboutIconRecover@3x.png
2019-07-27 18:59:33 +0000  copying file ./Settings.Pro.bundle/res/XXTEAboutIconHome@3x.png ... 
2019-07-27 18:59:33 +0000  6370 bytes for ./Settings.Pro.bundle/res/XXTEAboutIconHome@3x.png
copying file ./Settings.Pro.bundle/res/XXTEAboutIconRecover.png ... 
2019-07-27 18:59:33 +0000  1101 bytes for ./Settings.Pro.bundle/res/XXTEAboutIconRecover.png
2019-07-27 18:59:33 +0000  copying file ./Settings.Pro.bundle/res/XXTEAboutIconMail@3x.png ... 
2019-07-27 18:59:33 +0000  3996 bytes for ./Settings.Pro.bundle/res/XXTEAboutIconMail@3x.png
2019-07-27 18:59:33 +0000  copying file ./Settings.Pro.bundle/res/XXTEAboutIconMail.png ... 
2019-07-27 18:59:33 +0000  1114 bytes for ./Settings.Pro.bundle/res/XXTEAboutIconMail.png
2019-07-27 18:59:33 +0000  copying file ./Settings.Pro.bundle/res/XXTEAboutIconMail@2x.png ... 
2019-07-27 18:59:33 +0000  2314 bytes for ./Settings.Pro.bundle/res/XXTEAboutIconMail@2x.png
2019-07-27 18:59:33 +0000  copying file ./Settings.Pro.bundle/res/XXTEAboutIconGroup.png ... 
2019-07-27 18:59:33 +0000  997 bytes for ./Settings.Pro.bundle/res/XXTEAboutIconGroup.png
copying file ./Settings.Pro.bundle/res/XXTEAboutIconHome@2x.png ... 
2019-07-27 18:59:33 +0000  3386 bytes for ./Settings.Pro.bundle/res/XXTEAboutIconHome@2x.png
2019-07-27 18:59:33 +0000  copying file ./Settings.Pro.bundle/res/XXTEAboutIconUpdate@2x.png ... 
2019-07-27 18:59:33 +0000  2488 bytes for ./Settings.Pro.bundle/res/XXTEAboutIconUpdate@2x.png
2019-07-27 18:59:33 +0000  copying file ./Settings.Pro.bundle/res/XXTEAboutIconHome.png ... 
2019-07-27 18:59:33 +0000  1554 bytes for ./Settings.Pro.bundle/res/XXTEAboutIconHome.png
copying file ./Settings.Pro.bundle/res/XXTEAboutIconUpdate@3x.png ... 
2019-07-27 18:59:33 +0000  3884 bytes for ./Settings.Pro.bundle/res/XXTEAboutIconUpdate@3x.png
2019-07-27 18:59:33 +0000  copying file ./Settings.Pro.bundle/en.lproj/.gitkeep ... 
2019-07-27 18:59:33 +0000  0 bytes for ./Settings.Pro.bundle/en.lproj/.gitkeep
2019-07-27 18:59:33 +0000  copying file ./Settings.Pro.bundle/Documents.plist ... 
2019-07-27 18:59:33 +0000  1709 bytes for ./Settings.Pro.bundle/Documents.plist
2019-07-27 18:59:33 +0000  copying file ./Settings.Pro.bundle/TermsOfService.plist ... 
2019-07-27 18:59:33 +0000  14001 bytes for ./Settings.Pro.bundle/TermsOfService.plist
2019-07-27 18:59:33 +0000  copying file ./Settings.Pro.bundle/3rd/OMGHTTPURLRQ.plist ... 
2019-07-27 18:59:33 +0000  1515 bytes for ./Settings.Pro.bundle/3rd/OMGHTTPURLRQ.plist
2019-07-27 18:59:33 +0000  copying file ./Settings.Pro.bundle/3rd/MWPhotoBrowser.plist ... 
2019-07-27 18:59:33 +0000  1537 bytes for ./Settings.Pro.bundle/3rd/MWPhotoBrowser.plist
copying file ./Settings.Pro.bundle/3rd/GCDWebServer.plist ... 
2019-07-27 18:59:33 +0000  1920 bytes for ./Settings.Pro.bundle/3rd/GCDWebServer.plist
copying file ./Settings.Pro.bundle/3rd/Tesseract.plist ... 
2019-07-27 18:59:33 +0000  1000 bytes for ./Settings.Pro.bundle/3rd/Tesseract.plist
2019-07-27 18:59:33 +0000  copying file ./Settings.Pro.bundle/3rd/SIAlertView.plist ... 
2019-07-27 18:59:33 +0000  1501 bytes for ./Settings.Pro.bundle/3rd/SIAlertView.plist
2019-07-27 18:59:33 +0000  copying file ./Settings.Pro.bundle/3rd/PromiseKit.plist ... 
2019-07-27 18:59:33 +0000  1515 bytes for ./Settings.Pro.bundle/3rd/PromiseKit.plist
copying file ./Settings.Pro.bundle/3rd/JSONModel.plist ... 
2019-07-27 18:59:33 +0000  1530 bytes for ./Settings.Pro.bundle/3rd/JSONModel.plist
copying file ./Settings.Pro.bundle/3rd/Lua.plist ... 
2019-07-27 18:59:33 +0000  1509 bytes for ./Settings.Pro.bundle/3rd/Lua.plist
2019-07-27 18:59:33 +0000  copying file ./Settings.Pro.bundle/3rd/TOWebViewController.plist ... 
2019-07-27 18:59:33 +0000  1649 bytes for ./Settings.Pro.bundle/3rd/TOWebViewController.plist
copying file ./Settings.Pro.bundle/3rd/LGAlertView.plist ... 
2019-07-27 18:59:33 +0000  1528 bytes for ./Settings.Pro.bundle/3rd/LGAlertView.plist
2019-07-27 18:59:33 +0000  copying file ./Settings.Pro.bundle/3rd/YYKit.plist ... 
2019-07-27 18:59:33 +0000  1518 bytes for ./Settings.Pro.bundle/3rd/YYKit.plist
copying file ./Settings.Pro.bundle/3rd/OpenCV.plist ... 
2019-07-27 18:59:33 +0000  1851 bytes for ./Settings.Pro.bundle/3rd/OpenCV.plist
2019-07-27 18:59:33 +0000  copying file ./Settings.Pro.bundle/3rd/IPAInstallerConsole.plist ... 
2019-07-27 18:59:33 +0000  898 bytes for ./Settings.Pro.bundle/3rd/IPAInstallerConsole.plist
2019-07-27 18:59:33 +0000  copying file ./Settings.Pro.bundle/3rd.plist ... 
2019-07-27 18:59:33 +0000  3009 bytes for ./Settings.Pro.bundle/3rd.plist
2019-07-27 18:59:33 +0000  copying file ./Settings.Pro.bundle/Root.plist ... 
2019-07-27 18:59:33 +0000  1101 bytes for ./Settings.Pro.bundle/Root.plist
copying file ./Settings.Pro.bundle/About.plist ... 
2019-07-27 18:59:33 +0000  3365 bytes for ./Settings.Pro.bundle/About.plist
2019-07-27 18:59:33 +0000  copying file ./AppIcon20x20@2x.png ... 
2019-07-27 18:59:33 +0000  3593 bytes for ./AppIcon20x20@2x.png
2019-07-27 18:59:33 +0000  copying file ./Mac Classic.png ... 
2019-07-27 18:59:33 +0000  47718 bytes for ./Mac Classic.png
2019-07-27 18:59:33 +0000  copying file ./Eiffel.png ... 
2019-07-27 18:59:33 +0000  49744 bytes for ./Eiffel.png
2019-07-27 18:59:33 +0000  copying file ./en.lproj/XXTEBuiltInDefaults.plist ... 
2019-07-27 18:59:33 +0000  4049 bytes for ./en.lproj/XXTEBuiltInDefaults.plist
2019-07-27 18:59:33 +0000  copying file ./XXTESymbolCell.nib ... 
2019-07-27 18:59:33 +0000  3883 bytes for ./XXTESymbolCell.nib
2019-07-27 18:59:33 +0000  copying file ./SKLanguage.plist ... 
2019-07-27 18:59:33 +0000  2403 bytes for ./SKLanguage.plist
2019-07-27 18:59:33 +0000  copying file ./RMCloudProjectDescriptionCell.nib ... 
2019-07-27 18:59:33 +0000  3461 bytes for ./RMCloudProjectDescriptionCell.nib
2019-07-27 18:59:33 +0000  copying file ./SKFont.plist ... 
2019-07-27 18:59:33 +0000  895 bytes for ./SKFont.plist
2019-07-27 18:59:33 +0000  copying file ./txt.tmLanguage ... 
2019-07-27 18:59:33 +0000  1672 bytes for ./txt.tmLanguage
copying file ./AppIcon20x20@3x.png ... 
2019-07-27 18:59:33 +0000  6412 bytes for ./AppIcon20x20@3x.png
2019-07-27 18:59:33 +0000  copying file ./XXTExplorer-Archive ... 
2019-07-27 18:59:33 +0000  7343296 bytes for ./XXTExplorer-Archive
2019-07-27 18:59:33 +0000  copying file ./XXTEPremiumPreview.pdf ... 
47365 bytes for ./XXTEPremiumPreview.pdf
copying file ./RMCloudLinkCell.nib ... 
4024 bytes for ./RMCloudLinkCell.nib
copying file ./Eiffel.tmTheme ... 
9758 bytes for ./Eiffel.tmTheme
copying file ./RMCloudTrendsCell.nib ... 
2234 bytes for ./RMCloudTrendsCell.nib
copying file ./SourceCodePro-BoldIt.otf ... 
120672 bytes for ./SourceCodePro-BoldIt.otf
copying file ./AppIcon60x60@2x.png ... 
17745 bytes for ./AppIcon60x60@2x.png
copying file ./Oceanic.png ... 
2019-07-27 18:59:33 +0000  101125 bytes for ./Oceanic.png
copying file ./XXTExplorerItemNameCell.nib ... 
2019-07-27 18:59:33 +0000  3758 bytes for ./XXTExplorerItemNameCell.nib
copying file ./AppIcon29x29@2x.png ... 
2019-07-27 18:59:33 +0000  6083 bytes for ./AppIcon29x29@2x.png
2019-07-27 18:59:33 +0000  copying file ./XXTEMoreTitleValueCell.nib ... 
2019-07-27 18:59:33 +0000  3510 bytes for ./XXTEMoreTitleValueCell.nib
copying file ./AppIcon40x40@3x.png ... 
2019-07-27 18:59:33 +0000  17745 bytes for ./AppIcon40x40@3x.png
2019-07-27 18:59:33 +0000  copying file ./Oceanic.tmTheme ... 
2019-07-27 18:59:33 +0000  11477 bytes for ./Oceanic.tmTheme
2019-07-27 18:59:33 +0000  copying file ./lua.tmLanguage ... 
2019-07-27 18:59:33 +0000  12235 bytes for ./lua.tmLanguage
copying file ./AppIcon40x40@2x.png ... 
2019-07-27 18:59:33 +0000  9823 bytes for ./AppIcon40x40@2x.png
2019-07-27 18:59:33 +0000  copying file ./XXTExplorerViewHomeCell.nib ... 
2019-07-27 18:59:33 +0000  4651 bytes for ./XXTExplorerViewHomeCell.nib
2019-07-27 18:59:33 +0000  copying file ./XXTEEditorTabWidthCell.nib ... 
2019-07-27 18:59:33 +0000  3999 bytes for ./XXTEEditorTabWidthCell.nib
copying file ./XUIAboutCell.nib ... 
2019-07-27 18:59:33 +0000  4178 bytes for ./XUIAboutCell.nib
2019-07-27 18:59:33 +0000  copying file ./AppIcon29x29@3x.png ... 
2019-07-27 18:59:33 +0000  11164 bytes for ./AppIcon29x29@3x.png
2019-07-27 18:59:33 +0000  copying file ./AppIcon60x60@3x.png ... 
2019-07-27 18:59:33 +0000  27708 bytes for ./AppIcon60x60@3x.png
copying file ./XXTEMoreRemoteSwitchCell.nib ... 
2019-07-27 18:59:33 +0000  4136 bytes for ./XXTEMoreRemoteSwitchCell.nib
2019-07-27 18:59:33 +0000  copying file ./Base.lproj/XXTESingleActionView.nib ... 
2019-07-27 18:59:33 +0000  4296 bytes for ./Base.lproj/XXTESingleActionView.nib
2019-07-27 18:59:33 +0000  copying file ./Base.lproj/LaunchScreen.storyboardc/OaK-Ga-20o-view-JDO-oQ-hjQ.nib ... 
2019-07-27 18:59:33 +0000  1905 bytes for ./Base.lproj/LaunchScreen.storyboardc/OaK-Ga-20o-view-JDO-oQ-hjQ.nib
2019-07-27 18:59:33 +0000  copying file ./Base.lproj/LaunchScreen.storyboardc/K6j-B8-KrE-view-sbp-MM-bXR.nib ... 
2019-07-27 18:59:33 +0000  1909 bytes for ./Base.lproj/LaunchScreen.storyboardc/K6j-B8-KrE-view-sbp-MM-bXR.nib
2019-07-27 18:59:33 +0000  copying file ./Base.lproj/LaunchScreen.storyboardc/UISplitViewController-Wba-cZ-q9A.nib ... 
2019-07-27 18:59:33 +0000  4228 bytes for ./Base.lproj/LaunchScreen.storyboardc/UISplitViewController-Wba-cZ-q9A.nib
2019-07-27 18:59:33 +0000  copying file ./Base.lproj/LaunchScreen.storyboardc/he2-ZT-Rec-view-GZd-FD-I2s.nib ... 
2019-07-27 18:59:33 +0000  1904 bytes for ./Base.lproj/LaunchScreen.storyboardc/he2-ZT-Rec-view-GZd-FD-I2s.nib
2019-07-27 18:59:33 +0000  copying file ./Base.lproj/LaunchScreen.storyboardc/kQ1-H5-s2i-view-fTe-hu-Env.nib ... 
2019-07-27 18:59:33 +0000  1903 bytes for ./Base.lproj/LaunchScreen.storyboardc/kQ1-H5-s2i-view-fTe-hu-Env.nib
copying file ./Base.lproj/LaunchScreen.storyboardc/Info.plist ... 
2019-07-27 18:59:33 +0000  273 bytes for ./Base.lproj/LaunchScreen.storyboardc/Info.plist
2019-07-27 18:59:33 +0000  copying file ./archived-expanded-entitlements.xcent ... 
2019-07-27 18:59:33 +0000  664 bytes for ./archived-expanded-entitlements.xcent
2019-07-27 18:59:33 +0000  copying file ./XXTImagePickerPhotoCell.nib ... 
2019-07-27 18:59:33 +0000  1284 bytes for ./XXTImagePickerPhotoCell.nib
copying file ./XUIFileCell.nib ... 
2019-07-27 18:59:33 +0000  4544 bytes for ./XUIFileCell.nib
copying file ./RMCloudProjectCell.nib ... 
2019-07-27 18:59:33 +0000  4934 bytes for ./RMCloudProjectCell.nib
2019-07-27 18:59:33 +0000  copying file ./XXTImagePickerAlbumCell.nib ... 
2019-07-27 18:59:33 +0000  2676 bytes for ./XXTImagePickerAlbumCell.nib
2019-07-27 18:59:33 +0000  copying file ./RMCloudExpandableCell.nib ... 
2019-07-27 18:59:33 +0000  4728 bytes for ./RMCloudExpandableCell.nib
2019-07-27 18:59:33 +0000  copying file ./SourceCodePro-Bold.otf ... 
2019-07-27 18:59:33 +0000  143932 bytes for ./SourceCodePro-Bold.otf
copying file ./XXTEMoreLinkCell.nib ... 
2019-07-27 18:59:33 +0000  3348 bytes for ./XXTEMoreLinkCell.nib
copying file ./Assets.car ... 
2019-07-27 18:59:33 +0000  1490384 bytes for ./Assets.car
copying file ./XXTEMoreAddressCell.nib ... 
2019-07-27 18:59:33 +0000  3569 bytes for ./XXTEMoreAddressCell.nib
copying file ./.gitignore ... 
2019-07-27 18:59:33 +0000  1627 bytes for ./.gitignore
2019-07-27 18:59:33 +0000  copying file ./AppIcon40x40@2x~ipad.png ... 
2019-07-27 18:59:33 +0000  9823 bytes for ./AppIcon40x40@2x~ipad.png
2019-07-27 18:59:33 +0000  copying file ./TOWebViewControllerLocalizable.bundle/zh-Hans.lproj/TOWebViewControllerLocalizable.strings ... 
2019-07-27 18:59:33 +0000  202 bytes for ./TOWebViewControllerLocalizable.bundle/zh-Hans.lproj/TOWebViewControllerLocalizable.strings
2019-07-27 18:59:33 +0000  copying file ./TOWebViewControllerLocalizable.bundle/en.lproj/TOWebViewControllerLocalizable.strings ... 
2019-07-27 18:59:33 +0000  192 bytes for ./TOWebViewControllerLocalizable.bundle/en.lproj/TOWebViewControllerLocalizable.strings
2019-07-27 18:59:33 +0000  copying file ./TOWebViewControllerLocalizable.bundle/Info.plist ... 
2019-07-27 18:59:33 +0000  758 bytes for ./TOWebViewControllerLocalizable.bundle/Info.plist
2019-07-27 18:59:33 +0000  copying file ./AppIcon76x76@2x~ipad.png ... 
2019-07-27 18:59:33 +0000  23244 bytes for ./AppIcon76x76@2x~ipad.png
copying file ./XXTExplorerViewCell.nib ... 
2019-07-27 18:59:33 +0000  5732 bytes for ./XXTExplorerViewCell.nib
2019-07-27 18:59:33 +0000  copying file ./SKTheme.plist ... 
2019-07-27 18:59:33 +0000  1230 bytes for ./SKTheme.plist
2019-07-27 18:59:33 +0000  copying file ./XXTEMoreApplicationCell.nib ... 
2019-07-27 18:59:33 +0000  4387 bytes for ./XXTEMoreApplicationCell.nib
2019-07-27 18:59:33 +0000  copying file ./XXTEMoreActionCell.nib ... 
2019-07-27 18:59:33 +0000  2786 bytes for ./XXTEMoreActionCell.nib
2019-07-27 18:59:33 +0000  copying file ./Mac Classic.tmTheme ... 
2019-07-27 18:59:33 +0000  10662 bytes for ./Mac Classic.tmTheme
2019-07-27 18:59:33 +0000  copying file ./XXTImagePickerController.nib ... 
2019-07-27 18:59:33 +0000  7074 bytes for ./XXTImagePickerController.nib
2019-07-27 18:59:33 +0000  copying file ./XXTEMoreLicenseCell.nib ... 
2019-07-27 18:59:33 +0000  3685 bytes for ./XXTEMoreLicenseCell.nib
2019-07-27 18:59:33 +0000  copying file ./AppIcon83.5x83.5@2x~ipad.png ... 
2019-07-27 18:59:33 +0000  25984 bytes for ./AppIcon83.5x83.5@2x~ipad.png
2019-07-27 18:59:33 +0000  copying file ./LaunchImage-700-568h@2x.png ... 
2019-07-27 18:59:33 +0000  14942 bytes for ./LaunchImage-700-568h@2x.png
copying file ./RMCloudMoreCell.nib ... 
2019-07-27 18:59:33 +0000  2716 bytes for ./RMCloudMoreCell.nib
2019-07-27 18:59:33 +0000  copying file ./Monokai.tmTheme ... 
2019-07-27 18:59:33 +0000  6473 bytes for ./Monokai.tmTheme
2019-07-27 18:59:33 +0000  copying file ./XXTEInstallerLoadingView.nib ... 
2019-07-27 18:59:33 +0000  2841 bytes for ./XXTEInstallerLoadingView.nib
2019-07-27 18:59:33 +0000  copying file ./XXTEMoreValueViewCell.nib ... 
2019-07-27 18:59:33 +0000  3439 bytes for ./XXTEMoreValueViewCell.nib
2019-07-27 18:59:33 +0000  copying file ./Monokai.png ... 
2019-07-27 18:59:33 +0000  103541 bytes for ./Monokai.png
copying file ./AppIcon29x29@2x~ipad.png ... 
2019-07-27 18:59:33 +0000  6083 bytes for ./AppIcon29x29@2x~ipad.png
2019-07-27 18:59:33 +0000  copying file ./xml.tmLanguage ... 
2019-07-27 18:59:33 +0000  12870 bytes for ./xml.tmLanguage
copying file ./XXTEEditorThemeCell.nib ... 
2019-07-27 18:59:33 +0000  3939 bytes for ./XXTEEditorThemeCell.nib
2019-07-27 18:59:33 +0000  copying file ./xxte-white-icons.plist ... 
2019-07-27 18:59:33 +0000  2316 bytes for ./xxte-white-icons.plist
2019-07-27 18:59:33 +0000  copying file ./XUIAdapter_xui.xuic ... 
2019-07-27 18:59:33 +0000  25444 bytes for ./XUIAdapter_xui.xuic
2019-07-27 18:59:33 +0000  copying file ./MWPhotoBrowser.bundle/UIBarButtonItemArrowLeft.png ... 
2019-07-27 18:59:33 +0000  240 bytes for ./MWPhotoBrowser.bundle/UIBarButtonItemArrowLeft.png
2019-07-27 18:59:33 +0000  copying file ./MWPhotoBrowser.bundle/UIBarButtonItemGrid@3x.png ... 
2019-07-27 18:59:33 +0000  172 bytes for ./MWPhotoBrowser.bundle/UIBarButtonItemGrid@3x.png
2019-07-27 18:59:33 +0000  copying file ./MWPhotoBrowser.bundle/ImageSelectedSmallOn.png ... 
2019-07-27 18:59:33 +0000  1097 bytes for ./MWPhotoBrowser.bundle/ImageSelectedSmallOn.png
2019-07-27 18:59:33 +0000  copying file ./MWPhotoBrowser.bundle/UIBarButtonItemGrid.png ... 
2019-07-27 18:59:33 +0000  110 bytes for ./MWPhotoBrowser.bundle/UIBarButtonItemGrid.png
2019-07-27 18:59:33 +0000  copying file ./MWPhotoBrowser.bundle/UIBarButtonItemGrid@2x.png ... 
2019-07-27 18:59:33 +0000  141 bytes for ./MWPhotoBrowser.bundle/UIBarButtonItemGrid@2x.png
2019-07-27 18:59:33 +0000  copying file ./MWPhotoBrowser.bundle/VideoOverlay@2x.png ... 
2019-07-27 18:59:33 +0000  494 bytes for ./MWPhotoBrowser.bundle/VideoOverlay@2x.png
2019-07-27 18:59:33 +0000  copying file ./MWPhotoBrowser.bundle/ImageSelectedOff.png ... 
2019-07-27 18:59:33 +0000  1255 bytes for ./MWPhotoBrowser.bundle/ImageSelectedOff.png
2019-07-27 18:59:33 +0000  copying file ./MWPhotoBrowser.bundle/PlayButtonOverlayLargeTap@2x.png ... 
2019-07-27 18:59:33 +0000  4674 bytes for ./MWPhotoBrowser.bundle/PlayButtonOverlayLargeTap@2x.png
2019-07-27 18:59:33 +0000  copying file ./MWPhotoBrowser.bundle/ImageError@2x.png ... 
2019-07-27 18:59:33 +0000  577 bytes for ./MWPhotoBrowser.bundle/ImageError@2x.png
2019-07-27 18:59:33 +0000  copying file ./MWPhotoBrowser.bundle/ImageSelectedSmallOff@2x.png ... 
2019-07-27 18:59:33 +0000  1872 bytes for ./MWPhotoBrowser.bundle/ImageSelectedSmallOff@2x.png
2019-07-27 18:59:33 +0000  copying file ./MWPhotoBrowser.bundle/ImageSelectedSmallOff@3x.png ... 
2019-07-27 18:59:33 +0000  4006 bytes for ./MWPhotoBrowser.bundle/ImageSelectedSmallOff@3x.png
2019-07-27 18:59:33 +0000  copying file ./MWPhotoBrowser.bundle/PlayButtonOverlayLargeTap.png ... 
2019-07-27 18:59:33 +0000  2364 bytes for ./MWPhotoBrowser.bundle/PlayButtonOverlayLargeTap.png
2019-07-27 18:59:33 +0000  copying file ./MWPhotoBrowser.bundle/ImageError@3x.png ... 
2019-07-27 18:59:33 +0000  698 bytes for ./MWPhotoBrowser.bundle/ImageError@3x.png
copying file ./MWPhotoBrowser.bundle/PlayButtonOverlayLargeTap@3x.png ... 
2019-07-27 18:59:33 +0000  7086 bytes for ./MWPhotoBrowser.bundle/PlayButtonOverlayLargeTap@3x.png
2019-07-27 18:59:33 +0000  copying file ./MWPhotoBrowser.bundle/UIBarButtonItemArrowRight.png ... 
2019-07-27 18:59:33 +0000  239 bytes for ./MWPhotoBrowser.bundle/UIBarButtonItemArrowRight.png
2019-07-27 18:59:33 +0000  copying file ./MWPhotoBrowser.bundle/VideoOverlay@3x.png ... 
2019-07-27 18:59:33 +0000  696 bytes for ./MWPhotoBrowser.bundle/VideoOverlay@3x.png
2019-07-27 18:59:33 +0000  copying file ./MWPhotoBrowser.bundle/ImageError.png ... 
2019-07-27 18:59:33 +0000  246 bytes for ./MWPhotoBrowser.bundle/ImageError.png
2019-07-27 18:59:33 +0000  copying file ./MWPhotoBrowser.bundle/UIBarButtonItemArrowRight@3x.png ... 
2019-07-27 18:59:33 +0000  527 bytes for ./MWPhotoBrowser.bundle/UIBarButtonItemArrowRight@3x.png
2019-07-27 18:59:33 +0000  copying file ./MWPhotoBrowser.bundle/ImageSelectedOn.png ... 
2019-07-27 18:59:33 +0000  1399 bytes for ./MWPhotoBrowser.bundle/ImageSelectedOn.png
2019-07-27 18:59:33 +0000  copying file ./MWPhotoBrowser.bundle/PlayButtonOverlayLarge@2x.png ... 
2019-07-27 18:59:33 +0000  4917 bytes for ./MWPhotoBrowser.bundle/PlayButtonOverlayLarge@2x.png
2019-07-27 18:59:33 +0000  copying file ./MWPhotoBrowser.bundle/ImageSelectedOff@2x.png ... 
2019-07-27 18:59:33 +0000  3451 bytes for ./MWPhotoBrowser.bundle/ImageSelectedOff@2x.png
2019-07-27 18:59:33 +0000  copying file ./MWPhotoBrowser.bundle/UIBarButtonItemArrowLeft@2x.png ... 
2019-07-27 18:59:33 +0000  401 bytes for ./MWPhotoBrowser.bundle/UIBarButtonItemArrowLeft@2x.png
2019-07-27 18:59:33 +0000  copying file ./MWPhotoBrowser.bundle/VideoOverlay.png ... 
2019-07-27 18:59:33 +0000  297 bytes for ./MWPhotoBrowser.bundle/VideoOverlay.png
2019-07-27 18:59:33 +0000  copying file ./MWPhotoBrowser.bundle/ImageSelectedSmallOff.png ... 
2019-07-27 18:59:33 +0000  1002 bytes for ./MWPhotoBrowser.bundle/ImageSelectedSmallOff.png
2019-07-27 18:59:33 +0000  copying file ./MWPhotoBrowser.bundle/UIBarButtonItemArrowLeft@3x.png ... 
2019-07-27 18:59:33 +0000  494 bytes for ./MWPhotoBrowser.bundle/UIBarButtonItemArrowLeft@3x.png
2019-07-27 18:59:33 +0000  copying file ./MWPhotoBrowser.bundle/ImageSelectedOff@3x.png ... 
2019-07-27 18:59:33 +0000  5690 bytes for ./MWPhotoBrowser.bundle/ImageSelectedOff@3x.png
2019-07-27 18:59:33 +0000  copying file ./MWPhotoBrowser.bundle/PlayButtonOverlayLarge@3x.png ... 
2019-07-27 18:59:33 +0000  7561 bytes for ./MWPhotoBrowser.bundle/PlayButtonOverlayLarge@3x.png
2019-07-27 18:59:33 +0000  copying file ./MWPhotoBrowser.bundle/UIBarButtonItemArrowRight@2x.png ... 
2019-07-27 18:59:33 +0000  393 bytes for ./MWPhotoBrowser.bundle/UIBarButtonItemArrowRight@2x.png
2019-07-27 18:59:33 +0000  copying file ./MWPhotoBrowser.bundle/ImageSelectedSmallOn@3x.png ... 
2019-07-27 18:59:33 +0000  4433 bytes for ./MWPhotoBrowser.bundle/ImageSelectedSmallOn@3x.png
2019-07-27 18:59:33 +0000  copying file ./MWPhotoBrowser.bundle/PlayButtonOverlayLarge.png ... 
2019-07-27 18:59:33 +0000  2466 bytes for ./MWPhotoBrowser.bundle/PlayButtonOverlayLarge.png
2019-07-27 18:59:33 +0000  copying file ./MWPhotoBrowser.bundle/ImageSelectedOn@3x.png ... 
2019-07-27 18:59:33 +0000  5786 bytes for ./MWPhotoBrowser.bundle/ImageSelectedOn@3x.png
2019-07-27 18:59:33 +0000  copying file ./MWPhotoBrowser.bundle/ImageSelectedOn@2x.png ... 
2019-07-27 18:59:33 +0000  3717 bytes for ./MWPhotoBrowser.bundle/ImageSelectedOn@2x.png
2019-07-27 18:59:33 +0000  copying file ./MWPhotoBrowser.bundle/Info.plist ... 
2019-07-27 18:59:33 +0000  724 bytes for ./MWPhotoBrowser.bundle/Info.plist
2019-07-27 18:59:33 +0000  copying file ./MWPhotoBrowser.bundle/ImageSelectedSmallOn@2x.png ... 
2019-07-27 18:59:33 +0000  2182 bytes for ./MWPhotoBrowser.bundle/ImageSelectedSmallOn@2x.png
2019-07-27 18:59:33 +0000  copying file ./XXTEMoreReferences.bundle/styles/default.css ... 
2019-07-27 18:59:33 +0000  1159 bytes for ./XXTEMoreReferences.bundle/styles/default.css
2019-07-27 18:59:33 +0000  copying file ./XXTEMoreReferences.bundle/scripts/highlight.pack.js ... 
2019-07-27 18:59:33 +0000  47700 bytes for ./XXTEMoreReferences.bundle/scripts/highlight.pack.js
2019-07-27 18:59:33 +0000  copying file ./XXTEMoreReferences.bundle/code.html ... 
2019-07-27 18:59:33 +0000  532 bytes for ./XXTEMoreReferences.bundle/code.html
2019-07-27 18:59:33 +0000  copying file ./XXTExplorerItemPreviewController.nib ... 
2019-07-27 18:59:33 +0000  3521 bytes for ./XXTExplorerItemPreviewController.nib
2019-07-27 18:59:33 +0000  copying file ./RMCloudProjectDetailCell.nib ... 
2019-07-27 18:59:33 +0000  6050 bytes for ./RMCloudProjectDetailCell.nib
2019-07-27 18:59:33 +0000  copying file ./embedded.mobileprovision ... 
2019-07-27 18:59:33 +0000  15928 bytes for ./embedded.mobileprovision
2019-07-27 18:59:33 +0000  copying file ./XXTEMoreSwitchCell.nib ... 
2019-07-27 18:59:33 +0000  3821 bytes for ./XXTEMoreSwitchCell.nib
2019-07-27 18:59:33 +0000  copying file ./XXTELogCell.nib ... 
2019-07-27 18:59:33 +0000  2937 bytes for ./XXTELogCell.nib
copying file ./SourceCodePro-It.otf ... 
2019-07-27 18:59:33 +0000  120036 bytes for ./SourceCodePro-It.otf
2019-07-27 18:59:33 +0000  copying file ./json.tmLanguage ... 
2019-07-27 18:59:33 +0000  6588 bytes for ./json.tmLanguage
2019-07-27 18:59:33 +0000  copying file ./strings.tmLanguage ... 
2019-07-27 18:59:33 +0000  2503 bytes for ./strings.tmLanguage
2019-07-27 18:59:33 +0000  copying file ./XXTEMoreTitleDescriptionCell.nib ... 
2019-07-27 18:59:33 +0000  4463 bytes for ./XXTEMoreTitleDescriptionCell.nib
2019-07-27 18:59:33 +0000  copying file ./AppIcon20x20@2x~ipad.png ... 
2019-07-27 18:59:33 +0000  3593 bytes for ./AppIcon20x20@2x~ipad.png
2019-07-27 18:59:33 +0000  copying file ./Info.plist ... 
2019-07-27 18:59:33 +0000  3668 bytes for ./Info.plist
2019-07-27 18:59:33 +0000  copying file ./SourceCodePro-Regular.otf ... 
2019-07-27 18:59:33 +0000  140088 bytes for ./SourceCodePro-Regular.otf
2019-07-27 18:59:33 +0000  copying file ./RMCloudExpandedCell.nib ... 
2019-07-27 18:59:33 +0000  4717 bytes for ./RMCloudExpandedCell.nib
2019-07-27 18:59:33 +0000  copying file ./XXTApplicationCell.nib ... 
2019-07-27 18:59:33 +0000  4307 bytes for ./XXTApplicationCell.nib
2019-07-27 18:59:33 +0000  copying file ./PkgInfo ... 
2019-07-27 18:59:33 +0000  8 bytes for ./PkgInfo
2019-07-27 18:59:33 +0000  copying file ./D60BDCA4-BE9E-4902-BCC4-4963FDC46503.zip ... 
2019-07-27 18:59:33 +0000  16039 bytes for ./D60BDCA4-BE9E-4902-BCC4-4963FDC46503.zip
2019-07-27 18:59:33 +0000  copying file ./XUIAnimatedImageCell.nib ... 
2019-07-27 18:59:33 +0000  2203 bytes for ./XUIAnimatedImageCell.nib
2019-07-27 18:59:33 +0000  copying file ./AppIcon76x76~ipad.png ... 
2019-07-27 18:59:33 +0000  10916 bytes for ./AppIcon76x76~ipad.png
2019-07-27 18:59:33 +0000  copying file ./XXTEAppDefines.plist ... 
2019-07-27 18:59:33 +0000  2679 bytes for ./XXTEAppDefines.plist
2019-07-27 18:59:33 +0000  
2019-07-27 18:59:33 +0000  
2019-07-27 18:59:33 +0000  2019-07-27 18:59:33 +0000 [MT] /usr/bin/ditto exited with 0
2019-07-27 18:59:33 +0000  

2019-07-27 18:59:33 +0000  
2019-07-27 18:59:33 +0000 [MT] Processing step: IDEDistributionEmbedProfileStep
2019-07-27 18:59:33 +0000 [MT] Processing step: IDEDistributionAppThinningPlistStep
2019-07-27 18:59:33 +0000 [MT] Skipping step: IDEDistributionAppThinningPlistStep because it said so
2019-07-27 18:59:33 +0000 [MT] Processing step: IDEDistributionCompileBitcodeStep
2019-07-27 18:59:33 +0000 [MT] Skipping step: IDEDistributionCompileBitcodeStep because it said so
2019-07-27 18:59:33 +0000 [MT] Processing step: IDEDistributionCodeSlimmingStep
2019-07-27 18:59:33 +0000 [MT] Processing step: IDEDistributionCopyBCSymbolMapsStep
2019-07-27 18:59:33 +0000 [MT] Skipping step: IDEDistributionCopyBCSymbolMapsStep because it said so
2019-07-27 18:59:33 +0000 [MT] Processing step: IDEDistributionSymbolsStep
2019-07-27 18:59:33 +0000 [MT] Skipping step: IDEDistributionSymbolsStep because it said so
2019-07-27 18:59:33 +0000 [MT] Processing step: IDEDistributionAppThinningStep
2019-07-27 18:59:33 +0000 [MT] Skipping step: IDEDistributionAppThinningStep because it said so
2019-07-27 18:59:33 +0000 [MT] Processing step: IDEDistributionODRStep
2019-07-27 18:59:33 +0000 [MT] Processing step: IDEDistributionStripXattrsStep
2019-07-27 18:59:33 +0000 [MT] Running /usr/bin/xattr '-crs' '/var/folders/hk/rgtz0f5160l5z08fng3z0x_c0000gn/T/XcodeDistPipeline.XQ1/Root/Payload/XXTExplorer-Archive.app'
2019-07-27 18:59:34 +0000  
2019-07-27 18:59:34 +0000  
2019-07-27 18:59:34 +0000 [MT] /usr/bin/xattr exited with 0
2019-07-27 18:59:34 +0000  2019-07-27 18:59:34 +0000  

2019-07-27 18:59:34 +0000 [MT] Processing step: IDEDistributionCodesignStep
2019-07-27 18:59:34 +0000 [MT] Applying entitlements delta for <IDEDistributionItem: 0x7fb26ac7dc10 'com.xxtouch.XXTExplorer' '<DVTFilePath:0x7fb27167b440:'/Users/darwin/XXTExplorer/Releases/XXTouch.xcarchive/Products/Applications/XXTExplorer-Archive.app'>'> from <IDEiCloudEntitlementsProcessor: 0x7fb271779500>: {
    "com.apple.developer.icloud-container-environment" = Production;
}
2019-07-27 18:59:34 +0000 [MT] Entitlements for <IDEDistributionItem: 0x7fb26ac7dc10 'com.xxtouch.XXTExplorer' '<DVTFilePath:0x7fb27167b440:'/Users/darwin/XXTExplorer/Releases/XXTouch.xcarchive/Products/Applications/XXTExplorer-Archive.app'>'>: {
    "application-identifier" = "GXZ23M5TP2.com.xxtouch.XXTExplorer";
    "com.apple.developer.icloud-container-environment" = Production;
    "com.apple.developer.icloud-container-identifiers" =     (
        "iCloud.com.xxtouch.XXTExplorer"
    );
    "com.apple.developer.icloud-services" =     (
        CloudDocuments
    );
    "com.apple.developer.team-identifier" = GXZ23M5TP2;
    "com.apple.developer.ubiquity-container-identifiers" =     (
        "iCloud.com.xxtouch.XXTExplorer"
    );
    "com.apple.developer.ubiquity-kvstore-identifier" = "GXZ23M5TP2.com.xxtouch.XXTExplorer";
    "get-task-allow" = 1;
}
2019-07-27 18:59:34 +0000 [MT] Writing entitlements for <IDEDistributionItem: 0x7fb26ac7dc10 'com.xxtouch.XXTExplorer' '<DVTFilePath:0x7fb27167b440:'/Users/darwin/XXTExplorer/Releases/XXTouch.xcarchive/Products/Applications/XXTExplorer-Archive.app'>'> to: /var/folders/hk/rgtz0f5160l5z08fng3z0x_c0000gn/T/XcodeDistPipeline.XQ1/entitlementsmHe45u
2019-07-27 18:59:34 +0000 [MT] Running /usr/bin/codesign '-vvv' '--force' '--sign' '4ECED1B1D5E1A306ABE9AD779B7438DAE42348F9' '--preserve-metadata=identifier,flags' '--entitlements' '/var/folders/hk/rgtz0f5160l5z08fng3z0x_c0000gn/T/XcodeDistPipeline.XQ1/entitlementsmHe45u' '/var/folders/hk/rgtz0f5160l5z08fng3z0x_c0000gn/T/XcodeDistPipeline.XQ1/Root/Payload/XXTExplorer-Archive.app'
2019-07-27 18:59:34 +0000  /var/folders/hk/rgtz0f5160l5z08fng3z0x_c0000gn/T/XcodeDistPipeline.XQ1/Root/Payload/XXTExplorer-Archive.app: replacing existing signature
2019-07-27 18:59:34 +0000  /var/folders/hk/rgtz0f5160l5z08fng3z0x_c0000gn/T/XcodeDistPipeline.XQ1/Root/Payload/XXTExplorer-Archive.app: signed app bundle with Mach-O universal (armv7 arm64) [com.xxtouch.XXTExplorer]
2019-07-27 18:59:34 +0000  
2019-07-27 18:59:34 +0000  
2019-07-27 18:59:34 +0000 [MT] /usr/bin/codesign exited with 0
2019-07-27 18:59:34 +0000  
2019-07-27 18:59:34 +0000  
2019-07-27 18:59:34 +0000 [MT] Processing step: IDEDistributionStreamingZipItemStep
2019-07-27 18:59:34 +0000 [MT] Skipping step: IDEDistributionStreamingZipItemStep because it said so
2019-07-27 18:59:34 +0000 [MT] Processing step: IDEDistributionCreateIPAStep
2019-07-27 18:59:34 +0000 [MT] Running /usr/bin/ditto '-V' '-c' '-k' '--norsrc' '/var/folders/hk/rgtz0f5160l5z08fng3z0x_c0000gn/T/XcodeDistPipeline.XQ1/Root' '/var/folders/hk/rgtz0f5160l5z08fng3z0x_c0000gn/T/XcodeDistPipeline.XQ1/Packages/XXTExplorer-Archive.ipa'
2019-07-27 18:59:34 +0000  >>> Copying /var/folders/hk/rgtz0f5160l5z08fng3z0x_c0000gn/T/XcodeDistPipeline.XQ1/Root 
2019-07-27 18:59:34 +0000  copying file ./Payload/XXTExplorer-Archive.app/_CodeSignature/CodeResources ... 
2019-07-27 18:59:34 +0000  59863 bytes for ./Payload/XXTExplorer-Archive.app/_CodeSignature/CodeResources
copying file ./Payload/XXTExplorer-Archive.app/XXTEMoreTextFieldCell.nib ... 
2019-07-27 18:59:34 +0000  3722 bytes for ./Payload/XXTExplorer-Archive.app/XXTEMoreTextFieldCell.nib
2019-07-27 18:59:34 +0000  copying file ./Payload/XXTExplorer-Archive.app/zh-Hans.lproj/XXTESingleActionView.strings ... 
250 bytes for ./Payload/XXTExplorer-Archive.app/zh-Hans.lproj/XXTESingleActionView.strings
copying file ./Payload/XXTExplorer-Archive.app/zh-Hans.lproj/Localizable.strings ... 
2019-07-27 18:59:34 +0000  35230 bytes for ./Payload/XXTExplorer-Archive.app/zh-Hans.lproj/Localizable.strings
copying file ./Payload/XXTExplorer-Archive.app/zh-Hans.lproj/InfoPlist.strings ... 
2019-07-27 18:59:34 +0000  471 bytes for ./Payload/XXTExplorer-Archive.app/zh-Hans.lproj/InfoPlist.strings
copying file ./Payload/XXTExplorer-Archive.app/zh-Hans.lproj/XXTEBuiltInDefaults.plist ... 
2019-07-27 18:59:34 +0000  3645 bytes for ./Payload/XXTExplorer-Archive.app/zh-Hans.lproj/XXTEBuiltInDefaults.plist
copying file ./Payload/XXTExplorer-Archive.app/zh-Hans.lproj/Meta.strings ... 
2019-07-27 18:59:34 +0000  1045 bytes for ./Payload/XXTExplorer-Archive.app/zh-Hans.lproj/Meta.strings
copying file ./Payload/XXTExplorer-Archive.app/XXTEItemTemplate.lua ... 
188 bytes for ./Payload/XXTExplorer-Archive.app/XXTEItemTemplate.lua
2019-07-27 18:59:34 +0000  copying file ./Payload/XXTExplorer-Archive.app/Settings.Pro.bundle/zh-Hans.lproj/About.strings ... 
257 bytes for ./Payload/XXTExplorer-Archive.app/Settings.Pro.bundle/zh-Hans.lproj/About.strings
2019-07-27 18:59:34 +0000  copying file ./Payload/XXTExplorer-Archive.app/Settings.Pro.bundle/zh-Hans.lproj/Documents.strings ... 
277 bytes for ./Payload/XXTExplorer-Archive.app/Settings.Pro.bundle/zh-Hans.lproj/Documents.strings
copying file ./Payload/XXTExplorer-Archive.app/Settings.Pro.bundle/zh-Hans.lproj/Root.strings ... 
2019-07-27 18:59:34 +0000  129 bytes for ./Payload/XXTExplorer-Archive.app/Settings.Pro.bundle/zh-Hans.lproj/Root.strings
copying file ./Payload/XXTExplorer-Archive.app/Settings.Pro.bundle/res/XXTEAboutIconGroup@3x.png ... 
2019-07-27 18:59:34 +0000  3483 bytes for ./Payload/XXTExplorer-Archive.app/Settings.Pro.bundle/res/XXTEAboutIconGroup@3x.png
copying file ./Payload/XXTExplorer-Archive.app/Settings.Pro.bundle/res/XXTEAboutIconGroup@2x.png ... 
2019-07-27 18:59:34 +0000  2198 bytes for ./Payload/XXTExplorer-Archive.app/Settings.Pro.bundle/res/XXTEAboutIconGroup@2x.png
copying file ./Payload/XXTExplorer-Archive.app/Settings.Pro.bundle/res/XXTEAboutIconRecover@2x.png ... 
2019-07-27 18:59:34 +0000  2543 bytes for ./Payload/XXTExplorer-Archive.app/Settings.Pro.bundle/res/XXTEAboutIconRecover@2x.png
copying file ./Payload/XXTExplorer-Archive.app/Settings.Pro.bundle/res/XXTEAboutIconCopyright@2x.png ... 
2019-07-27 18:59:34 +0000  3431 bytes for ./Payload/XXTExplorer-Archive.app/Settings.Pro.bundle/res/XXTEAboutIconCopyright@2x.png
copying file ./Payload/XXTExplorer-Archive.app/Settings.Pro.bundle/res/XXTEAboutIconCopyright@3x.png ... 
2019-07-27 18:59:34 +0000  5431 bytes for ./Payload/XXTExplorer-Archive.app/Settings.Pro.bundle/res/XXTEAboutIconCopyright@3x.png
copying file ./Payload/XXTExplorer-Archive.app/Settings.Pro.bundle/res/XXTEAboutIconCopyright.png ... 
1366 bytes for ./Payload/XXTExplorer-Archive.app/Settings.Pro.bundle/res/XXTEAboutIconCopyright.png
copying file ./Payload/XXTExplorer-Archive.app/Settings.Pro.bundle/res/XXTEAboutIconUpdate.png ... 
2019-07-27 18:59:34 +0000  1169 bytes for ./Payload/XXTExplorer-Archive.app/Settings.Pro.bundle/res/XXTEAboutIconUpdate.png
copying file ./Payload/XXTExplorer-Archive.app/Settings.Pro.bundle/res/XXTEAboutIconRecover@3x.png ... 
2019-07-27 18:59:34 +0000  4475 bytes for ./Payload/XXTExplorer-Archive.app/Settings.Pro.bundle/res/XXTEAboutIconRecover@3x.png
copying file ./Payload/XXTExplorer-Archive.app/Settings.Pro.bundle/res/XXTEAboutIconHome@3x.png ... 
2019-07-27 18:59:34 +0000  6370 bytes for ./Payload/XXTExplorer-Archive.app/Settings.Pro.bundle/res/XXTEAboutIconHome@3x.png
copying file ./Payload/XXTExplorer-Archive.app/Settings.Pro.bundle/res/XXTEAboutIconRecover.png ... 
2019-07-27 18:59:34 +0000  1101 bytes for ./Payload/XXTExplorer-Archive.app/Settings.Pro.bundle/res/XXTEAboutIconRecover.png
copying file ./Payload/XXTExplorer-Archive.app/Settings.Pro.bundle/res/XXTEAboutIconMail@3x.png ... 
2019-07-27 18:59:34 +0000  3996 bytes for ./Payload/XXTExplorer-Archive.app/Settings.Pro.bundle/res/XXTEAboutIconMail@3x.png
2019-07-27 18:59:34 +0000  copying file ./Payload/XXTExplorer-Archive.app/Settings.Pro.bundle/res/XXTEAboutIconMail.png ... 
1114 bytes for ./Payload/XXTExplorer-Archive.app/Settings.Pro.bundle/res/XXTEAboutIconMail.png
copying file ./Payload/XXTExplorer-Archive.app/Settings.Pro.bundle/res/XXTEAboutIconMail@2x.png ... 
2019-07-27 18:59:34 +0000  2314 bytes for ./Payload/XXTExplorer-Archive.app/Settings.Pro.bundle/res/XXTEAboutIconMail@2x.png
2019-07-27 18:59:34 +0000  copying file ./Payload/XXTExplorer-Archive.app/Settings.Pro.bundle/res/XXTEAboutIconGroup.png ... 
997 bytes for ./Payload/XXTExplorer-Archive.app/Settings.Pro.bundle/res/XXTEAboutIconGroup.png
copying file ./Payload/XXTExplorer-Archive.app/Settings.Pro.bundle/res/XXTEAboutIconHome@2x.png ... 
2019-07-27 18:59:34 +0000  3386 bytes for ./Payload/XXTExplorer-Archive.app/Settings.Pro.bundle/res/XXTEAboutIconHome@2x.png
2019-07-27 18:59:34 +0000  copying file ./Payload/XXTExplorer-Archive.app/Settings.Pro.bundle/res/XXTEAboutIconUpdate@2x.png ... 
2488 bytes for ./Payload/XXTExplorer-Archive.app/Settings.Pro.bundle/res/XXTEAboutIconUpdate@2x.png
2019-07-27 18:59:34 +0000  copying file ./Payload/XXTExplorer-Archive.app/Settings.Pro.bundle/res/XXTEAboutIconHome.png ... 
2019-07-27 18:59:34 +0000  1554 bytes for ./Payload/XXTExplorer-Archive.app/Settings.Pro.bundle/res/XXTEAboutIconHome.png
copying file ./Payload/XXTExplorer-Archive.app/Settings.Pro.bundle/res/XXTEAboutIconUpdate@3x.png ... 
2019-07-27 18:59:34 +0000  3884 bytes for ./Payload/XXTExplorer-Archive.app/Settings.Pro.bundle/res/XXTEAboutIconUpdate@3x.png
copying file ./Payload/XXTExplorer-Archive.app/Settings.Pro.bundle/en.lproj/.gitkeep ... 
2019-07-27 18:59:34 +0000  0 bytes for ./Payload/XXTExplorer-Archive.app/Settings.Pro.bundle/en.lproj/.gitkeep
copying file ./Payload/XXTExplorer-Archive.app/Settings.Pro.bundle/Documents.plist ... 
2019-07-27 18:59:34 +0000  1709 bytes for ./Payload/XXTExplorer-Archive.app/Settings.Pro.bundle/Documents.plist
copying file ./Payload/XXTExplorer-Archive.app/Settings.Pro.bundle/TermsOfService.plist ... 
2019-07-27 18:59:34 +0000  14001 bytes for ./Payload/XXTExplorer-Archive.app/Settings.Pro.bundle/TermsOfService.plist
2019-07-27 18:59:34 +0000  copying file ./Payload/XXTExplorer-Archive.app/Settings.Pro.bundle/3rd/OMGHTTPURLRQ.plist ... 
2019-07-27 18:59:34 +0000  1515 bytes for ./Payload/XXTExplorer-Archive.app/Settings.Pro.bundle/3rd/OMGHTTPURLRQ.plist
copying file ./Payload/XXTExplorer-Archive.app/Settings.Pro.bundle/3rd/MWPhotoBrowser.plist ... 
1537 bytes for ./Payload/XXTExplorer-Archive.app/Settings.Pro.bundle/3rd/MWPhotoBrowser.plist
copying file ./Payload/XXTExplorer-Archive.app/Settings.Pro.bundle/3rd/GCDWebServer.plist ... 
2019-07-27 18:59:34 +0000  1920 bytes for ./Payload/XXTExplorer-Archive.app/Settings.Pro.bundle/3rd/GCDWebServer.plist
copying file ./Payload/XXTExplorer-Archive.app/Settings.Pro.bundle/3rd/Tesseract.plist ... 
2019-07-27 18:59:34 +0000  1000 bytes for ./Payload/XXTExplorer-Archive.app/Settings.Pro.bundle/3rd/Tesseract.plist
copying file ./Payload/XXTExplorer-Archive.app/Settings.Pro.bundle/3rd/SIAlertView.plist ... 
2019-07-27 18:59:34 +0000  1501 bytes for ./Payload/XXTExplorer-Archive.app/Settings.Pro.bundle/3rd/SIAlertView.plist
copying file ./Payload/XXTExplorer-Archive.app/Settings.Pro.bundle/3rd/PromiseKit.plist ... 
2019-07-27 18:59:34 +0000  1515 bytes for ./Payload/XXTExplorer-Archive.app/Settings.Pro.bundle/3rd/PromiseKit.plist
copying file ./Payload/XXTExplorer-Archive.app/Settings.Pro.bundle/3rd/JSONModel.plist ... 
2019-07-27 18:59:34 +0000  1530 bytes for ./Payload/XXTExplorer-Archive.app/Settings.Pro.bundle/3rd/JSONModel.plist
copying file ./Payload/XXTExplorer-Archive.app/Settings.Pro.bundle/3rd/Lua.plist ... 
2019-07-27 18:59:34 +0000  1509 bytes for ./Payload/XXTExplorer-Archive.app/Settings.Pro.bundle/3rd/Lua.plist
2019-07-27 18:59:34 +0000  copying file ./Payload/XXTExplorer-Archive.app/Settings.Pro.bundle/3rd/TOWebViewController.plist ... 
1649 bytes for ./Payload/XXTExplorer-Archive.app/Settings.Pro.bundle/3rd/TOWebViewController.plist
copying file ./Payload/XXTExplorer-Archive.app/Settings.Pro.bundle/3rd/LGAlertView.plist ... 
2019-07-27 18:59:34 +0000  1528 bytes for ./Payload/XXTExplorer-Archive.app/Settings.Pro.bundle/3rd/LGAlertView.plist
2019-07-27 18:59:34 +0000  copying file ./Payload/XXTExplorer-Archive.app/Settings.Pro.bundle/3rd/YYKit.plist ... 
1518 bytes for ./Payload/XXTExplorer-Archive.app/Settings.Pro.bundle/3rd/YYKit.plist
copying file ./Payload/XXTExplorer-Archive.app/Settings.Pro.bundle/3rd/OpenCV.plist ... 
2019-07-27 18:59:34 +0000  1851 bytes for ./Payload/XXTExplorer-Archive.app/Settings.Pro.bundle/3rd/OpenCV.plist
copying file ./Payload/XXTExplorer-Archive.app/Settings.Pro.bundle/3rd/IPAInstallerConsole.plist ... 
2019-07-27 18:59:34 +0000  898 bytes for ./Payload/XXTExplorer-Archive.app/Settings.Pro.bundle/3rd/IPAInstallerConsole.plist
copying file ./Payload/XXTExplorer-Archive.app/Settings.Pro.bundle/3rd.plist ... 
3009 bytes for ./Payload/XXTExplorer-Archive.app/Settings.Pro.bundle/3rd.plist
2019-07-27 18:59:34 +0000  copying file ./Payload/XXTExplorer-Archive.app/Settings.Pro.bundle/Root.plist ... 
1101 bytes for ./Payload/XXTExplorer-Archive.app/Settings.Pro.bundle/Root.plist
copying file ./Payload/XXTExplorer-Archive.app/Settings.Pro.bundle/About.plist ... 
2019-07-27 18:59:34 +0000  3365 bytes for ./Payload/XXTExplorer-Archive.app/Settings.Pro.bundle/About.plist
copying file ./Payload/XXTExplorer-Archive.app/AppIcon20x20@2x.png ... 
2019-07-27 18:59:34 +0000  3593 bytes for ./Payload/XXTExplorer-Archive.app/AppIcon20x20@2x.png
copying file ./Payload/XXTExplorer-Archive.app/Mac Classic.png ... 
2019-07-27 18:59:34 +0000  47718 bytes for ./Payload/XXTExplorer-Archive.app/Mac Classic.png
2019-07-27 18:59:34 +0000  copying file ./Payload/XXTExplorer-Archive.app/Eiffel.png ... 
2019-07-27 18:59:34 +0000  49744 bytes for ./Payload/XXTExplorer-Archive.app/Eiffel.png
2019-07-27 18:59:34 +0000  copying file ./Payload/XXTExplorer-Archive.app/en.lproj/XXTEBuiltInDefaults.plist ... 
2019-07-27 18:59:34 +0000  4049 bytes for ./Payload/XXTExplorer-Archive.app/en.lproj/XXTEBuiltInDefaults.plist
2019-07-27 18:59:34 +0000  copying file ./Payload/XXTExplorer-Archive.app/XXTESymbolCell.nib ... 
2019-07-27 18:59:34 +0000  3883 bytes for ./Payload/XXTExplorer-Archive.app/XXTESymbolCell.nib
2019-07-27 18:59:34 +0000  copying file ./Payload/XXTExplorer-Archive.app/SKLanguage.plist ... 
2019-07-27 18:59:34 +0000  2403 bytes for ./Payload/XXTExplorer-Archive.app/SKLanguage.plist
copying file ./Payload/XXTExplorer-Archive.app/RMCloudProjectDescriptionCell.nib ... 
2019-07-27 18:59:34 +0000  3461 bytes for ./Payload/XXTExplorer-Archive.app/RMCloudProjectDescriptionCell.nib
2019-07-27 18:59:34 +0000  copying file ./Payload/XXTExplorer-Archive.app/SKFont.plist ... 
895 bytes for ./Payload/XXTExplorer-Archive.app/SKFont.plist
copying file ./Payload/XXTExplorer-Archive.app/txt.tmLanguage ... 
2019-07-27 18:59:34 +0000  1672 bytes for ./Payload/XXTExplorer-Archive.app/txt.tmLanguage
copying file ./Payload/XXTExplorer-Archive.app/AppIcon20x20@3x.png ... 
2019-07-27 18:59:34 +0000  6412 bytes for ./Payload/XXTExplorer-Archive.app/AppIcon20x20@3x.png
copying file ./Payload/XXTExplorer-Archive.app/XXTExplorer-Archive ... 
2019-07-27 18:59:34 +0000  7343392 bytes for ./Payload/XXTExplorer-Archive.app/XXTExplorer-Archive
copying file ./Payload/XXTExplorer-Archive.app/XXTEPremiumPreview.pdf ... 
2019-07-27 18:59:34 +0000  47365 bytes for ./Payload/XXTExplorer-Archive.app/XXTEPremiumPreview.pdf
copying file ./Payload/XXTExplorer-Archive.app/RMCloudLinkCell.nib ... 
2019-07-27 18:59:34 +0000  4024 bytes for ./Payload/XXTExplorer-Archive.app/RMCloudLinkCell.nib
copying file ./Payload/XXTExplorer-Archive.app/Eiffel.tmTheme ... 
2019-07-27 18:59:34 +0000  9758 bytes for ./Payload/XXTExplorer-Archive.app/Eiffel.tmTheme
copying file ./Payload/XXTExplorer-Archive.app/RMCloudTrendsCell.nib ... 
2019-07-27 18:59:34 +0000  2234 bytes for ./Payload/XXTExplorer-Archive.app/RMCloudTrendsCell.nib
copying file ./Payload/XXTExplorer-Archive.app/SourceCodePro-BoldIt.otf ... 
2019-07-27 18:59:34 +0000  120672 bytes for ./Payload/XXTExplorer-Archive.app/SourceCodePro-BoldIt.otf
copying file ./Payload/XXTExplorer-Archive.app/AppIcon60x60@2x.png ... 
2019-07-27 18:59:34 +0000  17745 bytes for ./Payload/XXTExplorer-Archive.app/AppIcon60x60@2x.png
copying file ./Payload/XXTExplorer-Archive.app/Oceanic.png ... 
2019-07-27 18:59:34 +0000  101125 bytes for ./Payload/XXTExplorer-Archive.app/Oceanic.png
copying file ./Payload/XXTExplorer-Archive.app/XXTExplorerItemNameCell.nib ... 
2019-07-27 18:59:34 +0000  3758 bytes for ./Payload/XXTExplorer-Archive.app/XXTExplorerItemNameCell.nib
copying file ./Payload/XXTExplorer-Archive.app/AppIcon29x29@2x.png ... 
2019-07-27 18:59:34 +0000  6083 bytes for ./Payload/XXTExplorer-Archive.app/AppIcon29x29@2x.png
copying file ./Payload/XXTExplorer-Archive.app/XXTEMoreTitleValueCell.nib ... 
2019-07-27 18:59:34 +0000  3510 bytes for ./Payload/XXTExplorer-Archive.app/XXTEMoreTitleValueCell.nib
copying file ./Payload/XXTExplorer-Archive.app/AppIcon40x40@3x.png ... 
2019-07-27 18:59:34 +0000  17745 bytes for ./Payload/XXTExplorer-Archive.app/AppIcon40x40@3x.png
copying file ./Payload/XXTExplorer-Archive.app/Oceanic.tmTheme ... 
2019-07-27 18:59:34 +0000  11477 bytes for ./Payload/XXTExplorer-Archive.app/Oceanic.tmTheme
copying file ./Payload/XXTExplorer-Archive.app/lua.tmLanguage ... 
2019-07-27 18:59:34 +0000  12235 bytes for ./Payload/XXTExplorer-Archive.app/lua.tmLanguage
copying file ./Payload/XXTExplorer-Archive.app/AppIcon40x40@2x.png ... 
2019-07-27 18:59:34 +0000  9823 bytes for ./Payload/XXTExplorer-Archive.app/AppIcon40x40@2x.png
copying file ./Payload/XXTExplorer-Archive.app/XXTExplorerViewHomeCell.nib ... 
2019-07-27 18:59:34 +0000  4651 bytes for ./Payload/XXTExplorer-Archive.app/XXTExplorerViewHomeCell.nib
2019-07-27 18:59:34 +0000  copying file ./Payload/XXTExplorer-Archive.app/XXTEEditorTabWidthCell.nib ... 
2019-07-27 18:59:34 +0000  3999 bytes for ./Payload/XXTExplorer-Archive.app/XXTEEditorTabWidthCell.nib
copying file ./Payload/XXTExplorer-Archive.app/XUIAboutCell.nib ... 
4178 bytes for ./Payload/XXTExplorer-Archive.app/XUIAboutCell.nib
2019-07-27 18:59:34 +0000  copying file ./Payload/XXTExplorer-Archive.app/AppIcon29x29@3x.png ... 
2019-07-27 18:59:34 +0000  11164 bytes for ./Payload/XXTExplorer-Archive.app/AppIcon29x29@3x.png
2019-07-27 18:59:34 +0000  copying file ./Payload/XXTExplorer-Archive.app/AppIcon60x60@3x.png ... 
2019-07-27 18:59:34 +0000  27708 bytes for ./Payload/XXTExplorer-Archive.app/AppIcon60x60@3x.png
copying file ./Payload/XXTExplorer-Archive.app/XXTEMoreRemoteSwitchCell.nib ... 
2019-07-27 18:59:34 +0000  4136 bytes for ./Payload/XXTExplorer-Archive.app/XXTEMoreRemoteSwitchCell.nib
2019-07-27 18:59:34 +0000  copying file ./Payload/XXTExplorer-Archive.app/Base.lproj/XXTESingleActionView.nib ... 
2019-07-27 18:59:34 +0000  4296 bytes for ./Payload/XXTExplorer-Archive.app/Base.lproj/XXTESingleActionView.nib
copying file ./Payload/XXTExplorer-Archive.app/Base.lproj/LaunchScreen.storyboardc/OaK-Ga-20o-view-JDO-oQ-hjQ.nib ... 
2019-07-27 18:59:34 +0000  1905 bytes for ./Payload/XXTExplorer-Archive.app/Base.lproj/LaunchScreen.storyboardc/OaK-Ga-20o-view-JDO-oQ-hjQ.nib
copying file ./Payload/XXTExplorer-Archive.app/Base.lproj/LaunchScreen.storyboardc/K6j-B8-KrE-view-sbp-MM-bXR.nib ... 
2019-07-27 18:59:34 +0000  1909 bytes for ./Payload/XXTExplorer-Archive.app/Base.lproj/LaunchScreen.storyboardc/K6j-B8-KrE-view-sbp-MM-bXR.nib
copying file ./Payload/XXTExplorer-Archive.app/Base.lproj/LaunchScreen.storyboardc/UISplitViewController-Wba-cZ-q9A.nib ... 
2019-07-27 18:59:34 +0000  4228 bytes for ./Payload/XXTExplorer-Archive.app/Base.lproj/LaunchScreen.storyboardc/UISplitViewController-Wba-cZ-q9A.nib
2019-07-27 18:59:34 +0000  copying file ./Payload/XXTExplorer-Archive.app/Base.lproj/LaunchScreen.storyboardc/he2-ZT-Rec-view-GZd-FD-I2s.nib ... 
2019-07-27 18:59:34 +0000  1904 bytes for ./Payload/XXTExplorer-Archive.app/Base.lproj/LaunchScreen.storyboardc/he2-ZT-Rec-view-GZd-FD-I2s.nib
copying file ./Payload/XXTExplorer-Archive.app/Base.lproj/LaunchScreen.storyboardc/kQ1-H5-s2i-view-fTe-hu-Env.nib ... 
2019-07-27 18:59:34 +0000  1903 bytes for ./Payload/XXTExplorer-Archive.app/Base.lproj/LaunchScreen.storyboardc/kQ1-H5-s2i-view-fTe-hu-Env.nib
copying file ./Payload/XXTExplorer-Archive.app/Base.lproj/LaunchScreen.storyboardc/Info.plist ... 
2019-07-27 18:59:34 +0000  273 bytes for ./Payload/XXTExplorer-Archive.app/Base.lproj/LaunchScreen.storyboardc/Info.plist
copying file ./Payload/XXTExplorer-Archive.app/archived-expanded-entitlements.xcent ... 
2019-07-27 18:59:34 +0000  664 bytes for ./Payload/XXTExplorer-Archive.app/archived-expanded-entitlements.xcent
copying file ./Payload/XXTExplorer-Archive.app/XXTImagePickerPhotoCell.nib ... 
1284 bytes for ./Payload/XXTExplorer-Archive.app/XXTImagePickerPhotoCell.nib
copying file ./Payload/XXTExplorer-Archive.app/XUIFileCell.nib ... 
2019-07-27 18:59:34 +0000  4544 bytes for ./Payload/XXTExplorer-Archive.app/XUIFileCell.nib
2019-07-27 18:59:34 +0000  copying file ./Payload/XXTExplorer-Archive.app/RMCloudProjectCell.nib ... 
2019-07-27 18:59:34 +0000  4934 bytes for ./Payload/XXTExplorer-Archive.app/RMCloudProjectCell.nib
copying file ./Payload/XXTExplorer-Archive.app/XXTImagePickerAlbumCell.nib ... 
2019-07-27 18:59:34 +0000  2676 bytes for ./Payload/XXTExplorer-Archive.app/XXTImagePickerAlbumCell.nib
2019-07-27 18:59:34 +0000  copying file ./Payload/XXTExplorer-Archive.app/RMCloudExpandableCell.nib ... 
2019-07-27 18:59:34 +0000  4728 bytes for ./Payload/XXTExplorer-Archive.app/RMCloudExpandableCell.nib
copying file ./Payload/XXTExplorer-Archive.app/SourceCodePro-Bold.otf ... 
2019-07-27 18:59:34 +0000  143932 bytes for ./Payload/XXTExplorer-Archive.app/SourceCodePro-Bold.otf
copying file ./Payload/XXTExplorer-Archive.app/XXTEMoreLinkCell.nib ... 
2019-07-27 18:59:34 +0000  3348 bytes for ./Payload/XXTExplorer-Archive.app/XXTEMoreLinkCell.nib
copying file ./Payload/XXTExplorer-Archive.app/Assets.car ... 
2019-07-27 18:59:34 +0000  1490384 bytes for ./Payload/XXTExplorer-Archive.app/Assets.car
copying file ./Payload/XXTExplorer-Archive.app/XXTEMoreAddressCell.nib ... 
2019-07-27 18:59:34 +0000  3569 bytes for ./Payload/XXTExplorer-Archive.app/XXTEMoreAddressCell.nib
copying file ./Payload/XXTExplorer-Archive.app/.gitignore ... 
1627 bytes for ./Payload/XXTExplorer-Archive.app/.gitignore
copying file ./Payload/XXTExplorer-Archive.app/AppIcon40x40@2x~ipad.png ... 
2019-07-27 18:59:34 +0000  9823 bytes for ./Payload/XXTExplorer-Archive.app/AppIcon40x40@2x~ipad.png
copying file ./Payload/XXTExplorer-Archive.app/TOWebViewControllerLocalizable.bundle/zh-Hans.lproj/TOWebViewControllerLocalizable.strings ... 
2019-07-27 18:59:34 +0000  202 bytes for ./Payload/XXTExplorer-Archive.app/TOWebViewControllerLocalizable.bundle/zh-Hans.lproj/TOWebViewControllerLocalizable.strings
copying file ./Payload/XXTExplorer-Archive.app/TOWebViewControllerLocalizable.bundle/en.lproj/TOWebViewControllerLocalizable.strings ... 
192 bytes for ./Payload/XXTExplorer-Archive.app/TOWebViewControllerLocalizable.bundle/en.lproj/TOWebViewControllerLocalizable.strings
copying file ./Payload/XXTExplorer-Archive.app/TOWebViewControllerLocalizable.bundle/Info.plist ... 
2019-07-27 18:59:34 +0000  758 bytes for ./Payload/XXTExplorer-Archive.app/TOWebViewControllerLocalizable.bundle/Info.plist
copying file ./Payload/XXTExplorer-Archive.app/AppIcon76x76@2x~ipad.png ... 
2019-07-27 18:59:34 +0000  23244 bytes for ./Payload/XXTExplorer-Archive.app/AppIcon76x76@2x~ipad.png
copying file ./Payload/XXTExplorer-Archive.app/XXTExplorerViewCell.nib ... 
2019-07-27 18:59:34 +0000  5732 bytes for ./Payload/XXTExplorer-Archive.app/XXTExplorerViewCell.nib
copying file ./Payload/XXTExplorer-Archive.app/SKTheme.plist ... 
2019-07-27 18:59:34 +0000  1230 bytes for ./Payload/XXTExplorer-Archive.app/SKTheme.plist
copying file ./Payload/XXTExplorer-Archive.app/XXTEMoreApplicationCell.nib ... 
2019-07-27 18:59:34 +0000  4387 bytes for ./Payload/XXTExplorer-Archive.app/XXTEMoreApplicationCell.nib
copying file ./Payload/XXTExplorer-Archive.app/XXTEMoreActionCell.nib ... 
2019-07-27 18:59:34 +0000  2786 bytes for ./Payload/XXTExplorer-Archive.app/XXTEMoreActionCell.nib
copying file ./Payload/XXTExplorer-Archive.app/Mac Classic.tmTheme ... 
2019-07-27 18:59:34 +0000  10662 bytes for ./Payload/XXTExplorer-Archive.app/Mac Classic.tmTheme
copying file ./Payload/XXTExplorer-Archive.app/XXTImagePickerController.nib ... 
2019-07-27 18:59:34 +0000  7074 bytes for ./Payload/XXTExplorer-Archive.app/XXTImagePickerController.nib
copying file ./Payload/XXTExplorer-Archive.app/XXTEMoreLicenseCell.nib ... 
2019-07-27 18:59:34 +0000  3685 bytes for ./Payload/XXTExplorer-Archive.app/XXTEMoreLicenseCell.nib
copying file ./Payload/XXTExplorer-Archive.app/AppIcon83.5x83.5@2x~ipad.png ... 
2019-07-27 18:59:34 +0000  25984 bytes for ./Payload/XXTExplorer-Archive.app/AppIcon83.5x83.5@2x~ipad.png
copying file ./Payload/XXTExplorer-Archive.app/LaunchImage-700-568h@2x.png ... 
2019-07-27 18:59:34 +0000  14942 bytes for ./Payload/XXTExplorer-Archive.app/LaunchImage-700-568h@2x.png
copying file ./Payload/XXTExplorer-Archive.app/RMCloudMoreCell.nib ... 
2019-07-27 18:59:34 +0000  2716 bytes for ./Payload/XXTExplorer-Archive.app/RMCloudMoreCell.nib
copying file ./Payload/XXTExplorer-Archive.app/Monokai.tmTheme ... 
2019-07-27 18:59:34 +0000  6473 bytes for ./Payload/XXTExplorer-Archive.app/Monokai.tmTheme
copying file ./Payload/XXTExplorer-Archive.app/XXTEInstallerLoadingView.nib ... 
2019-07-27 18:59:34 +0000  2841 bytes for ./Payload/XXTExplorer-Archive.app/XXTEInstallerLoadingView.nib
copying file ./Payload/XXTExplorer-Archive.app/XXTEMoreValueViewCell.nib ... 
2019-07-27 18:59:34 +0000  3439 bytes for ./Payload/XXTExplorer-Archive.app/XXTEMoreValueViewCell.nib
copying file ./Payload/XXTExplorer-Archive.app/Monokai.png ... 
2019-07-27 18:59:34 +0000  103541 bytes for ./Payload/XXTExplorer-Archive.app/Monokai.png
copying file ./Payload/XXTExplorer-Archive.app/AppIcon29x29@2x~ipad.png ... 
2019-07-27 18:59:34 +0000  6083 bytes for ./Payload/XXTExplorer-Archive.app/AppIcon29x29@2x~ipad.png
copying file ./Payload/XXTExplorer-Archive.app/xml.tmLanguage ... 
2019-07-27 18:59:34 +0000  12870 bytes for ./Payload/XXTExplorer-Archive.app/xml.tmLanguage
2019-07-27 18:59:34 +0000  copying file ./Payload/XXTExplorer-Archive.app/XXTEEditorThemeCell.nib ... 
2019-07-27 18:59:34 +0000  3939 bytes for ./Payload/XXTExplorer-Archive.app/XXTEEditorThemeCell.nib
copying file ./Payload/XXTExplorer-Archive.app/xxte-white-icons.plist ... 
2316 bytes for ./Payload/XXTExplorer-Archive.app/xxte-white-icons.plist
copying file ./Payload/XXTExplorer-Archive.app/XUIAdapter_xui.xuic ... 
2019-07-27 18:59:34 +0000  25444 bytes for ./Payload/XXTExplorer-Archive.app/XUIAdapter_xui.xuic
2019-07-27 18:59:34 +0000  copying file ./Payload/XXTExplorer-Archive.app/MWPhotoBrowser.bundle/UIBarButtonItemArrowLeft.png ... 
240 bytes for ./Payload/XXTExplorer-Archive.app/MWPhotoBrowser.bundle/UIBarButtonItemArrowLeft.png
copying file ./Payload/XXTExplorer-Archive.app/MWPhotoBrowser.bundle/UIBarButtonItemGrid@3x.png ... 
2019-07-27 18:59:34 +0000  172 bytes for ./Payload/XXTExplorer-Archive.app/MWPhotoBrowser.bundle/UIBarButtonItemGrid@3x.png
copying file ./Payload/XXTExplorer-Archive.app/MWPhotoBrowser.bundle/ImageSelectedSmallOn.png ... 
1097 bytes for ./Payload/XXTExplorer-Archive.app/MWPhotoBrowser.bundle/ImageSelectedSmallOn.png
copying file ./Payload/XXTExplorer-Archive.app/MWPhotoBrowser.bundle/UIBarButtonItemGrid.png ... 
2019-07-27 18:59:34 +0000  110 bytes for ./Payload/XXTExplorer-Archive.app/MWPhotoBrowser.bundle/UIBarButtonItemGrid.png
copying file ./Payload/XXTExplorer-Archive.app/MWPhotoBrowser.bundle/UIBarButtonItemGrid@2x.png ... 
141 bytes for ./Payload/XXTExplorer-Archive.app/MWPhotoBrowser.bundle/UIBarButtonItemGrid@2x.png
2019-07-27 18:59:34 +0000  copying file ./Payload/XXTExplorer-Archive.app/MWPhotoBrowser.bundle/VideoOverlay@2x.png ... 
494 bytes for ./Payload/XXTExplorer-Archive.app/MWPhotoBrowser.bundle/VideoOverlay@2x.png
copying file ./Payload/XXTExplorer-Archive.app/MWPhotoBrowser.bundle/ImageSelectedOff.png ... 
2019-07-27 18:59:34 +0000  1255 bytes for ./Payload/XXTExplorer-Archive.app/MWPhotoBrowser.bundle/ImageSelectedOff.png
copying file ./Payload/XXTExplorer-Archive.app/MWPhotoBrowser.bundle/PlayButtonOverlayLargeTap@2x.png ... 
2019-07-27 18:59:34 +0000  4674 bytes for ./Payload/XXTExplorer-Archive.app/MWPhotoBrowser.bundle/PlayButtonOverlayLargeTap@2x.png
copying file ./Payload/XXTExplorer-Archive.app/MWPhotoBrowser.bundle/ImageError@2x.png ... 
2019-07-27 18:59:34 +0000  577 bytes for ./Payload/XXTExplorer-Archive.app/MWPhotoBrowser.bundle/ImageError@2x.png
copying file ./Payload/XXTExplorer-Archive.app/MWPhotoBrowser.bundle/ImageSelectedSmallOff@2x.png ... 
1872 bytes for ./Payload/XXTExplorer-Archive.app/MWPhotoBrowser.bundle/ImageSelectedSmallOff@2x.png
copying file ./Payload/XXTExplorer-Archive.app/MWPhotoBrowser.bundle/ImageSelectedSmallOff@3x.png ... 
2019-07-27 18:59:34 +0000  4006 bytes for ./Payload/XXTExplorer-Archive.app/MWPhotoBrowser.bundle/ImageSelectedSmallOff@3x.png
copying file ./Payload/XXTExplorer-Archive.app/MWPhotoBrowser.bundle/PlayButtonOverlayLargeTap.png ... 
2019-07-27 18:59:34 +0000  2364 bytes for ./Payload/XXTExplorer-Archive.app/MWPhotoBrowser.bundle/PlayButtonOverlayLargeTap.png
copying file ./Payload/XXTExplorer-Archive.app/MWPhotoBrowser.bundle/ImageError@3x.png ... 
2019-07-27 18:59:34 +0000  698 bytes for ./Payload/XXTExplorer-Archive.app/MWPhotoBrowser.bundle/ImageError@3x.png
copying file ./Payload/XXTExplorer-Archive.app/MWPhotoBrowser.bundle/PlayButtonOverlayLargeTap@3x.png ... 
2019-07-27 18:59:34 +0000  7086 bytes for ./Payload/XXTExplorer-Archive.app/MWPhotoBrowser.bundle/PlayButtonOverlayLargeTap@3x.png
copying file ./Payload/XXTExplorer-Archive.app/MWPhotoBrowser.bundle/UIBarButtonItemArrowRight.png ... 
2019-07-27 18:59:34 +0000  239 bytes for ./Payload/XXTExplorer-Archive.app/MWPhotoBrowser.bundle/UIBarButtonItemArrowRight.png
copying file ./Payload/XXTExplorer-Archive.app/MWPhotoBrowser.bundle/VideoOverlay@3x.png ... 
2019-07-27 18:59:34 +0000  696 bytes for ./Payload/XXTExplorer-Archive.app/MWPhotoBrowser.bundle/VideoOverlay@3x.png
copying file ./Payload/XXTExplorer-Archive.app/MWPhotoBrowser.bundle/ImageError.png ... 
246 bytes for ./Payload/XXTExplorer-Archive.app/MWPhotoBrowser.bundle/ImageError.png
2019-07-27 18:59:34 +0000  copying file ./Payload/XXTExplorer-Archive.app/MWPhotoBrowser.bundle/UIBarButtonItemArrowRight@3x.png ... 
527 bytes for ./Payload/XXTExplorer-Archive.app/MWPhotoBrowser.bundle/UIBarButtonItemArrowRight@3x.png
copying file ./Payload/XXTExplorer-Archive.app/MWPhotoBrowser.bundle/ImageSelectedOn.png ... 
2019-07-27 18:59:34 +0000  1399 bytes for ./Payload/XXTExplorer-Archive.app/MWPhotoBrowser.bundle/ImageSelectedOn.png
copying file ./Payload/XXTExplorer-Archive.app/MWPhotoBrowser.bundle/PlayButtonOverlayLarge@2x.png ... 
2019-07-27 18:59:34 +0000  4917 bytes for ./Payload/XXTExplorer-Archive.app/MWPhotoBrowser.bundle/PlayButtonOverlayLarge@2x.png
copying file ./Payload/XXTExplorer-Archive.app/MWPhotoBrowser.bundle/ImageSelectedOff@2x.png ... 
2019-07-27 18:59:34 +0000  3451 bytes for ./Payload/XXTExplorer-Archive.app/MWPhotoBrowser.bundle/ImageSelectedOff@2x.png
copying file ./Payload/XXTExplorer-Archive.app/MWPhotoBrowser.bundle/UIBarButtonItemArrowLeft@2x.png ... 
2019-07-27 18:59:34 +0000  401 bytes for ./Payload/XXTExplorer-Archive.app/MWPhotoBrowser.bundle/UIBarButtonItemArrowLeft@2x.png
copying file ./Payload/XXTExplorer-Archive.app/MWPhotoBrowser.bundle/VideoOverlay.png ... 
297 bytes for ./Payload/XXTExplorer-Archive.app/MWPhotoBrowser.bundle/VideoOverlay.png
2019-07-27 18:59:34 +0000  copying file ./Payload/XXTExplorer-Archive.app/MWPhotoBrowser.bundle/ImageSelectedSmallOff.png ... 
1002 bytes for ./Payload/XXTExplorer-Archive.app/MWPhotoBrowser.bundle/ImageSelectedSmallOff.png
copying file ./Payload/XXTExplorer-Archive.app/MWPhotoBrowser.bundle/UIBarButtonItemArrowLeft@3x.png ... 
2019-07-27 18:59:34 +0000  494 bytes for ./Payload/XXTExplorer-Archive.app/MWPhotoBrowser.bundle/UIBarButtonItemArrowLeft@3x.png
copying file ./Payload/XXTExplorer-Archive.app/MWPhotoBrowser.bundle/ImageSelectedOff@3x.png ... 
2019-07-27 18:59:34 +0000  5690 bytes for ./Payload/XXTExplorer-Archive.app/MWPhotoBrowser.bundle/ImageSelectedOff@3x.png
2019-07-27 18:59:34 +0000  copying file ./Payload/XXTExplorer-Archive.app/MWPhotoBrowser.bundle/PlayButtonOverlayLarge@3x.png ... 
2019-07-27 18:59:34 +0000  7561 bytes for ./Payload/XXTExplorer-Archive.app/MWPhotoBrowser.bundle/PlayButtonOverlayLarge@3x.png
copying file ./Payload/XXTExplorer-Archive.app/MWPhotoBrowser.bundle/UIBarButtonItemArrowRight@2x.png ... 
2019-07-27 18:59:34 +0000  393 bytes for ./Payload/XXTExplorer-Archive.app/MWPhotoBrowser.bundle/UIBarButtonItemArrowRight@2x.png
copying file ./Payload/XXTExplorer-Archive.app/MWPhotoBrowser.bundle/ImageSelectedSmallOn@3x.png ... 
2019-07-27 18:59:34 +0000  4433 bytes for ./Payload/XXTExplorer-Archive.app/MWPhotoBrowser.bundle/ImageSelectedSmallOn@3x.png
copying file ./Payload/XXTExplorer-Archive.app/MWPhotoBrowser.bundle/PlayButtonOverlayLarge.png ... 
2019-07-27 18:59:34 +0000  2466 bytes for ./Payload/XXTExplorer-Archive.app/MWPhotoBrowser.bundle/PlayButtonOverlayLarge.png
2019-07-27 18:59:34 +0000  copying file ./Payload/XXTExplorer-Archive.app/MWPhotoBrowser.bundle/ImageSelectedOn@3x.png ... 
2019-07-27 18:59:34 +0000  5786 bytes for ./Payload/XXTExplorer-Archive.app/MWPhotoBrowser.bundle/ImageSelectedOn@3x.png
copying file ./Payload/XXTExplorer-Archive.app/MWPhotoBrowser.bundle/ImageSelectedOn@2x.png ... 
2019-07-27 18:59:34 +0000  3717 bytes for ./Payload/XXTExplorer-Archive.app/MWPhotoBrowser.bundle/ImageSelectedOn@2x.png
2019-07-27 18:59:34 +0000  copying file ./Payload/XXTExplorer-Archive.app/MWPhotoBrowser.bundle/Info.plist ... 
724 bytes for ./Payload/XXTExplorer-Archive.app/MWPhotoBrowser.bundle/Info.plist
copying file ./Payload/XXTExplorer-Archive.app/MWPhotoBrowser.bundle/ImageSelectedSmallOn@2x.png ... 
2019-07-27 18:59:34 +0000  2182 bytes for ./Payload/XXTExplorer-Archive.app/MWPhotoBrowser.bundle/ImageSelectedSmallOn@2x.png
2019-07-27 18:59:34 +0000  copying file ./Payload/XXTExplorer-Archive.app/XXTEMoreReferences.bundle/styles/default.css ... 
2019-07-27 18:59:34 +0000  1159 bytes for ./Payload/XXTExplorer-Archive.app/XXTEMoreReferences.bundle/styles/default.css
copying file ./Payload/XXTExplorer-Archive.app/XXTEMoreReferences.bundle/scripts/highlight.pack.js ... 
2019-07-27 18:59:34 +0000  47700 bytes for ./Payload/XXTExplorer-Archive.app/XXTEMoreReferences.bundle/scripts/highlight.pack.js
2019-07-27 18:59:34 +0000  copying file ./Payload/XXTExplorer-Archive.app/XXTEMoreReferences.bundle/code.html ... 
532 bytes for ./Payload/XXTExplorer-Archive.app/XXTEMoreReferences.bundle/code.html
2019-07-27 18:59:34 +0000  copying file ./Payload/XXTExplorer-Archive.app/XXTExplorerItemPreviewController.nib ... 
2019-07-27 18:59:34 +0000  3521 bytes for ./Payload/XXTExplorer-Archive.app/XXTExplorerItemPreviewController.nib
copying file ./Payload/XXTExplorer-Archive.app/RMCloudProjectDetailCell.nib ... 
2019-07-27 18:59:34 +0000  6050 bytes for ./Payload/XXTExplorer-Archive.app/RMCloudProjectDetailCell.nib
2019-07-27 18:59:34 +0000  copying file ./Payload/XXTExplorer-Archive.app/embedded.mobileprovision ... 
2019-07-27 18:59:34 +0000  15928 bytes for ./Payload/XXTExplorer-Archive.app/embedded.mobileprovision
2019-07-27 18:59:34 +0000  copying file ./Payload/XXTExplorer-Archive.app/XXTEMoreSwitchCell.nib ... 
2019-07-27 18:59:34 +0000  3821 bytes for ./Payload/XXTExplorer-Archive.app/XXTEMoreSwitchCell.nib
copying file ./Payload/XXTExplorer-Archive.app/XXTELogCell.nib ... 
2019-07-27 18:59:34 +0000  2937 bytes for ./Payload/XXTExplorer-Archive.app/XXTELogCell.nib
2019-07-27 18:59:34 +0000  copying file ./Payload/XXTExplorer-Archive.app/SourceCodePro-It.otf ... 
2019-07-27 18:59:34 +0000  120036 bytes for ./Payload/XXTExplorer-Archive.app/SourceCodePro-It.otf
2019-07-27 18:59:34 +0000  copying file ./Payload/XXTExplorer-Archive.app/json.tmLanguage ... 
6588 bytes for ./Payload/XXTExplorer-Archive.app/json.tmLanguage
2019-07-27 18:59:34 +0000  copying file ./Payload/XXTExplorer-Archive.app/strings.tmLanguage ... 
2503 bytes for ./Payload/XXTExplorer-Archive.app/strings.tmLanguage
copying file ./Payload/XXTExplorer-Archive.app/XXTEMoreTitleDescriptionCell.nib ... 
2019-07-27 18:59:34 +0000  4463 bytes for ./Payload/XXTExplorer-Archive.app/XXTEMoreTitleDescriptionCell.nib
copying file ./Payload/XXTExplorer-Archive.app/AppIcon20x20@2x~ipad.png ... 
2019-07-27 18:59:34 +0000  3593 bytes for ./Payload/XXTExplorer-Archive.app/AppIcon20x20@2x~ipad.png
copying file ./Payload/XXTExplorer-Archive.app/Info.plist ... 
2019-07-27 18:59:34 +0000  3668 bytes for ./Payload/XXTExplorer-Archive.app/Info.plist
copying file ./Payload/XXTExplorer-Archive.app/SourceCodePro-Regular.otf ... 
2019-07-27 18:59:34 +0000  140088 bytes for ./Payload/XXTExplorer-Archive.app/SourceCodePro-Regular.otf
copying file ./Payload/XXTExplorer-Archive.app/RMCloudExpandedCell.nib ... 
2019-07-27 18:59:34 +0000  4717 bytes for ./Payload/XXTExplorer-Archive.app/RMCloudExpandedCell.nib
2019-07-27 18:59:34 +0000  copying file ./Payload/XXTExplorer-Archive.app/XXTApplicationCell.nib ... 
4307 bytes for ./Payload/XXTExplorer-Archive.app/XXTApplicationCell.nib
2019-07-27 18:59:34 +0000  copying file ./Payload/XXTExplorer-Archive.app/PkgInfo ... 
8 bytes for ./Payload/XXTExplorer-Archive.app/PkgInfo
copying file ./Payload/XXTExplorer-Archive.app/D60BDCA4-BE9E-4902-BCC4-4963FDC46503.zip ... 
2019-07-27 18:59:34 +0000  16039 bytes for ./Payload/XXTExplorer-Archive.app/D60BDCA4-BE9E-4902-BCC4-4963FDC46503.zip
copying file ./Payload/XXTExplorer-Archive.app/XUIAnimatedImageCell.nib ... 
2019-07-27 18:59:34 +0000  2203 bytes for ./Payload/XXTExplorer-Archive.app/XUIAnimatedImageCell.nib
copying file ./Payload/XXTExplorer-Archive.app/AppIcon76x76~ipad.png ... 
2019-07-27 18:59:34 +0000  10916 bytes for ./Payload/XXTExplorer-Archive.app/AppIcon76x76~ipad.png
copying file ./Payload/XXTExplorer-Archive.app/XXTEAppDefines.plist ... 
2019-07-27 18:59:34 +0000  2679 bytes for ./Payload/XXTExplorer-Archive.app/XXTEAppDefines.plist
2019-07-27 18:59:34 +0000  
2019-07-27 18:59:34 +0000  2019-07-27 18:59:34 +0000 [MT] /usr/bin/ditto exited with 0

2019-07-27 18:59:34 +0000  
2019-07-27 18:59:34 +0000 [MT] Processing step: IDEDistributionCreateManifestStep
