2017-09-25 03:20:15 +0000  Initial pipeline context: <IDEDistributionProcessingPipelineContext: 0x7ff0c5c96cb0; archive(resolved)='<IDEArchive: 0x7ff0e04ec300>', distributionTask(resolved)='2', distributionMethod(resolved)='<IDEDistributionMethodDevelopmentSigned: 0x7ff0c52dd3a0>', team(resolved)='<IDEProvisioningBasicTeam 0x7ff0d728d530: teamID: GXZ23M5TP2, teamName: Zheng Wu>'>
	Chain (11, self inclusive):
	<IDEDistributionProcessingPipelineContext: 0x7ff0c5c96cb0; archive = '<IDEArchive: 0x7ff0e04ec300>', distributionMethod='<IDEDistributionMethodDevelopmentSigned: 0x7ff0c52dd3a0>', team='<IDEProvisioningBasicTeam 0x7ff0d728d530: teamID: GXZ23M5TP2, teamName: Zheng Wu>'>
	<IDEDistributionProcessingPipelineContext: 0x7ff0e05571f0; archive = '<IDEArchive: 0x7ff0e04ec300>', distributionMethod='<IDEDistributionMethodDevelopmentSigned: 0x7ff0c52dd3a0>', team='<IDEProvisioningBasicTeam 0x7ff0d728d530: teamID: GXZ23M5TP2, teamName: Zheng Wu>'>
	<IDEDistributionContext: 0x7ff0c3d110e0; archive = '<IDEArchive: 0x7ff0e04ec300>', distributionMethod='<IDEDistributionMethodDevelopmentSigned: 0x7ff0c52dd3a0>', team='<IDEProvisioningBasicTeam 0x7ff0d728d530: teamID: GXZ23M5TP2, teamName: Zheng Wu>'>
	<IDEDistributionContext: 0x7ff0dab5d760; archive = '<IDEArchive: 0x7ff0e04ec300>', distributionMethod='<IDEDistributionMethodDevelopmentSigned: 0x7ff0c52dd3a0>', team='<IDEProvisioningBasicTeam 0x7ff0d728d530: teamID: GXZ23M5TP2, teamName: Zheng Wu>'>
	<IDEDistributionContext: 0x7ff0c5cd0740; archive = '<IDEArchive: 0x7ff0e04ec300>', distributionMethod='<IDEDistributionMethodDevelopmentSigned: 0x7ff0c52dd3a0>', team='<IDEProvisioningBasicTeam 0x7ff0d728d530: teamID: GXZ23M5TP2, teamName: Zheng Wu>'>
	<IDEDistributionContext: 0x7ff0c51faa60; archive = '<IDEArchive: 0x7ff0e04ec300>', distributionMethod='<IDEDistributionMethodDevelopmentSigned: 0x7ff0c52dd3a0>', team='<IDEProvisioningBasicTeam 0x7ff0d728d530: teamID: GXZ23M5TP2, teamName: Zheng Wu>'>
	<IDEDistributionContext: 0x7ff0c56bede0; archive = '<IDEArchive: 0x7ff0e04ec300>', distributionMethod='<IDEDistributionMethodDevelopmentSigned: 0x7ff0c52dd3a0>', team='<IDEProvisioningBasicTeam 0x7ff0d728d530: teamID: GXZ23M5TP2, teamName: Zheng Wu>'>
	<IDEDistributionContext: 0x7ff0ddd8e3b0; archive = '<IDEArchive: 0x7ff0e04ec300>', distributionMethod='<IDEDistributionMethodDevelopmentSigned: 0x7ff0c52dd3a0>', team='<IDEProvisioningBasicTeam 0x7ff0d728d530: teamID: GXZ23M5TP2, teamName: Zheng Wu>'>
	<IDEDistributionContext: 0x7ff0c5398720; archive = '<IDEArchive: 0x7ff0e04ec300>', distributionMethod='<IDEDistributionMethodDevelopmentSigned: 0x7ff0c52dd3a0>', team='<IDEProvisioningBasicTeam 0x7ff0d728d530: teamID: GXZ23M5TP2, teamName: Zheng Wu>'>
	<IDEDistributionContext: 0x7ff0c6e0f520; archive = '<IDEArchive: 0x7ff0e04ec300>', distributionMethod='<IDEDistributionMethodDevelopmentSigned: 0x7ff0c52dd3a0>', team='(null)'>
	<IDEDistributionContext: 0x7ff0e21d6ee0; archive = '<IDEArchive: 0x7ff0e04ec300>', distributionMethod='(null)', team='(null)'>
</IDEDistributionProcessingPipelineContext: 0x7ff0c5c96cb0>
2017-09-25 03:20:15 +0000  Processing step: IDEDistributionCreateDestRootStep
2017-09-25 03:20:15 +0000  Processing step: IDEDistributionCopyItemStep
2017-09-25 03:20:15 +0000  Running /usr/bin/ditto '-V' '/Users/darwin/Library/Developer/Xcode/Archives/2017-09-25/XXTExplorer 25-09-2017, 11.18 AM.xcarchive/Products/Applications/XXTExplorer.app' '/var/folders/zv/r5hvg_f97f12wfqk7_sfsnv80000gn/T/XcodeDistPipeline.Cr9/Root/Payload/XXTExplorer.app'
2017-09-25 03:20:15 +0000  >>> Copying /Users/darwin/Library/Developer/Xcode/Archives/2017-09-25/XXTExplorer 25-09-2017, 11.18 AM.xcarchive/Products/Applications/XXTExplorer.app 
2017-09-25 03:20:15 +0000  copying file ./.gitignore ... 
2017-09-25 03:20:15 +0000  2047 bytes for ./.gitignore
2017-09-25 03:20:15 +0000  copying file ./_CodeSignature/CodeResources ... 
2017-09-25 03:20:15 +0000  81614 bytes for ./_CodeSignature/CodeResources
2017-09-25 03:20:15 +0000  copying file ./A.tmTheme ... 
2017-09-25 03:20:15 +0000  13816 bytes for ./A.tmTheme
2017-09-25 03:20:15 +0000  copying file ./AppIcon29x29@2x.png ... 
2017-09-25 03:20:15 +0000  4420 bytes for ./AppIcon29x29@2x.png
copying file ./AppIcon29x29@2x~ipad.png ... 
2017-09-25 03:20:15 +0000  4420 bytes for ./AppIcon29x29@2x~ipad.png
copying file ./AppIcon29x29@3x.png ... 
2017-09-25 03:20:15 +0000  6867 bytes for ./AppIcon29x29@3x.png
copying file ./AppIcon29x29~ipad.png ... 
2017-09-25 03:20:15 +0000  2218 bytes for ./AppIcon29x29~ipad.png
2017-09-25 03:20:15 +0000  copying file ./AppIcon40x40@2x.png ... 
2017-09-25 03:20:15 +0000  5472 bytes for ./AppIcon40x40@2x.png
copying file ./AppIcon40x40@2x~ipad.png ... 
2017-09-25 03:20:15 +0000  5472 bytes for ./AppIcon40x40@2x~ipad.png
2017-09-25 03:20:15 +0000  copying file ./AppIcon40x40@3x.png ... 
2017-09-25 03:20:15 +0000  8128 bytes for ./AppIcon40x40@3x.png
copying file ./AppIcon40x40~ipad.png ... 
2017-09-25 03:20:15 +0000  3072 bytes for ./AppIcon40x40~ipad.png
2017-09-25 03:20:15 +0000  copying file ./AppIcon60x60@2x.png ... 
2017-09-25 03:20:15 +0000  8128 bytes for ./AppIcon60x60@2x.png
2017-09-25 03:20:15 +0000  copying file ./AppIcon60x60@3x.png ... 
2017-09-25 03:20:15 +0000  13023 bytes for ./AppIcon60x60@3x.png
copying file ./AppIcon76x76@2x~ipad.png ... 
2017-09-25 03:20:15 +0000  11683 bytes for ./AppIcon76x76@2x~ipad.png
copying file ./AppIcon76x76~ipad.png ... 
2017-09-25 03:20:15 +0000  5940 bytes for ./AppIcon76x76~ipad.png
copying file ./AppIcon83.5x83.5@2x~ipad.png ... 
2017-09-25 03:20:15 +0000  12999 bytes for ./AppIcon83.5x83.5@2x~ipad.png
copying file ./archived-expanded-entitlements.xcent ... 
2017-09-25 03:20:15 +0000  670 bytes for ./archived-expanded-entitlements.xcent
2017-09-25 03:20:15 +0000  copying file ./Assets.car ... 
2017-09-25 03:20:15 +0000  692328 bytes for ./Assets.car
copying file ./B4FDE60B-30B3-4035-B874-619C896626BE.zip ... 
2017-09-25 03:20:15 +0000  18475 bytes for ./B4FDE60B-30B3-4035-B874-619C896626BE.zip
copying file ./Blackboard.tmTheme ... 
2017-09-25 03:20:15 +0000  8069 bytes for ./Blackboard.tmTheme
copying file ./CamingoCode-Bold.ttf ... 
2017-09-25 03:20:15 +0000  85156 bytes for ./CamingoCode-Bold.ttf
copying file ./CamingoCode-BoldItalic.ttf ... 
2017-09-25 03:20:15 +0000  91804 bytes for ./CamingoCode-BoldItalic.ttf
copying file ./CamingoCode-Italic.ttf ... 
2017-09-25 03:20:15 +0000  91532 bytes for ./CamingoCode-Italic.ttf
copying file ./CamingoCode-Regular.ttf ... 
2017-09-25 03:20:15 +0000  93500 bytes for ./CamingoCode-Regular.ttf
2017-09-25 03:20:15 +0000  copying file ./Ciapre (Black).tmTheme ... 
2017-09-25 03:20:15 +0000  11723 bytes for ./Ciapre (Black).tmTheme
2017-09-25 03:20:15 +0000  copying file ./Ciapre.tmTheme ... 
2017-09-25 03:20:15 +0000  11718 bytes for ./Ciapre.tmTheme
2017-09-25 03:20:15 +0000  copying file ./Cobalt.tmTheme ... 
2017-09-25 03:20:15 +0000  13130 bytes for ./Cobalt.tmTheme
2017-09-25 03:20:15 +0000  copying file ./Dawn.tmTheme ... 
2017-09-25 03:20:15 +0000  9744 bytes for ./Dawn.tmTheme
2017-09-25 03:20:15 +0000  copying file ./Eiffel.tmTheme ... 
2017-09-25 03:20:15 +0000  9758 bytes for ./Eiffel.tmTheme
copying file ./embedded.mobileprovision ... 
2017-09-25 03:20:15 +0000  13837 bytes for ./embedded.mobileprovision
2017-09-25 03:20:15 +0000  copying file ./en.lproj/XXTEBuiltInDefaults.plist ... 
2017-09-25 03:20:15 +0000  2663 bytes for ./en.lproj/XXTEBuiltInDefaults.plist
2017-09-25 03:20:15 +0000  copying file ./en.lproj/XXTPickerCollection.strings ... 
2017-09-25 03:20:15 +0000  42 bytes for ./en.lproj/XXTPickerCollection.strings
2017-09-25 03:20:15 +0000  copying file ./IDLE.tmTheme ... 
2017-09-25 03:20:15 +0000  5084 bytes for ./IDLE.tmTheme
2017-09-25 03:20:15 +0000  copying file ./Info.plist ... 
2017-09-25 03:20:15 +0000  3138 bytes for ./Info.plist
2017-09-25 03:20:15 +0000  copying file ./json.tmLanguage ... 
2017-09-25 03:20:15 +0000  6525 bytes for ./json.tmLanguage
2017-09-25 03:20:15 +0000  copying file ./Kimbie (Dark).tmTheme ... 
2017-09-25 03:20:15 +0000  10885 bytes for ./Kimbie (Dark).tmTheme
copying file ./Kimbie (Light).tmTheme ... 
2017-09-25 03:20:15 +0000  10887 bytes for ./Kimbie (Light).tmTheme
copying file ./LaunchImage-700-568h@2x.png ... 
2017-09-25 03:20:15 +0000  14942 bytes for ./LaunchImage-700-568h@2x.png
2017-09-25 03:20:15 +0000  copying file ./LaunchScreen.storyboardc/01J-lp-oVM-view-Ze5-6b-2t3.nib ... 
2017-09-25 03:20:15 +0000  2442 bytes for ./LaunchScreen.storyboardc/01J-lp-oVM-view-Ze5-6b-2t3.nib
copying file ./LaunchScreen.storyboardc/Info.plist ... 
2017-09-25 03:20:15 +0000  258 bytes for ./LaunchScreen.storyboardc/Info.plist
2017-09-25 03:20:15 +0000  copying file ./LaunchScreen.storyboardc/UIViewController-01J-lp-oVM.nib ... 
2017-09-25 03:20:15 +0000  858 bytes for ./LaunchScreen.storyboardc/UIViewController-01J-lp-oVM.nib
2017-09-25 03:20:15 +0000  copying file ./lua.tmLanguage ... 
2017-09-25 03:20:15 +0000  11374 bytes for ./lua.tmLanguage
2017-09-25 03:20:15 +0000  copying file ./Mac Classic.tmTheme ... 
2017-09-25 03:20:15 +0000  10510 bytes for ./Mac Classic.tmTheme
2017-09-25 03:20:15 +0000  copying file ./Monokai.tmTheme ... 
2017-09-25 03:20:15 +0000  6473 bytes for ./Monokai.tmTheme
copying file ./Nothing.tmTheme ... 
2017-09-25 03:20:15 +0000  9373 bytes for ./Nothing.tmTheme
copying file ./Oceanic (Eighties).tmTheme ... 
2017-09-25 03:20:15 +0000  6826 bytes for ./Oceanic (Eighties).tmTheme
2017-09-25 03:20:15 +0000  copying file ./Oceanic.tmTheme ... 
2017-09-25 03:20:15 +0000  11477 bytes for ./Oceanic.tmTheme
copying file ./OneHalf (Dark).tmTheme ... 
2017-09-25 03:20:15 +0000  14518 bytes for ./OneHalf (Dark).tmTheme
copying file ./OneHalf (Light).tmTheme ... 
2017-09-25 03:20:15 +0000  14521 bytes for ./OneHalf (Light).tmTheme
2017-09-25 03:20:15 +0000  copying file ./PkgInfo ... 
2017-09-25 03:20:15 +0000  8 bytes for ./PkgInfo
copying file ./SKCaptureCollection.h ... 
2017-09-25 03:20:15 +0000  608 bytes for ./SKCaptureCollection.h
copying file ./SKFont.plist ... 
2017-09-25 03:20:15 +0000  117 bytes for ./SKFont.plist
2017-09-25 03:20:15 +0000  copying file ./SKLanguage.plist ... 
2017-09-25 03:20:15 +0000  2004 bytes for ./SKLanguage.plist
copying file ./SKTheme.plist ... 
2017-09-25 03:20:15 +0000  662 bytes for ./SKTheme.plist
copying file ./Solarized (Dark).tmTheme ... 
2017-09-25 03:20:15 +0000  53461 bytes for ./Solarized (Dark).tmTheme
copying file ./Solarized (Light).tmTheme ... 
2017-09-25 03:20:15 +0000  52714 bytes for ./Solarized (Light).tmTheme
2017-09-25 03:20:15 +0000  copying file ./SourceCodePro-Bold.otf ... 
2017-09-25 03:20:15 +0000  143932 bytes for ./SourceCodePro-Bold.otf
2017-09-25 03:20:15 +0000  copying file ./SourceCodePro-BoldIt.otf ... 
2017-09-25 03:20:15 +0000  120672 bytes for ./SourceCodePro-BoldIt.otf
2017-09-25 03:20:15 +0000  copying file ./SourceCodePro-It.otf ... 
2017-09-25 03:20:15 +0000  120036 bytes for ./SourceCodePro-It.otf
2017-09-25 03:20:15 +0000  copying file ./SourceCodePro-Regular.otf ... 
2017-09-25 03:20:15 +0000  140088 bytes for ./SourceCodePro-Regular.otf
2017-09-25 03:20:15 +0000  copying file ./strings.tmLanguage ... 
2017-09-25 03:20:15 +0000  2460 bytes for ./strings.tmLanguage
2017-09-25 03:20:15 +0000  copying file ./Sunburst.tmTheme ... 
2017-09-25 03:20:15 +0000  15235 bytes for ./Sunburst.tmTheme
2017-09-25 03:20:15 +0000  copying file ./Tomorrow Night (Blue).tmTheme ... 
2017-09-25 03:20:15 +0000  4850 bytes for ./Tomorrow Night (Blue).tmTheme
2017-09-25 03:20:15 +0000  copying file ./Tomorrow Night (Bright).tmTheme ... 
2017-09-25 03:20:15 +0000  4826 bytes for ./Tomorrow Night (Bright).tmTheme
2017-09-25 03:20:15 +0000  copying file ./Tomorrow Night (Eighties).tmTheme ... 
2017-09-25 03:20:15 +0000  4795 bytes for ./Tomorrow Night (Eighties).tmTheme
2017-09-25 03:20:15 +0000  copying file ./Tomorrow Night.tmTheme ... 
2017-09-25 03:20:15 +0000  4810 bytes for ./Tomorrow Night.tmTheme
2017-09-25 03:20:15 +0000  copying file ./Tomorrow.tmTheme ... 
2017-09-25 03:20:15 +0000  4784 bytes for ./Tomorrow.tmTheme
2017-09-25 03:20:15 +0000  copying file ./TOWebViewControllerLocalizable.bundle/en.lproj/TOWebViewControllerLocalizable.strings ... 
2017-09-25 03:20:15 +0000  184 bytes for ./TOWebViewControllerLocalizable.bundle/en.lproj/TOWebViewControllerLocalizable.strings
2017-09-25 03:20:15 +0000  copying file ./TOWebViewControllerLocalizable.bundle/Info.plist ... 
2017-09-25 03:20:15 +0000  758 bytes for ./TOWebViewControllerLocalizable.bundle/Info.plist
2017-09-25 03:20:15 +0000  copying file ./TOWebViewControllerLocalizable.bundle/zh-Hans.lproj/TOWebViewControllerLocalizable.strings ... 
2017-09-25 03:20:15 +0000  246 bytes for ./TOWebViewControllerLocalizable.bundle/zh-Hans.lproj/TOWebViewControllerLocalizable.strings
2017-09-25 03:20:15 +0000  copying file ./Twilight.tmTheme ... 
2017-09-25 03:20:15 +0000  12956 bytes for ./Twilight.tmTheme
2017-09-25 03:20:15 +0000  copying file ./XUIAdapter.lua ... 
2017-09-25 03:20:15 +0000  20397 bytes for ./XUIAdapter.lua
2017-09-25 03:20:15 +0000  copying file ./XUICheckboxCell~ipad.nib/objects-8.0+.nib ... 
2017-09-25 03:20:15 +0000  2203 bytes for ./XUICheckboxCell~ipad.nib/objects-8.0+.nib
2017-09-25 03:20:15 +0000  copying file ./XUICheckboxCell~ipad.nib/runtime.nib ... 
2017-09-25 03:20:15 +0000  2201 bytes for ./XUICheckboxCell~ipad.nib/runtime.nib
2017-09-25 03:20:15 +0000  copying file ./XUICheckboxCell~iphone.nib/objects-8.0+.nib ... 
2017-09-25 03:20:15 +0000  2198 bytes for ./XUICheckboxCell~iphone.nib/objects-8.0+.nib
2017-09-25 03:20:15 +0000  copying file ./XUICheckboxCell~iphone.nib/runtime.nib ... 
2017-09-25 03:20:15 +0000  2199 bytes for ./XUICheckboxCell~iphone.nib/runtime.nib
2017-09-25 03:20:15 +0000  copying file ./XUIDateTimeCell~ipad.nib/objects-8.0+.nib ... 
2017-09-25 03:20:15 +0000  1967 bytes for ./XUIDateTimeCell~ipad.nib/objects-8.0+.nib
2017-09-25 03:20:15 +0000  copying file ./XUIDateTimeCell~ipad.nib/runtime.nib ... 
2017-09-25 03:20:15 +0000  1967 bytes for ./XUIDateTimeCell~ipad.nib/runtime.nib
2017-09-25 03:20:15 +0000  copying file ./XUIDateTimeCell~iphone.nib/objects-8.0+.nib ... 
2017-09-25 03:20:15 +0000  1967 bytes for ./XUIDateTimeCell~iphone.nib/objects-8.0+.nib
2017-09-25 03:20:15 +0000  copying file ./XUIDateTimeCell~iphone.nib/runtime.nib ... 
2017-09-25 03:20:15 +0000  1967 bytes for ./XUIDateTimeCell~iphone.nib/runtime.nib
2017-09-25 03:20:15 +0000  copying file ./XUIFileCell~ipad.nib/objects-8.0+.nib ... 
2017-09-25 03:20:15 +0000  4629 bytes for ./XUIFileCell~ipad.nib/objects-8.0+.nib
copying file ./XUIFileCell~ipad.nib/runtime.nib ... 
2017-09-25 03:20:15 +0000  4638 bytes for ./XUIFileCell~ipad.nib/runtime.nib
2017-09-25 03:20:15 +0000  copying file ./XUIFileCell~iphone.nib/objects-8.0+.nib ... 
2017-09-25 03:20:15 +0000  4630 bytes for ./XUIFileCell~iphone.nib/objects-8.0+.nib
copying file ./XUIFileCell~iphone.nib/runtime.nib ... 
2017-09-25 03:20:15 +0000  4637 bytes for ./XUIFileCell~iphone.nib/runtime.nib
2017-09-25 03:20:15 +0000  copying file ./XUIImageCell~ipad.nib/objects-8.0+.nib ... 
2017-09-25 03:20:15 +0000  2051 bytes for ./XUIImageCell~ipad.nib/objects-8.0+.nib
2017-09-25 03:20:15 +0000  copying file ./XUIImageCell~ipad.nib/runtime.nib ... 
2017-09-25 03:20:15 +0000  2051 bytes for ./XUIImageCell~ipad.nib/runtime.nib
2017-09-25 03:20:15 +0000  copying file ./XUIImageCell~iphone.nib/objects-8.0+.nib ... 
2017-09-25 03:20:15 +0000  2051 bytes for ./XUIImageCell~iphone.nib/objects-8.0+.nib
2017-09-25 03:20:15 +0000  copying file ./XUIImageCell~iphone.nib/runtime.nib ... 
2017-09-25 03:20:15 +0000  2051 bytes for ./XUIImageCell~iphone.nib/runtime.nib
2017-09-25 03:20:15 +0000  copying file ./XUIMultipleOptionCell~ipad.nib/objects-8.0+.nib ... 
2017-09-25 03:20:15 +0000  2406 bytes for ./XUIMultipleOptionCell~ipad.nib/objects-8.0+.nib
2017-09-25 03:20:15 +0000  copying file ./XUIMultipleOptionCell~ipad.nib/runtime.nib ... 
2017-09-25 03:20:15 +0000  2406 bytes for ./XUIMultipleOptionCell~ipad.nib/runtime.nib
2017-09-25 03:20:15 +0000  copying file ./XUIMultipleOptionCell~iphone.nib/objects-8.0+.nib ... 
2017-09-25 03:20:15 +0000  2406 bytes for ./XUIMultipleOptionCell~iphone.nib/objects-8.0+.nib
2017-09-25 03:20:15 +0000  copying file ./XUIMultipleOptionCell~iphone.nib/runtime.nib ... 
2017-09-25 03:20:15 +0000  2406 bytes for ./XUIMultipleOptionCell~iphone.nib/runtime.nib
2017-09-25 03:20:15 +0000  copying file ./XUIOptionCell~ipad.nib/objects-8.0+.nib ... 
2017-09-25 03:20:15 +0000  2398 bytes for ./XUIOptionCell~ipad.nib/objects-8.0+.nib
2017-09-25 03:20:15 +0000  copying file ./XUIOptionCell~ipad.nib/runtime.nib ... 
2017-09-25 03:20:15 +0000  2398 bytes for ./XUIOptionCell~ipad.nib/runtime.nib
2017-09-25 03:20:15 +0000  copying file ./XUIOptionCell~iphone.nib/objects-8.0+.nib ... 
2017-09-25 03:20:15 +0000  2398 bytes for ./XUIOptionCell~iphone.nib/objects-8.0+.nib
2017-09-25 03:20:15 +0000  copying file ./XUIOptionCell~iphone.nib/runtime.nib ... 
2017-09-25 03:20:15 +0000  2398 bytes for ./XUIOptionCell~iphone.nib/runtime.nib
2017-09-25 03:20:15 +0000  copying file ./XUIOrderedOptionCell~ipad.nib/objects-8.0+.nib ... 
2017-09-25 03:20:15 +0000  2405 bytes for ./XUIOrderedOptionCell~ipad.nib/objects-8.0+.nib
2017-09-25 03:20:15 +0000  copying file ./XUIOrderedOptionCell~ipad.nib/runtime.nib ... 
2017-09-25 03:20:15 +0000  2405 bytes for ./XUIOrderedOptionCell~ipad.nib/runtime.nib
2017-09-25 03:20:15 +0000  copying file ./XUIOrderedOptionCell~iphone.nib/objects-8.0+.nib ... 
2017-09-25 03:20:15 +0000  2405 bytes for ./XUIOrderedOptionCell~iphone.nib/objects-8.0+.nib
2017-09-25 03:20:15 +0000  copying file ./XUIOrderedOptionCell~iphone.nib/runtime.nib ... 
2017-09-25 03:20:15 +0000  2405 bytes for ./XUIOrderedOptionCell~iphone.nib/runtime.nib
2017-09-25 03:20:15 +0000  copying file ./XUIRadioCell~ipad.nib/objects-8.0+.nib ... 
2017-09-25 03:20:15 +0000  2199 bytes for ./XUIRadioCell~ipad.nib/objects-8.0+.nib
2017-09-25 03:20:15 +0000  copying file ./XUIRadioCell~ipad.nib/runtime.nib ... 
2017-09-25 03:20:15 +0000  2197 bytes for ./XUIRadioCell~ipad.nib/runtime.nib
2017-09-25 03:20:15 +0000  copying file ./XUIRadioCell~iphone.nib/objects-8.0+.nib ... 
2017-09-25 03:20:15 +0000  2196 bytes for ./XUIRadioCell~iphone.nib/objects-8.0+.nib
2017-09-25 03:20:15 +0000  copying file ./XUIRadioCell~iphone.nib/runtime.nib ... 
2017-09-25 03:20:15 +0000  2197 bytes for ./XUIRadioCell~iphone.nib/runtime.nib
2017-09-25 03:20:15 +0000  copying file ./XUISecureTextFieldCell~ipad.nib/objects-8.0+.nib ... 
2017-09-25 03:20:15 +0000  2965 bytes for ./XUISecureTextFieldCell~ipad.nib/objects-8.0+.nib
copying file ./XUISecureTextFieldCell~ipad.nib/runtime.nib ... 
2017-09-25 03:20:15 +0000  2965 bytes for ./XUISecureTextFieldCell~ipad.nib/runtime.nib
2017-09-25 03:20:15 +0000  copying file ./XUISecureTextFieldCell~iphone.nib/objects-8.0+.nib ... 
2017-09-25 03:20:15 +0000  2966 bytes for ./XUISecureTextFieldCell~iphone.nib/objects-8.0+.nib
2017-09-25 03:20:15 +0000  copying file ./XUISecureTextFieldCell~iphone.nib/runtime.nib ... 
2017-09-25 03:20:15 +0000  2966 bytes for ./XUISecureTextFieldCell~iphone.nib/runtime.nib
2017-09-25 03:20:15 +0000  copying file ./XUISegmentCell~ipad.nib/objects-8.0+.nib ... 
2017-09-25 03:20:15 +0000  2715 bytes for ./XUISegmentCell~ipad.nib/objects-8.0+.nib
copying file ./XUISegmentCell~ipad.nib/runtime.nib ... 
2017-09-25 03:20:15 +0000  2712 bytes for ./XUISegmentCell~ipad.nib/runtime.nib
2017-09-25 03:20:15 +0000  copying file ./XUISegmentCell~iphone.nib/objects-8.0+.nib ... 
2017-09-25 03:20:15 +0000  2714 bytes for ./XUISegmentCell~iphone.nib/objects-8.0+.nib
2017-09-25 03:20:15 +0000  copying file ./XUISegmentCell~iphone.nib/runtime.nib ... 
2017-09-25 03:20:15 +0000  2710 bytes for ./XUISegmentCell~iphone.nib/runtime.nib
2017-09-25 03:20:15 +0000  copying file ./XUISliderCell~ipad.nib/objects-8.0+.nib ... 
2017-09-25 03:20:15 +0000  3382 bytes for ./XUISliderCell~ipad.nib/objects-8.0+.nib
2017-09-25 03:20:15 +0000  copying file ./XUISliderCell~ipad.nib/runtime.nib ... 
2017-09-25 03:20:15 +0000  3382 bytes for ./XUISliderCell~ipad.nib/runtime.nib
2017-09-25 03:20:15 +0000  copying file ./XUISliderCell~iphone.nib/objects-8.0+.nib ... 
2017-09-25 03:20:15 +0000  3393 bytes for ./XUISliderCell~iphone.nib/objects-8.0+.nib
2017-09-25 03:20:15 +0000  copying file ./XUISliderCell~iphone.nib/runtime.nib ... 
2017-09-25 03:20:15 +0000  3382 bytes for ./XUISliderCell~iphone.nib/runtime.nib
2017-09-25 03:20:15 +0000  copying file ./XUIStaticTextCell~ipad.nib/objects-8.0+.nib ... 
2017-09-25 03:20:15 +0000  3058 bytes for ./XUIStaticTextCell~ipad.nib/objects-8.0+.nib
2017-09-25 03:20:15 +0000  copying file ./XUIStaticTextCell~ipad.nib/runtime.nib ... 
2017-09-25 03:20:15 +0000  3058 bytes for ./XUIStaticTextCell~ipad.nib/runtime.nib
2017-09-25 03:20:15 +0000  copying file ./XUIStaticTextCell~iphone.nib/objects-8.0+.nib ... 
2017-09-25 03:20:15 +0000  3060 bytes for ./XUIStaticTextCell~iphone.nib/objects-8.0+.nib
2017-09-25 03:20:15 +0000  copying file ./XUIStaticTextCell~iphone.nib/runtime.nib ... 
2017-09-25 03:20:15 +0000  3051 bytes for ./XUIStaticTextCell~iphone.nib/runtime.nib
2017-09-25 03:20:15 +0000  copying file ./XUIStepperCell~ipad.nib/objects-8.0+.nib ... 
2017-09-25 03:20:15 +0000  3073 bytes for ./XUIStepperCell~ipad.nib/objects-8.0+.nib
2017-09-25 03:20:15 +0000  copying file ./XUIStepperCell~ipad.nib/runtime.nib ... 
2017-09-25 03:20:15 +0000  3077 bytes for ./XUIStepperCell~ipad.nib/runtime.nib
2017-09-25 03:20:15 +0000  copying file ./XUIStepperCell~iphone.nib/objects-8.0+.nib ... 
2017-09-25 03:20:15 +0000  3078 bytes for ./XUIStepperCell~iphone.nib/objects-8.0+.nib
2017-09-25 03:20:15 +0000  copying file ./XUIStepperCell~iphone.nib/runtime.nib ... 
2017-09-25 03:20:15 +0000  3075 bytes for ./XUIStepperCell~iphone.nib/runtime.nib
2017-09-25 03:20:15 +0000  copying file ./XUISwitchCell~ipad.nib/objects-8.0+.nib ... 
2017-09-25 03:20:15 +0000  2217 bytes for ./XUISwitchCell~ipad.nib/objects-8.0+.nib
2017-09-25 03:20:15 +0000  copying file ./XUISwitchCell~ipad.nib/runtime.nib ... 
2017-09-25 03:20:15 +0000  2217 bytes for ./XUISwitchCell~ipad.nib/runtime.nib
2017-09-25 03:20:15 +0000  copying file ./XUISwitchCell~iphone.nib/objects-8.0+.nib ... 
2017-09-25 03:20:15 +0000  2217 bytes for ./XUISwitchCell~iphone.nib/objects-8.0+.nib
2017-09-25 03:20:15 +0000  copying file ./XUISwitchCell~iphone.nib/runtime.nib ... 
2017-09-25 03:20:15 +0000  2217 bytes for ./XUISwitchCell~iphone.nib/runtime.nib
2017-09-25 03:20:15 +0000  copying file ./XUITextFieldCell~ipad.nib/objects-8.0+.nib ... 
2017-09-25 03:20:15 +0000  2932 bytes for ./XUITextFieldCell~ipad.nib/objects-8.0+.nib
2017-09-25 03:20:15 +0000  copying file ./XUITextFieldCell~ipad.nib/runtime.nib ... 
2017-09-25 03:20:15 +0000  2930 bytes for ./XUITextFieldCell~ipad.nib/runtime.nib
2017-09-25 03:20:15 +0000  copying file ./XUITextFieldCell~iphone.nib/objects-8.0+.nib ... 
2017-09-25 03:20:15 +0000  2928 bytes for ./XUITextFieldCell~iphone.nib/objects-8.0+.nib
2017-09-25 03:20:15 +0000  copying file ./XUITextFieldCell~iphone.nib/runtime.nib ... 
2017-09-25 03:20:15 +0000  2933 bytes for ./XUITextFieldCell~iphone.nib/runtime.nib
2017-09-25 03:20:15 +0000  copying file ./XUITitleValueCell~ipad.nib/objects-8.0+.nib ... 
2017-09-25 03:20:15 +0000  2470 bytes for ./XUITitleValueCell~ipad.nib/objects-8.0+.nib
2017-09-25 03:20:15 +0000  copying file ./XUITitleValueCell~ipad.nib/runtime.nib ... 
2017-09-25 03:20:15 +0000  2470 bytes for ./XUITitleValueCell~ipad.nib/runtime.nib
2017-09-25 03:20:15 +0000  copying file ./XUITitleValueCell~iphone.nib/objects-8.0+.nib ... 
2017-09-25 03:20:15 +0000  2470 bytes for ./XUITitleValueCell~iphone.nib/objects-8.0+.nib
2017-09-25 03:20:15 +0000  copying file ./XUITitleValueCell~iphone.nib/runtime.nib ... 
2017-09-25 03:20:15 +0000  2470 bytes for ./XUITitleValueCell~iphone.nib/runtime.nib
2017-09-25 03:20:15 +0000  copying file ./XXTApplicationCell~ipad.nib/objects-8.0+.nib ... 
2017-09-25 03:20:15 +0000  4311 bytes for ./XXTApplicationCell~ipad.nib/objects-8.0+.nib
2017-09-25 03:20:15 +0000  copying file ./XXTApplicationCell~ipad.nib/runtime.nib ... 
2017-09-25 03:20:15 +0000  4306 bytes for ./XXTApplicationCell~ipad.nib/runtime.nib
2017-09-25 03:20:15 +0000  copying file ./XXTApplicationCell~iphone.nib/objects-8.0+.nib ... 
2017-09-25 03:20:15 +0000  4304 bytes for ./XXTApplicationCell~iphone.nib/objects-8.0+.nib
copying file ./XXTApplicationCell~iphone.nib/runtime.nib ... 
2017-09-25 03:20:15 +0000  4308 bytes for ./XXTApplicationCell~iphone.nib/runtime.nib
2017-09-25 03:20:15 +0000  copying file ./xxte-white-icons.plist ... 
2017-09-25 03:20:15 +0000  2316 bytes for ./xxte-white-icons.plist
2017-09-25 03:20:15 +0000  copying file ./XXTEAppDefines.plist ... 
2017-09-25 03:20:15 +0000  2511 bytes for ./XXTEAppDefines.plist
2017-09-25 03:20:15 +0000  copying file ./XXTEEditorFontSizeCell~ipad.nib/objects-8.0+.nib ... 
2017-09-25 03:20:15 +0000  3382 bytes for ./XXTEEditorFontSizeCell~ipad.nib/objects-8.0+.nib
2017-09-25 03:20:15 +0000  copying file ./XXTEEditorFontSizeCell~ipad.nib/runtime.nib ... 
2017-09-25 03:20:15 +0000  3380 bytes for ./XXTEEditorFontSizeCell~ipad.nib/runtime.nib
2017-09-25 03:20:15 +0000  copying file ./XXTEEditorFontSizeCell~iphone.nib/objects-8.0+.nib ... 
2017-09-25 03:20:15 +0000  3381 bytes for ./XXTEEditorFontSizeCell~iphone.nib/objects-8.0+.nib
2017-09-25 03:20:15 +0000  copying file ./XXTEEditorFontSizeCell~iphone.nib/runtime.nib ... 
2017-09-25 03:20:15 +0000  3382 bytes for ./XXTEEditorFontSizeCell~iphone.nib/runtime.nib
2017-09-25 03:20:15 +0000  copying file ./XXTEEditorTabWidthCell~ipad.nib/objects-8.0+.nib ... 
2017-09-25 03:20:15 +0000  4020 bytes for ./XXTEEditorTabWidthCell~ipad.nib/objects-8.0+.nib
2017-09-25 03:20:15 +0000  copying file ./XXTEEditorTabWidthCell~ipad.nib/runtime.nib ... 
2017-09-25 03:20:15 +0000  4023 bytes for ./XXTEEditorTabWidthCell~ipad.nib/runtime.nib
2017-09-25 03:20:15 +0000  copying file ./XXTEEditorTabWidthCell~iphone.nib/objects-8.0+.nib ... 
2017-09-25 03:20:15 +0000  4021 bytes for ./XXTEEditorTabWidthCell~iphone.nib/objects-8.0+.nib
2017-09-25 03:20:15 +0000  copying file ./XXTEEditorTabWidthCell~iphone.nib/runtime.nib ... 
2017-09-25 03:20:15 +0000  4017 bytes for ./XXTEEditorTabWidthCell~iphone.nib/runtime.nib
2017-09-25 03:20:15 +0000  copying file ./XXTEEditorThemeCell~ipad.nib/objects-8.0+.nib ... 
2017-09-25 03:20:15 +0000  3017 bytes for ./XXTEEditorThemeCell~ipad.nib/objects-8.0+.nib
2017-09-25 03:20:15 +0000  copying file ./XXTEEditorThemeCell~ipad.nib/runtime.nib ... 
2017-09-25 03:20:15 +0000  3020 bytes for ./XXTEEditorThemeCell~ipad.nib/runtime.nib
2017-09-25 03:20:15 +0000  copying file ./XXTEEditorThemeCell~iphone.nib/objects-8.0+.nib ... 
2017-09-25 03:20:15 +0000  3013 bytes for ./XXTEEditorThemeCell~iphone.nib/objects-8.0+.nib
2017-09-25 03:20:15 +0000  copying file ./XXTEEditorThemeCell~iphone.nib/runtime.nib ... 
2017-09-25 03:20:15 +0000  3013 bytes for ./XXTEEditorThemeCell~iphone.nib/runtime.nib
2017-09-25 03:20:15 +0000  copying file ./XXTEEditorWrapColumnCell~ipad.nib/objects-8.0+.nib ... 
2017-09-25 03:20:15 +0000  4062 bytes for ./XXTEEditorWrapColumnCell~ipad.nib/objects-8.0+.nib
2017-09-25 03:20:15 +0000  copying file ./XXTEEditorWrapColumnCell~ipad.nib/runtime.nib ... 
2017-09-25 03:20:15 +0000  4056 bytes for ./XXTEEditorWrapColumnCell~ipad.nib/runtime.nib
2017-09-25 03:20:15 +0000  copying file ./XXTEEditorWrapColumnCell~iphone.nib/objects-8.0+.nib ... 
2017-09-25 03:20:15 +0000  4054 bytes for ./XXTEEditorWrapColumnCell~iphone.nib/objects-8.0+.nib
2017-09-25 03:20:15 +0000  copying file ./XXTEEditorWrapColumnCell~iphone.nib/runtime.nib ... 
2017-09-25 03:20:15 +0000  4054 bytes for ./XXTEEditorWrapColumnCell~iphone.nib/runtime.nib
2017-09-25 03:20:15 +0000  copying file ./XXTEItemTemplate.lua ... 
2017-09-25 03:20:15 +0000  178 bytes for ./XXTEItemTemplate.lua
2017-09-25 03:20:15 +0000  copying file ./XXTEMoreAboutCell~ipad.nib/objects-8.0+.nib ... 
2017-09-25 03:20:15 +0000  3990 bytes for ./XXTEMoreAboutCell~ipad.nib/objects-8.0+.nib
2017-09-25 03:20:15 +0000  copying file ./XXTEMoreAboutCell~ipad.nib/runtime.nib ... 
2017-09-25 03:20:15 +0000  3996 bytes for ./XXTEMoreAboutCell~ipad.nib/runtime.nib
2017-09-25 03:20:15 +0000  copying file ./XXTEMoreAboutCell~iphone.nib/objects-8.0+.nib ... 
2017-09-25 03:20:15 +0000  3997 bytes for ./XXTEMoreAboutCell~iphone.nib/objects-8.0+.nib
2017-09-25 03:20:15 +0000  copying file ./XXTEMoreAboutCell~iphone.nib/runtime.nib ... 
2017-09-25 03:20:15 +0000  3992 bytes for ./XXTEMoreAboutCell~iphone.nib/runtime.nib
2017-09-25 03:20:15 +0000  copying file ./XXTEMoreActionCell~ipad.nib/objects-8.0+.nib ... 
2017-09-25 03:20:15 +0000  2840 bytes for ./XXTEMoreActionCell~ipad.nib/objects-8.0+.nib
2017-09-25 03:20:15 +0000  copying file ./XXTEMoreActionCell~ipad.nib/runtime.nib ... 
2017-09-25 03:20:15 +0000  2841 bytes for ./XXTEMoreActionCell~ipad.nib/runtime.nib
2017-09-25 03:20:15 +0000  copying file ./XXTEMoreActionCell~iphone.nib/objects-8.0+.nib ... 
2017-09-25 03:20:15 +0000  2843 bytes for ./XXTEMoreActionCell~iphone.nib/objects-8.0+.nib
2017-09-25 03:20:15 +0000  copying file ./XXTEMoreActionCell~iphone.nib/runtime.nib ... 
2017-09-25 03:20:15 +0000  2844 bytes for ./XXTEMoreActionCell~iphone.nib/runtime.nib
2017-09-25 03:20:15 +0000  copying file ./XXTEMoreAddressCell~ipad.nib/objects-8.0+.nib ... 
2017-09-25 03:20:15 +0000  3023 bytes for ./XXTEMoreAddressCell~ipad.nib/objects-8.0+.nib
2017-09-25 03:20:15 +0000  copying file ./XXTEMoreAddressCell~ipad.nib/runtime.nib ... 
2017-09-25 03:20:15 +0000  3025 bytes for ./XXTEMoreAddressCell~ipad.nib/runtime.nib
2017-09-25 03:20:15 +0000  copying file ./XXTEMoreAddressCell~iphone.nib/objects-8.0+.nib ... 
2017-09-25 03:20:15 +0000  3024 bytes for ./XXTEMoreAddressCell~iphone.nib/objects-8.0+.nib
2017-09-25 03:20:15 +0000  copying file ./XXTEMoreAddressCell~iphone.nib/runtime.nib ... 
2017-09-25 03:20:15 +0000  3024 bytes for ./XXTEMoreAddressCell~iphone.nib/runtime.nib
2017-09-25 03:20:15 +0000  copying file ./XXTEMoreApplicationCell~ipad.nib/objects-8.0+.nib ... 
2017-09-25 03:20:15 +0000  4394 bytes for ./XXTEMoreApplicationCell~ipad.nib/objects-8.0+.nib
2017-09-25 03:20:15 +0000  copying file ./XXTEMoreApplicationCell~ipad.nib/runtime.nib ... 
2017-09-25 03:20:15 +0000  4387 bytes for ./XXTEMoreApplicationCell~ipad.nib/runtime.nib
2017-09-25 03:20:15 +0000  copying file ./XXTEMoreApplicationCell~iphone.nib/objects-8.0+.nib ... 
2017-09-25 03:20:15 +0000  4380 bytes for ./XXTEMoreApplicationCell~iphone.nib/objects-8.0+.nib
2017-09-25 03:20:15 +0000  copying file ./XXTEMoreApplicationCell~iphone.nib/runtime.nib ... 
2017-09-25 03:20:15 +0000  4389 bytes for ./XXTEMoreApplicationCell~iphone.nib/runtime.nib
2017-09-25 03:20:15 +0000  copying file ./XXTEMoreLicenseCell~ipad.nib/objects-8.0+.nib ... 
2017-09-25 03:20:15 +0000  3036 bytes for ./XXTEMoreLicenseCell~ipad.nib/objects-8.0+.nib
2017-09-25 03:20:15 +0000  copying file ./XXTEMoreLicenseCell~ipad.nib/runtime.nib ... 
2017-09-25 03:20:15 +0000  3041 bytes for ./XXTEMoreLicenseCell~ipad.nib/runtime.nib
2017-09-25 03:20:15 +0000  copying file ./XXTEMoreLicenseCell~iphone.nib/objects-8.0+.nib ... 
2017-09-25 03:20:15 +0000  3044 bytes for ./XXTEMoreLicenseCell~iphone.nib/objects-8.0+.nib
2017-09-25 03:20:15 +0000  copying file ./XXTEMoreLicenseCell~iphone.nib/runtime.nib ... 
2017-09-25 03:20:15 +0000  3034 bytes for ./XXTEMoreLicenseCell~iphone.nib/runtime.nib
2017-09-25 03:20:15 +0000  copying file ./XXTEMoreLinkCell~ipad.nib/objects-8.0+.nib ... 
2017-09-25 03:20:15 +0000  3306 bytes for ./XXTEMoreLinkCell~ipad.nib/objects-8.0+.nib
2017-09-25 03:20:15 +0000  copying file ./XXTEMoreLinkCell~ipad.nib/runtime.nib ... 
2017-09-25 03:20:15 +0000  3306 bytes for ./XXTEMoreLinkCell~ipad.nib/runtime.nib
2017-09-25 03:20:15 +0000  copying file ./XXTEMoreLinkCell~iphone.nib/objects-8.0+.nib ... 
2017-09-25 03:20:15 +0000  3299 bytes for ./XXTEMoreLinkCell~iphone.nib/objects-8.0+.nib
2017-09-25 03:20:15 +0000  copying file ./XXTEMoreLinkCell~iphone.nib/runtime.nib ... 
2017-09-25 03:20:15 +0000  3299 bytes for ./XXTEMoreLinkCell~iphone.nib/runtime.nib
2017-09-25 03:20:15 +0000  copying file ./XXTEMoreLinkNoIconCell~ipad.nib/objects-8.0+.nib ... 
2017-09-25 03:20:15 +0000  2959 bytes for ./XXTEMoreLinkNoIconCell~ipad.nib/objects-8.0+.nib
2017-09-25 03:20:15 +0000  copying file ./XXTEMoreLinkNoIconCell~ipad.nib/runtime.nib ... 
2017-09-25 03:20:15 +0000  2964 bytes for ./XXTEMoreLinkNoIconCell~ipad.nib/runtime.nib
2017-09-25 03:20:15 +0000  copying file ./XXTEMoreLinkNoIconCell~iphone.nib/objects-8.0+.nib ... 
2017-09-25 03:20:15 +0000  2959 bytes for ./XXTEMoreLinkNoIconCell~iphone.nib/objects-8.0+.nib
2017-09-25 03:20:15 +0000  copying file ./XXTEMoreLinkNoIconCell~iphone.nib/runtime.nib ... 
2017-09-25 03:20:15 +0000  2957 bytes for ./XXTEMoreLinkNoIconCell~iphone.nib/runtime.nib
2017-09-25 03:20:15 +0000  copying file ./XXTEMoreReferences.bundle/code.html ... 
2017-09-25 03:20:15 +0000  532 bytes for ./XXTEMoreReferences.bundle/code.html
2017-09-25 03:20:15 +0000  copying file ./XXTEMoreReferences.bundle/open.html ... 
2017-09-25 03:20:15 +0000  4561 bytes for ./XXTEMoreReferences.bundle/open.html
2017-09-25 03:20:15 +0000  copying file ./XXTEMoreReferences.bundle/scripts/highlight.pack.js ... 
2017-09-25 03:20:15 +0000  46071 bytes for ./XXTEMoreReferences.bundle/scripts/highlight.pack.js
2017-09-25 03:20:15 +0000  copying file ./XXTEMoreReferences.bundle/styles/default.css ... 
2017-09-25 03:20:15 +0000  1159 bytes for ./XXTEMoreReferences.bundle/styles/default.css
2017-09-25 03:20:15 +0000  copying file ./XXTEMoreReferences.bundle/styles/styleMarkdown.css ... 
2017-09-25 03:20:15 +0000  11488 bytes for ./XXTEMoreReferences.bundle/styles/styleMarkdown.css
2017-09-25 03:20:15 +0000  copying file ./XXTEMoreReferences.bundle/tos.html ... 
2017-09-25 03:20:15 +0000  11243 bytes for ./XXTEMoreReferences.bundle/tos.html
2017-09-25 03:20:15 +0000  copying file ./XXTEMoreRemoteSwitchCell~ipad.nib/objects-8.0+.nib ... 
2017-09-25 03:20:15 +0000  4035 bytes for ./XXTEMoreRemoteSwitchCell~ipad.nib/objects-8.0+.nib
2017-09-25 03:20:15 +0000  copying file ./XXTEMoreRemoteSwitchCell~ipad.nib/runtime.nib ... 
2017-09-25 03:20:15 +0000  4041 bytes for ./XXTEMoreRemoteSwitchCell~ipad.nib/runtime.nib
2017-09-25 03:20:15 +0000  copying file ./XXTEMoreRemoteSwitchCell~iphone.nib/objects-8.0+.nib ... 
2017-09-25 03:20:15 +0000  4036 bytes for ./XXTEMoreRemoteSwitchCell~iphone.nib/objects-8.0+.nib
2017-09-25 03:20:15 +0000  copying file ./XXTEMoreRemoteSwitchCell~iphone.nib/runtime.nib ... 
2017-09-25 03:20:15 +0000  4036 bytes for ./XXTEMoreRemoteSwitchCell~iphone.nib/runtime.nib
2017-09-25 03:20:15 +0000  copying file ./XXTEMoreSwitchCell~ipad.nib/objects-8.0+.nib ... 
2017-09-25 03:20:15 +0000  3773 bytes for ./XXTEMoreSwitchCell~ipad.nib/objects-8.0+.nib
2017-09-25 03:20:15 +0000  copying file ./XXTEMoreSwitchCell~ipad.nib/runtime.nib ... 
2017-09-25 03:20:15 +0000  3776 bytes for ./XXTEMoreSwitchCell~ipad.nib/runtime.nib
2017-09-25 03:20:15 +0000  copying file ./XXTEMoreSwitchCell~iphone.nib/objects-8.0+.nib ... 
2017-09-25 03:20:15 +0000  3774 bytes for ./XXTEMoreSwitchCell~iphone.nib/objects-8.0+.nib
2017-09-25 03:20:15 +0000  copying file ./XXTEMoreSwitchCell~iphone.nib/runtime.nib ... 
2017-09-25 03:20:15 +0000  3776 bytes for ./XXTEMoreSwitchCell~iphone.nib/runtime.nib
2017-09-25 03:20:15 +0000  copying file ./XXTEMoreSwitchNoIconCell~ipad.nib/objects-8.0+.nib ... 
2017-09-25 03:20:15 +0000  3327 bytes for ./XXTEMoreSwitchNoIconCell~ipad.nib/objects-8.0+.nib
copying file ./XXTEMoreSwitchNoIconCell~ipad.nib/runtime.nib ... 
2017-09-25 03:20:15 +0000  3327 bytes for ./XXTEMoreSwitchNoIconCell~ipad.nib/runtime.nib
2017-09-25 03:20:15 +0000  copying file ./XXTEMoreSwitchNoIconCell~iphone.nib/objects-8.0+.nib ... 
2017-09-25 03:20:15 +0000  3331 bytes for ./XXTEMoreSwitchNoIconCell~iphone.nib/objects-8.0+.nib
2017-09-25 03:20:15 +0000  copying file ./XXTEMoreSwitchNoIconCell~iphone.nib/runtime.nib ... 
2017-09-25 03:20:15 +0000  3329 bytes for ./XXTEMoreSwitchNoIconCell~iphone.nib/runtime.nib
2017-09-25 03:20:15 +0000  copying file ./XXTEMoreTitleDescriptionCell~ipad.nib/objects-8.0+.nib ... 
2017-09-25 03:20:15 +0000  3645 bytes for ./XXTEMoreTitleDescriptionCell~ipad.nib/objects-8.0+.nib
2017-09-25 03:20:15 +0000  copying file ./XXTEMoreTitleDescriptionCell~ipad.nib/runtime.nib ... 
2017-09-25 03:20:15 +0000  3642 bytes for ./XXTEMoreTitleDescriptionCell~ipad.nib/runtime.nib
2017-09-25 03:20:15 +0000  copying file ./XXTEMoreTitleDescriptionCell~iphone.nib/objects-8.0+.nib ... 
2017-09-25 03:20:15 +0000  3637 bytes for ./XXTEMoreTitleDescriptionCell~iphone.nib/objects-8.0+.nib
copying file ./XXTEMoreTitleDescriptionCell~iphone.nib/runtime.nib ... 
2017-09-25 03:20:15 +0000  3636 bytes for ./XXTEMoreTitleDescriptionCell~iphone.nib/runtime.nib
2017-09-25 03:20:15 +0000  copying file ./XXTEMoreTitleDescriptionValueCell~ipad.nib/objects-8.0+.nib ... 
2017-09-25 03:20:15 +0000  4205 bytes for ./XXTEMoreTitleDescriptionValueCell~ipad.nib/objects-8.0+.nib
2017-09-25 03:20:15 +0000  copying file ./XXTEMoreTitleDescriptionValueCell~ipad.nib/runtime.nib ... 
2017-09-25 03:20:15 +0000  4211 bytes for ./XXTEMoreTitleDescriptionValueCell~ipad.nib/runtime.nib
2017-09-25 03:20:15 +0000  copying file ./XXTEMoreTitleDescriptionValueCell~iphone.nib/objects-8.0+.nib ... 
2017-09-25 03:20:15 +0000  4207 bytes for ./XXTEMoreTitleDescriptionValueCell~iphone.nib/objects-8.0+.nib
2017-09-25 03:20:15 +0000  copying file ./XXTEMoreTitleDescriptionValueCell~iphone.nib/runtime.nib ... 
2017-09-25 03:20:15 +0000  4211 bytes for ./XXTEMoreTitleDescriptionValueCell~iphone.nib/runtime.nib
2017-09-25 03:20:15 +0000  copying file ./XXTEMoreTitleValueCell~ipad.nib/objects-8.0+.nib ... 
2017-09-25 03:20:15 +0000  3584 bytes for ./XXTEMoreTitleValueCell~ipad.nib/objects-8.0+.nib
2017-09-25 03:20:15 +0000  copying file ./XXTEMoreTitleValueCell~ipad.nib/runtime.nib ... 
2017-09-25 03:20:15 +0000  3588 bytes for ./XXTEMoreTitleValueCell~ipad.nib/runtime.nib
2017-09-25 03:20:15 +0000  copying file ./XXTEMoreTitleValueCell~iphone.nib/objects-8.0+.nib ... 
2017-09-25 03:20:15 +0000  3589 bytes for ./XXTEMoreTitleValueCell~iphone.nib/objects-8.0+.nib
2017-09-25 03:20:15 +0000  copying file ./XXTEMoreTitleValueCell~iphone.nib/runtime.nib ... 
2017-09-25 03:20:15 +0000  3590 bytes for ./XXTEMoreTitleValueCell~iphone.nib/runtime.nib
2017-09-25 03:20:15 +0000  copying file ./XXTEPremiumPreview.pdf ... 
2017-09-25 03:20:15 +0000  47365 bytes for ./XXTEPremiumPreview.pdf
2017-09-25 03:20:15 +0000  copying file ./XXTExplorer ... 
2017-09-25 03:20:15 +0000  5139760 bytes for ./XXTExplorer
2017-09-25 03:20:15 +0000  copying file ./XXTExplorerItemNameCell~ipad.nib/objects-8.0+.nib ... 
3061 bytes for ./XXTExplorerItemNameCell~ipad.nib/objects-8.0+.nib
copying file ./XXTExplorerItemNameCell~ipad.nib/runtime.nib ... 
3059 bytes for ./XXTExplorerItemNameCell~ipad.nib/runtime.nib
copying file ./XXTExplorerItemNameCell~iphone.nib/objects-8.0+.nib ... 
3057 bytes for ./XXTExplorerItemNameCell~iphone.nib/objects-8.0+.nib
copying file ./XXTExplorerItemNameCell~iphone.nib/runtime.nib ... 
2017-09-25 03:20:15 +0000  3057 bytes for ./XXTExplorerItemNameCell~iphone.nib/runtime.nib
2017-09-25 03:20:15 +0000  copying file ./XXTExplorerViewCell~ipad.nib/objects-8.0+.nib ... 
2017-09-25 03:20:15 +0000  5130 bytes for ./XXTExplorerViewCell~ipad.nib/objects-8.0+.nib
copying file ./XXTExplorerViewCell~ipad.nib/runtime.nib ... 
2017-09-25 03:20:15 +0000  5133 bytes for ./XXTExplorerViewCell~ipad.nib/runtime.nib
2017-09-25 03:20:15 +0000  copying file ./XXTExplorerViewCell~iphone.nib/objects-8.0+.nib ... 
2017-09-25 03:20:15 +0000  5131 bytes for ./XXTExplorerViewCell~iphone.nib/objects-8.0+.nib
copying file ./XXTExplorerViewCell~iphone.nib/runtime.nib ... 
2017-09-25 03:20:15 +0000  5129 bytes for ./XXTExplorerViewCell~iphone.nib/runtime.nib
2017-09-25 03:20:15 +0000  copying file ./XXTExplorerViewHomeCell~ipad.nib/objects-8.0+.nib ... 
2017-09-25 03:20:15 +0000  4695 bytes for ./XXTExplorerViewHomeCell~ipad.nib/objects-8.0+.nib
copying file ./XXTExplorerViewHomeCell~ipad.nib/runtime.nib ... 
2017-09-25 03:20:15 +0000  4698 bytes for ./XXTExplorerViewHomeCell~ipad.nib/runtime.nib
2017-09-25 03:20:15 +0000  copying file ./XXTExplorerViewHomeCell~iphone.nib/objects-8.0+.nib ... 
2017-09-25 03:20:15 +0000  4699 bytes for ./XXTExplorerViewHomeCell~iphone.nib/objects-8.0+.nib
copying file ./XXTExplorerViewHomeCell~iphone.nib/runtime.nib ... 
2017-09-25 03:20:15 +0000  4698 bytes for ./XXTExplorerViewHomeCell~iphone.nib/runtime.nib
2017-09-25 03:20:15 +0000  copying file ./XXTImagePickerAlbumCell.nib ... 
2017-09-25 03:20:15 +0000  2621 bytes for ./XXTImagePickerAlbumCell.nib
copying file ./XXTImagePickerController.nib ... 
2017-09-25 03:20:15 +0000  5840 bytes for ./XXTImagePickerController.nib
2017-09-25 03:20:15 +0000  copying file ./XXTImagePickerPhotoCell.nib/objects-8.0+.nib ... 
2017-09-25 03:20:15 +0000  1284 bytes for ./XXTImagePickerPhotoCell.nib/objects-8.0+.nib
2017-09-25 03:20:15 +0000  copying file ./XXTImagePickerPhotoCell.nib/runtime.nib ... 
2017-09-25 03:20:15 +0000  1287 bytes for ./XXTImagePickerPhotoCell.nib/runtime.nib
2017-09-25 03:20:15 +0000  copying file ./zh-Hans.lproj/InfoPlist.strings ... 
2017-09-25 03:20:15 +0000  409 bytes for ./zh-Hans.lproj/InfoPlist.strings
2017-09-25 03:20:15 +0000  copying file ./zh-Hans.lproj/Localizable.strings ... 
2017-09-25 03:20:15 +0000  19946 bytes for ./zh-Hans.lproj/Localizable.strings
copying file ./zh-Hans.lproj/Meta.strings ... 
2017-09-25 03:20:15 +0000  1005 bytes for ./zh-Hans.lproj/Meta.strings
copying file ./zh-Hans.lproj/XXTEBuiltInDefaults.plist ... 
2017-09-25 03:20:15 +0000  2483 bytes for ./zh-Hans.lproj/XXTEBuiltInDefaults.plist
2017-09-25 03:20:15 +0000  copying file ./zh-Hans.lproj/XXTPickerCollection.strings ... 
2017-09-25 03:20:15 +0000  2647 bytes for ./zh-Hans.lproj/XXTPickerCollection.strings
2017-09-25 03:20:15 +0000  /usr/bin/ditto exited with 0
2017-09-25 03:20:15 +0000  Processing step: IDEDistributionEmbedProfileStep
2017-09-25 03:20:15 +0000  Processing step: IDEDistributionAppThinningPlistStep
2017-09-25 03:20:15 +0000  Skipping step: IDEDistributionAppThinningPlistStep because it said so
2017-09-25 03:20:15 +0000  Processing step: IDEDistributionCompileBitcodeStep
2017-09-25 03:20:15 +0000  Skipping step: IDEDistributionCompileBitcodeStep because it said so
2017-09-25 03:20:15 +0000  Processing step: IDEDistributionCodeSlimmingStep
2017-09-25 03:20:15 +0000  Processing step: IDEDistributionCopyBCSymbolMapsStep
2017-09-25 03:20:15 +0000  Skipping step: IDEDistributionCopyBCSymbolMapsStep because it said so
2017-09-25 03:20:15 +0000  Processing step: IDEDistributionSymbolsStep
2017-09-25 03:20:15 +0000  Skipping step: IDEDistributionSymbolsStep because it said so
2017-09-25 03:20:15 +0000  Processing step: IDEDistributionAppThinningStep
2017-09-25 03:20:15 +0000  Skipping step: IDEDistributionAppThinningStep because it said so
2017-09-25 03:20:15 +0000  Processing step: IDEDistributionODRStep
2017-09-25 03:20:15 +0000  Processing step: IDEDistributionStripXattrsStep
2017-09-25 03:20:15 +0000  Running /usr/bin/xattr '-cr' '/var/folders/zv/r5hvg_f97f12wfqk7_sfsnv80000gn/T/XcodeDistPipeline.Cr9/Root/Payload/XXTExplorer.app'
2017-09-25 03:20:15 +0000  /usr/bin/xattr exited with 0
2017-09-25 03:20:15 +0000  Processing step: IDEDistributionCodesignStep
2017-09-25 03:20:15 +0000  Applying entitlements delta for <IDEDistributionItem: 0x7ff0d7266490 'com.darwindev.XXTExplorer' '<DVTFilePath:0x7ff0c59de490:'/Users/darwin/Library/Developer/Xcode/Archives/2017-09-25/XXTExplorer 25-09-2017, 11.18 AM.xcarchive/Products/Applications/XXTExplorer.app'>'> from <IDEiCloudEntitlementsProcessor: 0x7ff0c53de550>: {
    "com.apple.developer.icloud-container-environment" = Production;
}
2017-09-25 03:20:15 +0000  Entitlements for <IDEDistributionItem: 0x7ff0d7266490 'com.darwindev.XXTExplorer' '<DVTFilePath:0x7ff0c59de490:'/Users/darwin/Library/Developer/Xcode/Archives/2017-09-25/XXTExplorer 25-09-2017, 11.18 AM.xcarchive/Products/Applications/XXTExplorer.app'>'>: {
    "application-identifier" = "GXZ23M5TP2.com.darwindev.XXTExplorer";
    "com.apple.developer.icloud-container-environment" = Production;
    "com.apple.developer.icloud-container-identifiers" =     (
        "iCloud.com.darwindev.XXTExplorer"
    );
    "com.apple.developer.icloud-services" =     (
        CloudDocuments
    );
    "com.apple.developer.team-identifier" = GXZ23M5TP2;
    "com.apple.developer.ubiquity-container-identifiers" =     (
        "iCloud.com.darwindev.XXTExplorer"
    );
    "com.apple.developer.ubiquity-kvstore-identifier" = "GXZ23M5TP2.com.darwindev.XXTExplorer";
    "get-task-allow" = 1;
}
2017-09-25 03:20:15 +0000  Writing entitlements for <IDEDistributionItem: 0x7ff0d7266490 'com.darwindev.XXTExplorer' '<DVTFilePath:0x7ff0c59de490:'/Users/darwin/Library/Developer/Xcode/Archives/2017-09-25/XXTExplorer 25-09-2017, 11.18 AM.xcarchive/Products/Applications/XXTExplorer.app'>'> to: /var/folders/zv/r5hvg_f97f12wfqk7_sfsnv80000gn/T/XcodeDistPipeline.Cr9/entitlements9zdwyM
2017-09-25 03:20:15 +0000  Running /usr/bin/codesign '-vvv' '--force' '--sign' '442D168FEFB694221B2AE5104573045049CE86AA' '--preserve-metadata=identifier,flags' '--entitlements' '/var/folders/zv/r5hvg_f97f12wfqk7_sfsnv80000gn/T/XcodeDistPipeline.Cr9/entitlements9zdwyM' '/var/folders/zv/r5hvg_f97f12wfqk7_sfsnv80000gn/T/XcodeDistPipeline.Cr9/Root/Payload/XXTExplorer.app'
2017-09-25 03:20:15 +0000  /var/folders/zv/r5hvg_f97f12wfqk7_sfsnv80000gn/T/XcodeDistPipeline.Cr9/Root/Payload/XXTExplorer.app: replacing existing signature
2017-09-25 03:20:15 +0000  /var/folders/zv/r5hvg_f97f12wfqk7_sfsnv80000gn/T/XcodeDistPipeline.Cr9/Root/Payload/XXTExplorer.app: signed app bundle with Mach-O universal (armv7 arm64) [com.darwindev.XXTExplorer]
2017-09-25 03:20:15 +0000  /usr/bin/codesign exited with 0
2017-09-25 03:20:15 +0000  Processing step: IDEDistributionStreamingZipItemStep
2017-09-25 03:20:15 +0000  Skipping step: IDEDistributionStreamingZipItemStep because it said so
2017-09-25 03:20:15 +0000  Processing step: IDEDistributionCreateIPAStep
2017-09-25 03:20:15 +0000  Running /usr/bin/ditto '-V' '-c' '-k' '--norsrc' '/var/folders/zv/r5hvg_f97f12wfqk7_sfsnv80000gn/T/XcodeDistPipeline.Cr9/Root' '/var/folders/zv/r5hvg_f97f12wfqk7_sfsnv80000gn/T/XcodeDistPipeline.Cr9/Packages/XXTExplorer.ipa'
2017-09-25 03:20:15 +0000  >>> Copying /var/folders/zv/r5hvg_f97f12wfqk7_sfsnv80000gn/T/XcodeDistPipeline.Cr9/Root 
2017-09-25 03:20:15 +0000  copying file ./Payload/XXTExplorer.app/.gitignore ... 
2017-09-25 03:20:15 +0000  2047 bytes for ./Payload/XXTExplorer.app/.gitignore
2017-09-25 03:20:15 +0000  copying file ./Payload/XXTExplorer.app/_CodeSignature/CodeResources ... 
2017-09-25 03:20:15 +0000  81614 bytes for ./Payload/XXTExplorer.app/_CodeSignature/CodeResources
2017-09-25 03:20:15 +0000  copying file ./Payload/XXTExplorer.app/A.tmTheme ... 
2017-09-25 03:20:15 +0000  13816 bytes for ./Payload/XXTExplorer.app/A.tmTheme
copying file ./Payload/XXTExplorer.app/AppIcon29x29@2x.png ... 
2017-09-25 03:20:15 +0000  4420 bytes for ./Payload/XXTExplorer.app/AppIcon29x29@2x.png
copying file ./Payload/XXTExplorer.app/AppIcon29x29@2x~ipad.png ... 
2017-09-25 03:20:15 +0000  4420 bytes for ./Payload/XXTExplorer.app/AppIcon29x29@2x~ipad.png
copying file ./Payload/XXTExplorer.app/AppIcon29x29@3x.png ... 
2017-09-25 03:20:15 +0000  6867 bytes for ./Payload/XXTExplorer.app/AppIcon29x29@3x.png
copying file ./Payload/XXTExplorer.app/AppIcon29x29~ipad.png ... 
2017-09-25 03:20:15 +0000  2218 bytes for ./Payload/XXTExplorer.app/AppIcon29x29~ipad.png
copying file ./Payload/XXTExplorer.app/AppIcon40x40@2x.png ... 
2017-09-25 03:20:15 +0000  5472 bytes for ./Payload/XXTExplorer.app/AppIcon40x40@2x.png
copying file ./Payload/XXTExplorer.app/AppIcon40x40@2x~ipad.png ... 
2017-09-25 03:20:15 +0000  5472 bytes for ./Payload/XXTExplorer.app/AppIcon40x40@2x~ipad.png
copying file ./Payload/XXTExplorer.app/AppIcon40x40@3x.png ... 
2017-09-25 03:20:15 +0000  8128 bytes for ./Payload/XXTExplorer.app/AppIcon40x40@3x.png
copying file ./Payload/XXTExplorer.app/AppIcon40x40~ipad.png ... 
2017-09-25 03:20:15 +0000  3072 bytes for ./Payload/XXTExplorer.app/AppIcon40x40~ipad.png
copying file ./Payload/XXTExplorer.app/AppIcon60x60@2x.png ... 
2017-09-25 03:20:15 +0000  8128 bytes for ./Payload/XXTExplorer.app/AppIcon60x60@2x.png
copying file ./Payload/XXTExplorer.app/AppIcon60x60@3x.png ... 
2017-09-25 03:20:15 +0000  13023 bytes for ./Payload/XXTExplorer.app/AppIcon60x60@3x.png
copying file ./Payload/XXTExplorer.app/AppIcon76x76@2x~ipad.png ... 
2017-09-25 03:20:15 +0000  11683 bytes for ./Payload/XXTExplorer.app/AppIcon76x76@2x~ipad.png
copying file ./Payload/XXTExplorer.app/AppIcon76x76~ipad.png ... 
2017-09-25 03:20:15 +0000  5940 bytes for ./Payload/XXTExplorer.app/AppIcon76x76~ipad.png
copying file ./Payload/XXTExplorer.app/AppIcon83.5x83.5@2x~ipad.png ... 
2017-09-25 03:20:15 +0000  12999 bytes for ./Payload/XXTExplorer.app/AppIcon83.5x83.5@2x~ipad.png
copying file ./Payload/XXTExplorer.app/archived-expanded-entitlements.xcent ... 
2017-09-25 03:20:15 +0000  670 bytes for ./Payload/XXTExplorer.app/archived-expanded-entitlements.xcent
copying file ./Payload/XXTExplorer.app/Assets.car ... 
2017-09-25 03:20:15 +0000  692328 bytes for ./Payload/XXTExplorer.app/Assets.car
copying file ./Payload/XXTExplorer.app/B4FDE60B-30B3-4035-B874-619C896626BE.zip ... 
2017-09-25 03:20:15 +0000  18475 bytes for ./Payload/XXTExplorer.app/B4FDE60B-30B3-4035-B874-619C896626BE.zip
2017-09-25 03:20:15 +0000  copying file ./Payload/XXTExplorer.app/Blackboard.tmTheme ... 
2017-09-25 03:20:15 +0000  8069 bytes for ./Payload/XXTExplorer.app/Blackboard.tmTheme
copying file ./Payload/XXTExplorer.app/CamingoCode-Bold.ttf ... 
2017-09-25 03:20:15 +0000  85156 bytes for ./Payload/XXTExplorer.app/CamingoCode-Bold.ttf
copying file ./Payload/XXTExplorer.app/CamingoCode-BoldItalic.ttf ... 
2017-09-25 03:20:15 +0000  91804 bytes for ./Payload/XXTExplorer.app/CamingoCode-BoldItalic.ttf
copying file ./Payload/XXTExplorer.app/CamingoCode-Italic.ttf ... 
2017-09-25 03:20:15 +0000  91532 bytes for ./Payload/XXTExplorer.app/CamingoCode-Italic.ttf
copying file ./Payload/XXTExplorer.app/CamingoCode-Regular.ttf ... 
2017-09-25 03:20:15 +0000  93500 bytes for ./Payload/XXTExplorer.app/CamingoCode-Regular.ttf
copying file ./Payload/XXTExplorer.app/Ciapre (Black).tmTheme ... 
2017-09-25 03:20:15 +0000  11723 bytes for ./Payload/XXTExplorer.app/Ciapre (Black).tmTheme
copying file ./Payload/XXTExplorer.app/Ciapre.tmTheme ... 
2017-09-25 03:20:15 +0000  11718 bytes for ./Payload/XXTExplorer.app/Ciapre.tmTheme
copying file ./Payload/XXTExplorer.app/Cobalt.tmTheme ... 
2017-09-25 03:20:15 +0000  13130 bytes for ./Payload/XXTExplorer.app/Cobalt.tmTheme
copying file ./Payload/XXTExplorer.app/Dawn.tmTheme ... 
2017-09-25 03:20:15 +0000  9744 bytes for ./Payload/XXTExplorer.app/Dawn.tmTheme
copying file ./Payload/XXTExplorer.app/Eiffel.tmTheme ... 
2017-09-25 03:20:15 +0000  9758 bytes for ./Payload/XXTExplorer.app/Eiffel.tmTheme
copying file ./Payload/XXTExplorer.app/embedded.mobileprovision ... 
2017-09-25 03:20:15 +0000  13837 bytes for ./Payload/XXTExplorer.app/embedded.mobileprovision
2017-09-25 03:20:15 +0000  copying file ./Payload/XXTExplorer.app/en.lproj/XXTEBuiltInDefaults.plist ... 
2017-09-25 03:20:15 +0000  2663 bytes for ./Payload/XXTExplorer.app/en.lproj/XXTEBuiltInDefaults.plist
copying file ./Payload/XXTExplorer.app/en.lproj/XXTPickerCollection.strings ... 
42 bytes for ./Payload/XXTExplorer.app/en.lproj/XXTPickerCollection.strings
2017-09-25 03:20:15 +0000  copying file ./Payload/XXTExplorer.app/IDLE.tmTheme ... 
2017-09-25 03:20:15 +0000  5084 bytes for ./Payload/XXTExplorer.app/IDLE.tmTheme
copying file ./Payload/XXTExplorer.app/Info.plist ... 
2017-09-25 03:20:15 +0000  3138 bytes for ./Payload/XXTExplorer.app/Info.plist
copying file ./Payload/XXTExplorer.app/json.tmLanguage ... 
2017-09-25 03:20:15 +0000  6525 bytes for ./Payload/XXTExplorer.app/json.tmLanguage
copying file ./Payload/XXTExplorer.app/Kimbie (Dark).tmTheme ... 
2017-09-25 03:20:15 +0000  10885 bytes for ./Payload/XXTExplorer.app/Kimbie (Dark).tmTheme
copying file ./Payload/XXTExplorer.app/Kimbie (Light).tmTheme ... 
2017-09-25 03:20:15 +0000  10887 bytes for ./Payload/XXTExplorer.app/Kimbie (Light).tmTheme
copying file ./Payload/XXTExplorer.app/LaunchImage-700-568h@2x.png ... 
2017-09-25 03:20:15 +0000  14942 bytes for ./Payload/XXTExplorer.app/LaunchImage-700-568h@2x.png
2017-09-25 03:20:15 +0000  copying file ./Payload/XXTExplorer.app/LaunchScreen.storyboardc/01J-lp-oVM-view-Ze5-6b-2t3.nib ... 
2017-09-25 03:20:15 +0000  2442 bytes for ./Payload/XXTExplorer.app/LaunchScreen.storyboardc/01J-lp-oVM-view-Ze5-6b-2t3.nib
copying file ./Payload/XXTExplorer.app/LaunchScreen.storyboardc/Info.plist ... 
2017-09-25 03:20:15 +0000  258 bytes for ./Payload/XXTExplorer.app/LaunchScreen.storyboardc/Info.plist
copying file ./Payload/XXTExplorer.app/LaunchScreen.storyboardc/UIViewController-01J-lp-oVM.nib ... 
2017-09-25 03:20:15 +0000  858 bytes for ./Payload/XXTExplorer.app/LaunchScreen.storyboardc/UIViewController-01J-lp-oVM.nib
copying file ./Payload/XXTExplorer.app/lua.tmLanguage ... 
2017-09-25 03:20:15 +0000  11374 bytes for ./Payload/XXTExplorer.app/lua.tmLanguage
copying file ./Payload/XXTExplorer.app/Mac Classic.tmTheme ... 
2017-09-25 03:20:15 +0000  10510 bytes for ./Payload/XXTExplorer.app/Mac Classic.tmTheme
copying file ./Payload/XXTExplorer.app/Monokai.tmTheme ... 
2017-09-25 03:20:15 +0000  6473 bytes for ./Payload/XXTExplorer.app/Monokai.tmTheme
copying file ./Payload/XXTExplorer.app/Nothing.tmTheme ... 
2017-09-25 03:20:15 +0000  9373 bytes for ./Payload/XXTExplorer.app/Nothing.tmTheme
copying file ./Payload/XXTExplorer.app/Oceanic (Eighties).tmTheme ... 
2017-09-25 03:20:15 +0000  6826 bytes for ./Payload/XXTExplorer.app/Oceanic (Eighties).tmTheme
copying file ./Payload/XXTExplorer.app/Oceanic.tmTheme ... 
2017-09-25 03:20:15 +0000  11477 bytes for ./Payload/XXTExplorer.app/Oceanic.tmTheme
copying file ./Payload/XXTExplorer.app/OneHalf (Dark).tmTheme ... 
2017-09-25 03:20:15 +0000  14518 bytes for ./Payload/XXTExplorer.app/OneHalf (Dark).tmTheme
copying file ./Payload/XXTExplorer.app/OneHalf (Light).tmTheme ... 
2017-09-25 03:20:15 +0000  14521 bytes for ./Payload/XXTExplorer.app/OneHalf (Light).tmTheme
copying file ./Payload/XXTExplorer.app/PkgInfo ... 
2017-09-25 03:20:15 +0000  8 bytes for ./Payload/XXTExplorer.app/PkgInfo
copying file ./Payload/XXTExplorer.app/SKCaptureCollection.h ... 
608 bytes for ./Payload/XXTExplorer.app/SKCaptureCollection.h
copying file ./Payload/XXTExplorer.app/SKFont.plist ... 
2017-09-25 03:20:15 +0000  117 bytes for ./Payload/XXTExplorer.app/SKFont.plist
copying file ./Payload/XXTExplorer.app/SKLanguage.plist ... 
2017-09-25 03:20:15 +0000  2004 bytes for ./Payload/XXTExplorer.app/SKLanguage.plist
copying file ./Payload/XXTExplorer.app/SKTheme.plist ... 
662 bytes for ./Payload/XXTExplorer.app/SKTheme.plist
copying file ./Payload/XXTExplorer.app/Solarized (Dark).tmTheme ... 
2017-09-25 03:20:15 +0000  53461 bytes for ./Payload/XXTExplorer.app/Solarized (Dark).tmTheme
2017-09-25 03:20:15 +0000  copying file ./Payload/XXTExplorer.app/Solarized (Light).tmTheme ... 
2017-09-25 03:20:15 +0000  52714 bytes for ./Payload/XXTExplorer.app/Solarized (Light).tmTheme
2017-09-25 03:20:15 +0000  copying file ./Payload/XXTExplorer.app/SourceCodePro-Bold.otf ... 
2017-09-25 03:20:15 +0000  143932 bytes for ./Payload/XXTExplorer.app/SourceCodePro-Bold.otf
copying file ./Payload/XXTExplorer.app/SourceCodePro-BoldIt.otf ... 
2017-09-25 03:20:15 +0000  120672 bytes for ./Payload/XXTExplorer.app/SourceCodePro-BoldIt.otf
copying file ./Payload/XXTExplorer.app/SourceCodePro-It.otf ... 
2017-09-25 03:20:15 +0000  120036 bytes for ./Payload/XXTExplorer.app/SourceCodePro-It.otf
copying file ./Payload/XXTExplorer.app/SourceCodePro-Regular.otf ... 
2017-09-25 03:20:15 +0000  140088 bytes for ./Payload/XXTExplorer.app/SourceCodePro-Regular.otf
copying file ./Payload/XXTExplorer.app/strings.tmLanguage ... 
2017-09-25 03:20:15 +0000  2460 bytes for ./Payload/XXTExplorer.app/strings.tmLanguage
copying file ./Payload/XXTExplorer.app/Sunburst.tmTheme ... 
2017-09-25 03:20:15 +0000  15235 bytes for ./Payload/XXTExplorer.app/Sunburst.tmTheme
copying file ./Payload/XXTExplorer.app/Tomorrow Night (Blue).tmTheme ... 
2017-09-25 03:20:15 +0000  4850 bytes for ./Payload/XXTExplorer.app/Tomorrow Night (Blue).tmTheme
copying file ./Payload/XXTExplorer.app/Tomorrow Night (Bright).tmTheme ... 
2017-09-25 03:20:15 +0000  4826 bytes for ./Payload/XXTExplorer.app/Tomorrow Night (Bright).tmTheme
copying file ./Payload/XXTExplorer.app/Tomorrow Night (Eighties).tmTheme ... 
2017-09-25 03:20:15 +0000  4795 bytes for ./Payload/XXTExplorer.app/Tomorrow Night (Eighties).tmTheme
copying file ./Payload/XXTExplorer.app/Tomorrow Night.tmTheme ... 
2017-09-25 03:20:15 +0000  4810 bytes for ./Payload/XXTExplorer.app/Tomorrow Night.tmTheme
copying file ./Payload/XXTExplorer.app/Tomorrow.tmTheme ... 
2017-09-25 03:20:15 +0000  4784 bytes for ./Payload/XXTExplorer.app/Tomorrow.tmTheme
2017-09-25 03:20:15 +0000  copying file ./Payload/XXTExplorer.app/TOWebViewControllerLocalizable.bundle/en.lproj/TOWebViewControllerLocalizable.strings ... 
2017-09-25 03:20:15 +0000  184 bytes for ./Payload/XXTExplorer.app/TOWebViewControllerLocalizable.bundle/en.lproj/TOWebViewControllerLocalizable.strings
copying file ./Payload/XXTExplorer.app/TOWebViewControllerLocalizable.bundle/Info.plist ... 
2017-09-25 03:20:15 +0000  758 bytes for ./Payload/XXTExplorer.app/TOWebViewControllerLocalizable.bundle/Info.plist
copying file ./Payload/XXTExplorer.app/TOWebViewControllerLocalizable.bundle/zh-Hans.lproj/TOWebViewControllerLocalizable.strings ... 
246 bytes for ./Payload/XXTExplorer.app/TOWebViewControllerLocalizable.bundle/zh-Hans.lproj/TOWebViewControllerLocalizable.strings
2017-09-25 03:20:15 +0000  copying file ./Payload/XXTExplorer.app/Twilight.tmTheme ... 
2017-09-25 03:20:15 +0000  12956 bytes for ./Payload/XXTExplorer.app/Twilight.tmTheme
copying file ./Payload/XXTExplorer.app/XUIAdapter.lua ... 
2017-09-25 03:20:15 +0000  20397 bytes for ./Payload/XXTExplorer.app/XUIAdapter.lua
2017-09-25 03:20:15 +0000  copying file ./Payload/XXTExplorer.app/XUICheckboxCell~ipad.nib/objects-8.0+.nib ... 
2017-09-25 03:20:15 +0000  2203 bytes for ./Payload/XXTExplorer.app/XUICheckboxCell~ipad.nib/objects-8.0+.nib
copying file ./Payload/XXTExplorer.app/XUICheckboxCell~ipad.nib/runtime.nib ... 
2017-09-25 03:20:15 +0000  2201 bytes for ./Payload/XXTExplorer.app/XUICheckboxCell~ipad.nib/runtime.nib
2017-09-25 03:20:15 +0000  copying file ./Payload/XXTExplorer.app/XUICheckboxCell~iphone.nib/objects-8.0+.nib ... 
2017-09-25 03:20:15 +0000  2198 bytes for ./Payload/XXTExplorer.app/XUICheckboxCell~iphone.nib/objects-8.0+.nib
copying file ./Payload/XXTExplorer.app/XUICheckboxCell~iphone.nib/runtime.nib ... 
2017-09-25 03:20:15 +0000  2199 bytes for ./Payload/XXTExplorer.app/XUICheckboxCell~iphone.nib/runtime.nib
2017-09-25 03:20:15 +0000  copying file ./Payload/XXTExplorer.app/XUIDateTimeCell~ipad.nib/objects-8.0+.nib ... 
2017-09-25 03:20:15 +0000  1967 bytes for ./Payload/XXTExplorer.app/XUIDateTimeCell~ipad.nib/objects-8.0+.nib
copying file ./Payload/XXTExplorer.app/XUIDateTimeCell~ipad.nib/runtime.nib ... 
2017-09-25 03:20:15 +0000  1967 bytes for ./Payload/XXTExplorer.app/XUIDateTimeCell~ipad.nib/runtime.nib
2017-09-25 03:20:15 +0000  copying file ./Payload/XXTExplorer.app/XUIDateTimeCell~iphone.nib/objects-8.0+.nib ... 
2017-09-25 03:20:15 +0000  1967 bytes for ./Payload/XXTExplorer.app/XUIDateTimeCell~iphone.nib/objects-8.0+.nib
copying file ./Payload/XXTExplorer.app/XUIDateTimeCell~iphone.nib/runtime.nib ... 
2017-09-25 03:20:15 +0000  1967 bytes for ./Payload/XXTExplorer.app/XUIDateTimeCell~iphone.nib/runtime.nib
2017-09-25 03:20:15 +0000  copying file ./Payload/XXTExplorer.app/XUIFileCell~ipad.nib/objects-8.0+.nib ... 
2017-09-25 03:20:15 +0000  4629 bytes for ./Payload/XXTExplorer.app/XUIFileCell~ipad.nib/objects-8.0+.nib
2017-09-25 03:20:15 +0000  copying file ./Payload/XXTExplorer.app/XUIFileCell~ipad.nib/runtime.nib ... 
2017-09-25 03:20:15 +0000  4638 bytes for ./Payload/XXTExplorer.app/XUIFileCell~ipad.nib/runtime.nib
2017-09-25 03:20:15 +0000  copying file ./Payload/XXTExplorer.app/XUIFileCell~iphone.nib/objects-8.0+.nib ... 
2017-09-25 03:20:15 +0000  4630 bytes for ./Payload/XXTExplorer.app/XUIFileCell~iphone.nib/objects-8.0+.nib
2017-09-25 03:20:15 +0000  copying file ./Payload/XXTExplorer.app/XUIFileCell~iphone.nib/runtime.nib ... 
2017-09-25 03:20:15 +0000  4637 bytes for ./Payload/XXTExplorer.app/XUIFileCell~iphone.nib/runtime.nib
2017-09-25 03:20:15 +0000  copying file ./Payload/XXTExplorer.app/XUIImageCell~ipad.nib/objects-8.0+.nib ... 
2017-09-25 03:20:15 +0000  2051 bytes for ./Payload/XXTExplorer.app/XUIImageCell~ipad.nib/objects-8.0+.nib
copying file ./Payload/XXTExplorer.app/XUIImageCell~ipad.nib/runtime.nib ... 
2017-09-25 03:20:15 +0000  2051 bytes for ./Payload/XXTExplorer.app/XUIImageCell~ipad.nib/runtime.nib
2017-09-25 03:20:15 +0000  copying file ./Payload/XXTExplorer.app/XUIImageCell~iphone.nib/objects-8.0+.nib ... 
2017-09-25 03:20:15 +0000  2051 bytes for ./Payload/XXTExplorer.app/XUIImageCell~iphone.nib/objects-8.0+.nib
copying file ./Payload/XXTExplorer.app/XUIImageCell~iphone.nib/runtime.nib ... 
2017-09-25 03:20:15 +0000  2051 bytes for ./Payload/XXTExplorer.app/XUIImageCell~iphone.nib/runtime.nib
2017-09-25 03:20:15 +0000  copying file ./Payload/XXTExplorer.app/XUIMultipleOptionCell~ipad.nib/objects-8.0+.nib ... 
2017-09-25 03:20:15 +0000  2406 bytes for ./Payload/XXTExplorer.app/XUIMultipleOptionCell~ipad.nib/objects-8.0+.nib
copying file ./Payload/XXTExplorer.app/XUIMultipleOptionCell~ipad.nib/runtime.nib ... 
2017-09-25 03:20:15 +0000  2406 bytes for ./Payload/XXTExplorer.app/XUIMultipleOptionCell~ipad.nib/runtime.nib
2017-09-25 03:20:15 +0000  copying file ./Payload/XXTExplorer.app/XUIMultipleOptionCell~iphone.nib/objects-8.0+.nib ... 
2017-09-25 03:20:15 +0000  2406 bytes for ./Payload/XXTExplorer.app/XUIMultipleOptionCell~iphone.nib/objects-8.0+.nib
2017-09-25 03:20:15 +0000  copying file ./Payload/XXTExplorer.app/XUIMultipleOptionCell~iphone.nib/runtime.nib ... 
2017-09-25 03:20:15 +0000  2406 bytes for ./Payload/XXTExplorer.app/XUIMultipleOptionCell~iphone.nib/runtime.nib
2017-09-25 03:20:15 +0000  copying file ./Payload/XXTExplorer.app/XUIOptionCell~ipad.nib/objects-8.0+.nib ... 
2017-09-25 03:20:15 +0000  2398 bytes for ./Payload/XXTExplorer.app/XUIOptionCell~ipad.nib/objects-8.0+.nib
2017-09-25 03:20:15 +0000  copying file ./Payload/XXTExplorer.app/XUIOptionCell~ipad.nib/runtime.nib ... 
2017-09-25 03:20:15 +0000  2398 bytes for ./Payload/XXTExplorer.app/XUIOptionCell~ipad.nib/runtime.nib
2017-09-25 03:20:15 +0000  copying file ./Payload/XXTExplorer.app/XUIOptionCell~iphone.nib/objects-8.0+.nib ... 
2017-09-25 03:20:15 +0000  2398 bytes for ./Payload/XXTExplorer.app/XUIOptionCell~iphone.nib/objects-8.0+.nib
copying file ./Payload/XXTExplorer.app/XUIOptionCell~iphone.nib/runtime.nib ... 
2017-09-25 03:20:15 +0000  2398 bytes for ./Payload/XXTExplorer.app/XUIOptionCell~iphone.nib/runtime.nib
2017-09-25 03:20:15 +0000  copying file ./Payload/XXTExplorer.app/XUIOrderedOptionCell~ipad.nib/objects-8.0+.nib ... 
2017-09-25 03:20:15 +0000  2405 bytes for ./Payload/XXTExplorer.app/XUIOrderedOptionCell~ipad.nib/objects-8.0+.nib
copying file ./Payload/XXTExplorer.app/XUIOrderedOptionCell~ipad.nib/runtime.nib ... 
2017-09-25 03:20:15 +0000  2405 bytes for ./Payload/XXTExplorer.app/XUIOrderedOptionCell~ipad.nib/runtime.nib
2017-09-25 03:20:15 +0000  copying file ./Payload/XXTExplorer.app/XUIOrderedOptionCell~iphone.nib/objects-8.0+.nib ... 
2017-09-25 03:20:15 +0000  2405 bytes for ./Payload/XXTExplorer.app/XUIOrderedOptionCell~iphone.nib/objects-8.0+.nib
2017-09-25 03:20:15 +0000  copying file ./Payload/XXTExplorer.app/XUIOrderedOptionCell~iphone.nib/runtime.nib ... 
2017-09-25 03:20:15 +0000  2405 bytes for ./Payload/XXTExplorer.app/XUIOrderedOptionCell~iphone.nib/runtime.nib
2017-09-25 03:20:15 +0000  copying file ./Payload/XXTExplorer.app/XUIRadioCell~ipad.nib/objects-8.0+.nib ... 
2017-09-25 03:20:15 +0000  2199 bytes for ./Payload/XXTExplorer.app/XUIRadioCell~ipad.nib/objects-8.0+.nib
copying file ./Payload/XXTExplorer.app/XUIRadioCell~ipad.nib/runtime.nib ... 
2017-09-25 03:20:15 +0000  2197 bytes for ./Payload/XXTExplorer.app/XUIRadioCell~ipad.nib/runtime.nib
2017-09-25 03:20:15 +0000  copying file ./Payload/XXTExplorer.app/XUIRadioCell~iphone.nib/objects-8.0+.nib ... 
2017-09-25 03:20:15 +0000  2196 bytes for ./Payload/XXTExplorer.app/XUIRadioCell~iphone.nib/objects-8.0+.nib
2017-09-25 03:20:15 +0000  copying file ./Payload/XXTExplorer.app/XUIRadioCell~iphone.nib/runtime.nib ... 
2017-09-25 03:20:15 +0000  2197 bytes for ./Payload/XXTExplorer.app/XUIRadioCell~iphone.nib/runtime.nib
2017-09-25 03:20:15 +0000  copying file ./Payload/XXTExplorer.app/XUISecureTextFieldCell~ipad.nib/objects-8.0+.nib ... 
2017-09-25 03:20:15 +0000  2965 bytes for ./Payload/XXTExplorer.app/XUISecureTextFieldCell~ipad.nib/objects-8.0+.nib
copying file ./Payload/XXTExplorer.app/XUISecureTextFieldCell~ipad.nib/runtime.nib ... 
2017-09-25 03:20:15 +0000  2965 bytes for ./Payload/XXTExplorer.app/XUISecureTextFieldCell~ipad.nib/runtime.nib
2017-09-25 03:20:15 +0000  copying file ./Payload/XXTExplorer.app/XUISecureTextFieldCell~iphone.nib/objects-8.0+.nib ... 
2017-09-25 03:20:15 +0000  2966 bytes for ./Payload/XXTExplorer.app/XUISecureTextFieldCell~iphone.nib/objects-8.0+.nib
copying file ./Payload/XXTExplorer.app/XUISecureTextFieldCell~iphone.nib/runtime.nib ... 
2017-09-25 03:20:15 +0000  2966 bytes for ./Payload/XXTExplorer.app/XUISecureTextFieldCell~iphone.nib/runtime.nib
2017-09-25 03:20:15 +0000  copying file ./Payload/XXTExplorer.app/XUISegmentCell~ipad.nib/objects-8.0+.nib ... 
2017-09-25 03:20:15 +0000  2715 bytes for ./Payload/XXTExplorer.app/XUISegmentCell~ipad.nib/objects-8.0+.nib
2017-09-25 03:20:15 +0000  copying file ./Payload/XXTExplorer.app/XUISegmentCell~ipad.nib/runtime.nib ... 
2017-09-25 03:20:15 +0000  2712 bytes for ./Payload/XXTExplorer.app/XUISegmentCell~ipad.nib/runtime.nib
2017-09-25 03:20:15 +0000  copying file ./Payload/XXTExplorer.app/XUISegmentCell~iphone.nib/objects-8.0+.nib ... 
2017-09-25 03:20:15 +0000  2714 bytes for ./Payload/XXTExplorer.app/XUISegmentCell~iphone.nib/objects-8.0+.nib
copying file ./Payload/XXTExplorer.app/XUISegmentCell~iphone.nib/runtime.nib ... 
2017-09-25 03:20:15 +0000  2710 bytes for ./Payload/XXTExplorer.app/XUISegmentCell~iphone.nib/runtime.nib
2017-09-25 03:20:15 +0000  copying file ./Payload/XXTExplorer.app/XUISliderCell~ipad.nib/objects-8.0+.nib ... 
2017-09-25 03:20:15 +0000  3382 bytes for ./Payload/XXTExplorer.app/XUISliderCell~ipad.nib/objects-8.0+.nib
copying file ./Payload/XXTExplorer.app/XUISliderCell~ipad.nib/runtime.nib ... 
2017-09-25 03:20:15 +0000  3382 bytes for ./Payload/XXTExplorer.app/XUISliderCell~ipad.nib/runtime.nib
2017-09-25 03:20:15 +0000  copying file ./Payload/XXTExplorer.app/XUISliderCell~iphone.nib/objects-8.0+.nib ... 
2017-09-25 03:20:15 +0000  3393 bytes for ./Payload/XXTExplorer.app/XUISliderCell~iphone.nib/objects-8.0+.nib
2017-09-25 03:20:15 +0000  copying file ./Payload/XXTExplorer.app/XUISliderCell~iphone.nib/runtime.nib ... 
2017-09-25 03:20:15 +0000  3382 bytes for ./Payload/XXTExplorer.app/XUISliderCell~iphone.nib/runtime.nib
2017-09-25 03:20:15 +0000  copying file ./Payload/XXTExplorer.app/XUIStaticTextCell~ipad.nib/objects-8.0+.nib ... 
2017-09-25 03:20:15 +0000  3058 bytes for ./Payload/XXTExplorer.app/XUIStaticTextCell~ipad.nib/objects-8.0+.nib
2017-09-25 03:20:15 +0000  copying file ./Payload/XXTExplorer.app/XUIStaticTextCell~ipad.nib/runtime.nib ... 
2017-09-25 03:20:15 +0000  3058 bytes for ./Payload/XXTExplorer.app/XUIStaticTextCell~ipad.nib/runtime.nib
2017-09-25 03:20:15 +0000  copying file ./Payload/XXTExplorer.app/XUIStaticTextCell~iphone.nib/objects-8.0+.nib ... 
2017-09-25 03:20:15 +0000  3060 bytes for ./Payload/XXTExplorer.app/XUIStaticTextCell~iphone.nib/objects-8.0+.nib
copying file ./Payload/XXTExplorer.app/XUIStaticTextCell~iphone.nib/runtime.nib ... 
2017-09-25 03:20:15 +0000  3051 bytes for ./Payload/XXTExplorer.app/XUIStaticTextCell~iphone.nib/runtime.nib
2017-09-25 03:20:15 +0000  copying file ./Payload/XXTExplorer.app/XUIStepperCell~ipad.nib/objects-8.0+.nib ... 
2017-09-25 03:20:15 +0000  3073 bytes for ./Payload/XXTExplorer.app/XUIStepperCell~ipad.nib/objects-8.0+.nib
copying file ./Payload/XXTExplorer.app/XUIStepperCell~ipad.nib/runtime.nib ... 
2017-09-25 03:20:15 +0000  3077 bytes for ./Payload/XXTExplorer.app/XUIStepperCell~ipad.nib/runtime.nib
2017-09-25 03:20:15 +0000  copying file ./Payload/XXTExplorer.app/XUIStepperCell~iphone.nib/objects-8.0+.nib ... 
2017-09-25 03:20:15 +0000  3078 bytes for ./Payload/XXTExplorer.app/XUIStepperCell~iphone.nib/objects-8.0+.nib
2017-09-25 03:20:15 +0000  copying file ./Payload/XXTExplorer.app/XUIStepperCell~iphone.nib/runtime.nib ... 
2017-09-25 03:20:15 +0000  3075 bytes for ./Payload/XXTExplorer.app/XUIStepperCell~iphone.nib/runtime.nib
2017-09-25 03:20:15 +0000  copying file ./Payload/XXTExplorer.app/XUISwitchCell~ipad.nib/objects-8.0+.nib ... 
2017-09-25 03:20:15 +0000  2217 bytes for ./Payload/XXTExplorer.app/XUISwitchCell~ipad.nib/objects-8.0+.nib
copying file ./Payload/XXTExplorer.app/XUISwitchCell~ipad.nib/runtime.nib ... 
2017-09-25 03:20:15 +0000  2217 bytes for ./Payload/XXTExplorer.app/XUISwitchCell~ipad.nib/runtime.nib
2017-09-25 03:20:15 +0000  copying file ./Payload/XXTExplorer.app/XUISwitchCell~iphone.nib/objects-8.0+.nib ... 
2017-09-25 03:20:15 +0000  2217 bytes for ./Payload/XXTExplorer.app/XUISwitchCell~iphone.nib/objects-8.0+.nib
copying file ./Payload/XXTExplorer.app/XUISwitchCell~iphone.nib/runtime.nib ... 
2017-09-25 03:20:15 +0000  2217 bytes for ./Payload/XXTExplorer.app/XUISwitchCell~iphone.nib/runtime.nib
2017-09-25 03:20:15 +0000  copying file ./Payload/XXTExplorer.app/XUITextFieldCell~ipad.nib/objects-8.0+.nib ... 
2017-09-25 03:20:15 +0000  2932 bytes for ./Payload/XXTExplorer.app/XUITextFieldCell~ipad.nib/objects-8.0+.nib
copying file ./Payload/XXTExplorer.app/XUITextFieldCell~ipad.nib/runtime.nib ... 
2017-09-25 03:20:15 +0000  2930 bytes for ./Payload/XXTExplorer.app/XUITextFieldCell~ipad.nib/runtime.nib
2017-09-25 03:20:15 +0000  copying file ./Payload/XXTExplorer.app/XUITextFieldCell~iphone.nib/objects-8.0+.nib ... 
2017-09-25 03:20:15 +0000  2928 bytes for ./Payload/XXTExplorer.app/XUITextFieldCell~iphone.nib/objects-8.0+.nib
copying file ./Payload/XXTExplorer.app/XUITextFieldCell~iphone.nib/runtime.nib ... 
2017-09-25 03:20:15 +0000  2933 bytes for ./Payload/XXTExplorer.app/XUITextFieldCell~iphone.nib/runtime.nib
2017-09-25 03:20:15 +0000  copying file ./Payload/XXTExplorer.app/XUITitleValueCell~ipad.nib/objects-8.0+.nib ... 
2017-09-25 03:20:15 +0000  2470 bytes for ./Payload/XXTExplorer.app/XUITitleValueCell~ipad.nib/objects-8.0+.nib
copying file ./Payload/XXTExplorer.app/XUITitleValueCell~ipad.nib/runtime.nib ... 
2017-09-25 03:20:15 +0000  2470 bytes for ./Payload/XXTExplorer.app/XUITitleValueCell~ipad.nib/runtime.nib
2017-09-25 03:20:15 +0000  copying file ./Payload/XXTExplorer.app/XUITitleValueCell~iphone.nib/objects-8.0+.nib ... 
2017-09-25 03:20:15 +0000  2470 bytes for ./Payload/XXTExplorer.app/XUITitleValueCell~iphone.nib/objects-8.0+.nib
2017-09-25 03:20:15 +0000  copying file ./Payload/XXTExplorer.app/XUITitleValueCell~iphone.nib/runtime.nib ... 
2017-09-25 03:20:15 +0000  2470 bytes for ./Payload/XXTExplorer.app/XUITitleValueCell~iphone.nib/runtime.nib
2017-09-25 03:20:15 +0000  copying file ./Payload/XXTExplorer.app/XXTApplicationCell~ipad.nib/objects-8.0+.nib ... 
2017-09-25 03:20:15 +0000  4311 bytes for ./Payload/XXTExplorer.app/XXTApplicationCell~ipad.nib/objects-8.0+.nib
copying file ./Payload/XXTExplorer.app/XXTApplicationCell~ipad.nib/runtime.nib ... 
2017-09-25 03:20:15 +0000  4306 bytes for ./Payload/XXTExplorer.app/XXTApplicationCell~ipad.nib/runtime.nib
2017-09-25 03:20:15 +0000  copying file ./Payload/XXTExplorer.app/XXTApplicationCell~iphone.nib/objects-8.0+.nib ... 
2017-09-25 03:20:15 +0000  4304 bytes for ./Payload/XXTExplorer.app/XXTApplicationCell~iphone.nib/objects-8.0+.nib
2017-09-25 03:20:15 +0000  copying file ./Payload/XXTExplorer.app/XXTApplicationCell~iphone.nib/runtime.nib ... 
2017-09-25 03:20:15 +0000  4308 bytes for ./Payload/XXTExplorer.app/XXTApplicationCell~iphone.nib/runtime.nib
2017-09-25 03:20:15 +0000  copying file ./Payload/XXTExplorer.app/xxte-white-icons.plist ... 
2017-09-25 03:20:15 +0000  2316 bytes for ./Payload/XXTExplorer.app/xxte-white-icons.plist
copying file ./Payload/XXTExplorer.app/XXTEAppDefines.plist ... 
2017-09-25 03:20:15 +0000  2511 bytes for ./Payload/XXTExplorer.app/XXTEAppDefines.plist
2017-09-25 03:20:15 +0000  copying file ./Payload/XXTExplorer.app/XXTEEditorFontSizeCell~ipad.nib/objects-8.0+.nib ... 
2017-09-25 03:20:15 +0000  3382 bytes for ./Payload/XXTExplorer.app/XXTEEditorFontSizeCell~ipad.nib/objects-8.0+.nib
2017-09-25 03:20:15 +0000  copying file ./Payload/XXTExplorer.app/XXTEEditorFontSizeCell~ipad.nib/runtime.nib ... 
2017-09-25 03:20:15 +0000  3380 bytes for ./Payload/XXTExplorer.app/XXTEEditorFontSizeCell~ipad.nib/runtime.nib
2017-09-25 03:20:15 +0000  copying file ./Payload/XXTExplorer.app/XXTEEditorFontSizeCell~iphone.nib/objects-8.0+.nib ... 
2017-09-25 03:20:15 +0000  3381 bytes for ./Payload/XXTExplorer.app/XXTEEditorFontSizeCell~iphone.nib/objects-8.0+.nib
2017-09-25 03:20:15 +0000  copying file ./Payload/XXTExplorer.app/XXTEEditorFontSizeCell~iphone.nib/runtime.nib ... 
2017-09-25 03:20:15 +0000  3382 bytes for ./Payload/XXTExplorer.app/XXTEEditorFontSizeCell~iphone.nib/runtime.nib
2017-09-25 03:20:15 +0000  copying file ./Payload/XXTExplorer.app/XXTEEditorTabWidthCell~ipad.nib/objects-8.0+.nib ... 
2017-09-25 03:20:15 +0000  4020 bytes for ./Payload/XXTExplorer.app/XXTEEditorTabWidthCell~ipad.nib/objects-8.0+.nib
2017-09-25 03:20:15 +0000  copying file ./Payload/XXTExplorer.app/XXTEEditorTabWidthCell~ipad.nib/runtime.nib ... 
2017-09-25 03:20:15 +0000  4023 bytes for ./Payload/XXTExplorer.app/XXTEEditorTabWidthCell~ipad.nib/runtime.nib
2017-09-25 03:20:15 +0000  copying file ./Payload/XXTExplorer.app/XXTEEditorTabWidthCell~iphone.nib/objects-8.0+.nib ... 
2017-09-25 03:20:15 +0000  4021 bytes for ./Payload/XXTExplorer.app/XXTEEditorTabWidthCell~iphone.nib/objects-8.0+.nib
2017-09-25 03:20:15 +0000  copying file ./Payload/XXTExplorer.app/XXTEEditorTabWidthCell~iphone.nib/runtime.nib ... 
2017-09-25 03:20:15 +0000  4017 bytes for ./Payload/XXTExplorer.app/XXTEEditorTabWidthCell~iphone.nib/runtime.nib
2017-09-25 03:20:15 +0000  copying file ./Payload/XXTExplorer.app/XXTEEditorThemeCell~ipad.nib/objects-8.0+.nib ... 
2017-09-25 03:20:15 +0000  3017 bytes for ./Payload/XXTExplorer.app/XXTEEditorThemeCell~ipad.nib/objects-8.0+.nib
2017-09-25 03:20:15 +0000  copying file ./Payload/XXTExplorer.app/XXTEEditorThemeCell~ipad.nib/runtime.nib ... 
2017-09-25 03:20:15 +0000  3020 bytes for ./Payload/XXTExplorer.app/XXTEEditorThemeCell~ipad.nib/runtime.nib
2017-09-25 03:20:15 +0000  copying file ./Payload/XXTExplorer.app/XXTEEditorThemeCell~iphone.nib/objects-8.0+.nib ... 
2017-09-25 03:20:15 +0000  3013 bytes for ./Payload/XXTExplorer.app/XXTEEditorThemeCell~iphone.nib/objects-8.0+.nib
2017-09-25 03:20:15 +0000  copying file ./Payload/XXTExplorer.app/XXTEEditorThemeCell~iphone.nib/runtime.nib ... 
2017-09-25 03:20:15 +0000  3013 bytes for ./Payload/XXTExplorer.app/XXTEEditorThemeCell~iphone.nib/runtime.nib
2017-09-25 03:20:15 +0000  copying file ./Payload/XXTExplorer.app/XXTEEditorWrapColumnCell~ipad.nib/objects-8.0+.nib ... 
2017-09-25 03:20:15 +0000  4062 bytes for ./Payload/XXTExplorer.app/XXTEEditorWrapColumnCell~ipad.nib/objects-8.0+.nib
copying file ./Payload/XXTExplorer.app/XXTEEditorWrapColumnCell~ipad.nib/runtime.nib ... 
2017-09-25 03:20:15 +0000  4056 bytes for ./Payload/XXTExplorer.app/XXTEEditorWrapColumnCell~ipad.nib/runtime.nib
2017-09-25 03:20:15 +0000  copying file ./Payload/XXTExplorer.app/XXTEEditorWrapColumnCell~iphone.nib/objects-8.0+.nib ... 
2017-09-25 03:20:15 +0000  4054 bytes for ./Payload/XXTExplorer.app/XXTEEditorWrapColumnCell~iphone.nib/objects-8.0+.nib
2017-09-25 03:20:15 +0000  copying file ./Payload/XXTExplorer.app/XXTEEditorWrapColumnCell~iphone.nib/runtime.nib ... 
2017-09-25 03:20:15 +0000  4054 bytes for ./Payload/XXTExplorer.app/XXTEEditorWrapColumnCell~iphone.nib/runtime.nib
2017-09-25 03:20:15 +0000  copying file ./Payload/XXTExplorer.app/XXTEItemTemplate.lua ... 
178 bytes for ./Payload/XXTExplorer.app/XXTEItemTemplate.lua
2017-09-25 03:20:15 +0000  copying file ./Payload/XXTExplorer.app/XXTEMoreAboutCell~ipad.nib/objects-8.0+.nib ... 
2017-09-25 03:20:15 +0000  3990 bytes for ./Payload/XXTExplorer.app/XXTEMoreAboutCell~ipad.nib/objects-8.0+.nib
copying file ./Payload/XXTExplorer.app/XXTEMoreAboutCell~ipad.nib/runtime.nib ... 
2017-09-25 03:20:15 +0000  3996 bytes for ./Payload/XXTExplorer.app/XXTEMoreAboutCell~ipad.nib/runtime.nib
2017-09-25 03:20:15 +0000  copying file ./Payload/XXTExplorer.app/XXTEMoreAboutCell~iphone.nib/objects-8.0+.nib ... 
2017-09-25 03:20:15 +0000  3997 bytes for ./Payload/XXTExplorer.app/XXTEMoreAboutCell~iphone.nib/objects-8.0+.nib
2017-09-25 03:20:15 +0000  copying file ./Payload/XXTExplorer.app/XXTEMoreAboutCell~iphone.nib/runtime.nib ... 
2017-09-25 03:20:15 +0000  3992 bytes for ./Payload/XXTExplorer.app/XXTEMoreAboutCell~iphone.nib/runtime.nib
2017-09-25 03:20:15 +0000  copying file ./Payload/XXTExplorer.app/XXTEMoreActionCell~ipad.nib/objects-8.0+.nib ... 
2017-09-25 03:20:15 +0000  2840 bytes for ./Payload/XXTExplorer.app/XXTEMoreActionCell~ipad.nib/objects-8.0+.nib
2017-09-25 03:20:15 +0000  copying file ./Payload/XXTExplorer.app/XXTEMoreActionCell~ipad.nib/runtime.nib ... 
2017-09-25 03:20:15 +0000  2841 bytes for ./Payload/XXTExplorer.app/XXTEMoreActionCell~ipad.nib/runtime.nib
2017-09-25 03:20:15 +0000  copying file ./Payload/XXTExplorer.app/XXTEMoreActionCell~iphone.nib/objects-8.0+.nib ... 
2017-09-25 03:20:15 +0000  2843 bytes for ./Payload/XXTExplorer.app/XXTEMoreActionCell~iphone.nib/objects-8.0+.nib
2017-09-25 03:20:15 +0000  copying file ./Payload/XXTExplorer.app/XXTEMoreActionCell~iphone.nib/runtime.nib ... 
2017-09-25 03:20:15 +0000  2844 bytes for ./Payload/XXTExplorer.app/XXTEMoreActionCell~iphone.nib/runtime.nib
2017-09-25 03:20:15 +0000  copying file ./Payload/XXTExplorer.app/XXTEMoreAddressCell~ipad.nib/objects-8.0+.nib ... 
2017-09-25 03:20:15 +0000  3023 bytes for ./Payload/XXTExplorer.app/XXTEMoreAddressCell~ipad.nib/objects-8.0+.nib
copying file ./Payload/XXTExplorer.app/XXTEMoreAddressCell~ipad.nib/runtime.nib ... 
2017-09-25 03:20:15 +0000  3025 bytes for ./Payload/XXTExplorer.app/XXTEMoreAddressCell~ipad.nib/runtime.nib
2017-09-25 03:20:15 +0000  copying file ./Payload/XXTExplorer.app/XXTEMoreAddressCell~iphone.nib/objects-8.0+.nib ... 
2017-09-25 03:20:15 +0000  3024 bytes for ./Payload/XXTExplorer.app/XXTEMoreAddressCell~iphone.nib/objects-8.0+.nib
2017-09-25 03:20:15 +0000  copying file ./Payload/XXTExplorer.app/XXTEMoreAddressCell~iphone.nib/runtime.nib ... 
2017-09-25 03:20:15 +0000  3024 bytes for ./Payload/XXTExplorer.app/XXTEMoreAddressCell~iphone.nib/runtime.nib
2017-09-25 03:20:15 +0000  copying file ./Payload/XXTExplorer.app/XXTEMoreApplicationCell~ipad.nib/objects-8.0+.nib ... 
2017-09-25 03:20:15 +0000  4394 bytes for ./Payload/XXTExplorer.app/XXTEMoreApplicationCell~ipad.nib/objects-8.0+.nib
2017-09-25 03:20:15 +0000  copying file ./Payload/XXTExplorer.app/XXTEMoreApplicationCell~ipad.nib/runtime.nib ... 
2017-09-25 03:20:15 +0000  4387 bytes for ./Payload/XXTExplorer.app/XXTEMoreApplicationCell~ipad.nib/runtime.nib
2017-09-25 03:20:15 +0000  copying file ./Payload/XXTExplorer.app/XXTEMoreApplicationCell~iphone.nib/objects-8.0+.nib ... 
2017-09-25 03:20:15 +0000  4380 bytes for ./Payload/XXTExplorer.app/XXTEMoreApplicationCell~iphone.nib/objects-8.0+.nib
2017-09-25 03:20:15 +0000  copying file ./Payload/XXTExplorer.app/XXTEMoreApplicationCell~iphone.nib/runtime.nib ... 
2017-09-25 03:20:15 +0000  4389 bytes for ./Payload/XXTExplorer.app/XXTEMoreApplicationCell~iphone.nib/runtime.nib
2017-09-25 03:20:15 +0000  copying file ./Payload/XXTExplorer.app/XXTEMoreLicenseCell~ipad.nib/objects-8.0+.nib ... 
2017-09-25 03:20:15 +0000  3036 bytes for ./Payload/XXTExplorer.app/XXTEMoreLicenseCell~ipad.nib/objects-8.0+.nib
2017-09-25 03:20:15 +0000  copying file ./Payload/XXTExplorer.app/XXTEMoreLicenseCell~ipad.nib/runtime.nib ... 
2017-09-25 03:20:15 +0000  3041 bytes for ./Payload/XXTExplorer.app/XXTEMoreLicenseCell~ipad.nib/runtime.nib
2017-09-25 03:20:15 +0000  copying file ./Payload/XXTExplorer.app/XXTEMoreLicenseCell~iphone.nib/objects-8.0+.nib ... 
2017-09-25 03:20:15 +0000  3044 bytes for ./Payload/XXTExplorer.app/XXTEMoreLicenseCell~iphone.nib/objects-8.0+.nib
2017-09-25 03:20:15 +0000  copying file ./Payload/XXTExplorer.app/XXTEMoreLicenseCell~iphone.nib/runtime.nib ... 
2017-09-25 03:20:15 +0000  3034 bytes for ./Payload/XXTExplorer.app/XXTEMoreLicenseCell~iphone.nib/runtime.nib
2017-09-25 03:20:15 +0000  copying file ./Payload/XXTExplorer.app/XXTEMoreLinkCell~ipad.nib/objects-8.0+.nib ... 
2017-09-25 03:20:15 +0000  3306 bytes for ./Payload/XXTExplorer.app/XXTEMoreLinkCell~ipad.nib/objects-8.0+.nib
copying file ./Payload/XXTExplorer.app/XXTEMoreLinkCell~ipad.nib/runtime.nib ... 
2017-09-25 03:20:15 +0000  3306 bytes for ./Payload/XXTExplorer.app/XXTEMoreLinkCell~ipad.nib/runtime.nib
2017-09-25 03:20:15 +0000  copying file ./Payload/XXTExplorer.app/XXTEMoreLinkCell~iphone.nib/objects-8.0+.nib ... 
2017-09-25 03:20:15 +0000  3299 bytes for ./Payload/XXTExplorer.app/XXTEMoreLinkCell~iphone.nib/objects-8.0+.nib
2017-09-25 03:20:15 +0000  copying file ./Payload/XXTExplorer.app/XXTEMoreLinkCell~iphone.nib/runtime.nib ... 
2017-09-25 03:20:15 +0000  3299 bytes for ./Payload/XXTExplorer.app/XXTEMoreLinkCell~iphone.nib/runtime.nib
2017-09-25 03:20:15 +0000  copying file ./Payload/XXTExplorer.app/XXTEMoreLinkNoIconCell~ipad.nib/objects-8.0+.nib ... 
2017-09-25 03:20:15 +0000  2959 bytes for ./Payload/XXTExplorer.app/XXTEMoreLinkNoIconCell~ipad.nib/objects-8.0+.nib
2017-09-25 03:20:15 +0000  copying file ./Payload/XXTExplorer.app/XXTEMoreLinkNoIconCell~ipad.nib/runtime.nib ... 
2017-09-25 03:20:15 +0000  2964 bytes for ./Payload/XXTExplorer.app/XXTEMoreLinkNoIconCell~ipad.nib/runtime.nib
2017-09-25 03:20:15 +0000  copying file ./Payload/XXTExplorer.app/XXTEMoreLinkNoIconCell~iphone.nib/objects-8.0+.nib ... 
2017-09-25 03:20:15 +0000  2959 bytes for ./Payload/XXTExplorer.app/XXTEMoreLinkNoIconCell~iphone.nib/objects-8.0+.nib
copying file ./Payload/XXTExplorer.app/XXTEMoreLinkNoIconCell~iphone.nib/runtime.nib ... 
2017-09-25 03:20:15 +0000  2957 bytes for ./Payload/XXTExplorer.app/XXTEMoreLinkNoIconCell~iphone.nib/runtime.nib
2017-09-25 03:20:15 +0000  copying file ./Payload/XXTExplorer.app/XXTEMoreReferences.bundle/code.html ... 
2017-09-25 03:20:15 +0000  532 bytes for ./Payload/XXTExplorer.app/XXTEMoreReferences.bundle/code.html
copying file ./Payload/XXTExplorer.app/XXTEMoreReferences.bundle/open.html ... 
2017-09-25 03:20:15 +0000  4561 bytes for ./Payload/XXTExplorer.app/XXTEMoreReferences.bundle/open.html
2017-09-25 03:20:15 +0000  copying file ./Payload/XXTExplorer.app/XXTEMoreReferences.bundle/scripts/highlight.pack.js ... 
2017-09-25 03:20:15 +0000  46071 bytes for ./Payload/XXTExplorer.app/XXTEMoreReferences.bundle/scripts/highlight.pack.js
2017-09-25 03:20:15 +0000  copying file ./Payload/XXTExplorer.app/XXTEMoreReferences.bundle/styles/default.css ... 
2017-09-25 03:20:15 +0000  1159 bytes for ./Payload/XXTExplorer.app/XXTEMoreReferences.bundle/styles/default.css
copying file ./Payload/XXTExplorer.app/XXTEMoreReferences.bundle/styles/styleMarkdown.css ... 
2017-09-25 03:20:15 +0000  11488 bytes for ./Payload/XXTExplorer.app/XXTEMoreReferences.bundle/styles/styleMarkdown.css
2017-09-25 03:20:15 +0000  copying file ./Payload/XXTExplorer.app/XXTEMoreReferences.bundle/tos.html ... 
2017-09-25 03:20:15 +0000  11243 bytes for ./Payload/XXTExplorer.app/XXTEMoreReferences.bundle/tos.html
2017-09-25 03:20:15 +0000  copying file ./Payload/XXTExplorer.app/XXTEMoreRemoteSwitchCell~ipad.nib/objects-8.0+.nib ... 
2017-09-25 03:20:15 +0000  4035 bytes for ./Payload/XXTExplorer.app/XXTEMoreRemoteSwitchCell~ipad.nib/objects-8.0+.nib
2017-09-25 03:20:15 +0000  copying file ./Payload/XXTExplorer.app/XXTEMoreRemoteSwitchCell~ipad.nib/runtime.nib ... 
2017-09-25 03:20:15 +0000  4041 bytes for ./Payload/XXTExplorer.app/XXTEMoreRemoteSwitchCell~ipad.nib/runtime.nib
2017-09-25 03:20:15 +0000  copying file ./Payload/XXTExplorer.app/XXTEMoreRemoteSwitchCell~iphone.nib/objects-8.0+.nib ... 
2017-09-25 03:20:15 +0000  4036 bytes for ./Payload/XXTExplorer.app/XXTEMoreRemoteSwitchCell~iphone.nib/objects-8.0+.nib
2017-09-25 03:20:15 +0000  copying file ./Payload/XXTExplorer.app/XXTEMoreRemoteSwitchCell~iphone.nib/runtime.nib ... 
2017-09-25 03:20:15 +0000  4036 bytes for ./Payload/XXTExplorer.app/XXTEMoreRemoteSwitchCell~iphone.nib/runtime.nib
2017-09-25 03:20:15 +0000  copying file ./Payload/XXTExplorer.app/XXTEMoreSwitchCell~ipad.nib/objects-8.0+.nib ... 
2017-09-25 03:20:15 +0000  3773 bytes for ./Payload/XXTExplorer.app/XXTEMoreSwitchCell~ipad.nib/objects-8.0+.nib
2017-09-25 03:20:15 +0000  copying file ./Payload/XXTExplorer.app/XXTEMoreSwitchCell~ipad.nib/runtime.nib ... 
2017-09-25 03:20:15 +0000  3776 bytes for ./Payload/XXTExplorer.app/XXTEMoreSwitchCell~ipad.nib/runtime.nib
2017-09-25 03:20:15 +0000  copying file ./Payload/XXTExplorer.app/XXTEMoreSwitchCell~iphone.nib/objects-8.0+.nib ... 
2017-09-25 03:20:15 +0000  3774 bytes for ./Payload/XXTExplorer.app/XXTEMoreSwitchCell~iphone.nib/objects-8.0+.nib
2017-09-25 03:20:15 +0000  copying file ./Payload/XXTExplorer.app/XXTEMoreSwitchCell~iphone.nib/runtime.nib ... 
2017-09-25 03:20:15 +0000  3776 bytes for ./Payload/XXTExplorer.app/XXTEMoreSwitchCell~iphone.nib/runtime.nib
2017-09-25 03:20:15 +0000  copying file ./Payload/XXTExplorer.app/XXTEMoreSwitchNoIconCell~ipad.nib/objects-8.0+.nib ... 
2017-09-25 03:20:15 +0000  3327 bytes for ./Payload/XXTExplorer.app/XXTEMoreSwitchNoIconCell~ipad.nib/objects-8.0+.nib
2017-09-25 03:20:15 +0000  copying file ./Payload/XXTExplorer.app/XXTEMoreSwitchNoIconCell~ipad.nib/runtime.nib ... 
2017-09-25 03:20:15 +0000  3327 bytes for ./Payload/XXTExplorer.app/XXTEMoreSwitchNoIconCell~ipad.nib/runtime.nib
2017-09-25 03:20:15 +0000  copying file ./Payload/XXTExplorer.app/XXTEMoreSwitchNoIconCell~iphone.nib/objects-8.0+.nib ... 
2017-09-25 03:20:15 +0000  3331 bytes for ./Payload/XXTExplorer.app/XXTEMoreSwitchNoIconCell~iphone.nib/objects-8.0+.nib
2017-09-25 03:20:15 +0000  copying file ./Payload/XXTExplorer.app/XXTEMoreSwitchNoIconCell~iphone.nib/runtime.nib ... 
2017-09-25 03:20:15 +0000  3329 bytes for ./Payload/XXTExplorer.app/XXTEMoreSwitchNoIconCell~iphone.nib/runtime.nib
2017-09-25 03:20:15 +0000  copying file ./Payload/XXTExplorer.app/XXTEMoreTitleDescriptionCell~ipad.nib/objects-8.0+.nib ... 
2017-09-25 03:20:15 +0000  3645 bytes for ./Payload/XXTExplorer.app/XXTEMoreTitleDescriptionCell~ipad.nib/objects-8.0+.nib
2017-09-25 03:20:15 +0000  copying file ./Payload/XXTExplorer.app/XXTEMoreTitleDescriptionCell~ipad.nib/runtime.nib ... 
2017-09-25 03:20:15 +0000  3642 bytes for ./Payload/XXTExplorer.app/XXTEMoreTitleDescriptionCell~ipad.nib/runtime.nib
2017-09-25 03:20:15 +0000  copying file ./Payload/XXTExplorer.app/XXTEMoreTitleDescriptionCell~iphone.nib/objects-8.0+.nib ... 
2017-09-25 03:20:15 +0000  3637 bytes for ./Payload/XXTExplorer.app/XXTEMoreTitleDescriptionCell~iphone.nib/objects-8.0+.nib
2017-09-25 03:20:15 +0000  copying file ./Payload/XXTExplorer.app/XXTEMoreTitleDescriptionCell~iphone.nib/runtime.nib ... 
2017-09-25 03:20:15 +0000  3636 bytes for ./Payload/XXTExplorer.app/XXTEMoreTitleDescriptionCell~iphone.nib/runtime.nib
2017-09-25 03:20:15 +0000  copying file ./Payload/XXTExplorer.app/XXTEMoreTitleDescriptionValueCell~ipad.nib/objects-8.0+.nib ... 
2017-09-25 03:20:15 +0000  4205 bytes for ./Payload/XXTExplorer.app/XXTEMoreTitleDescriptionValueCell~ipad.nib/objects-8.0+.nib
2017-09-25 03:20:15 +0000  copying file ./Payload/XXTExplorer.app/XXTEMoreTitleDescriptionValueCell~ipad.nib/runtime.nib ... 
2017-09-25 03:20:15 +0000  4211 bytes for ./Payload/XXTExplorer.app/XXTEMoreTitleDescriptionValueCell~ipad.nib/runtime.nib
2017-09-25 03:20:15 +0000  copying file ./Payload/XXTExplorer.app/XXTEMoreTitleDescriptionValueCell~iphone.nib/objects-8.0+.nib ... 
2017-09-25 03:20:15 +0000  4207 bytes for ./Payload/XXTExplorer.app/XXTEMoreTitleDescriptionValueCell~iphone.nib/objects-8.0+.nib
2017-09-25 03:20:15 +0000  copying file ./Payload/XXTExplorer.app/XXTEMoreTitleDescriptionValueCell~iphone.nib/runtime.nib ... 
2017-09-25 03:20:15 +0000  4211 bytes for ./Payload/XXTExplorer.app/XXTEMoreTitleDescriptionValueCell~iphone.nib/runtime.nib
2017-09-25 03:20:15 +0000  copying file ./Payload/XXTExplorer.app/XXTEMoreTitleValueCell~ipad.nib/objects-8.0+.nib ... 
2017-09-25 03:20:15 +0000  3584 bytes for ./Payload/XXTExplorer.app/XXTEMoreTitleValueCell~ipad.nib/objects-8.0+.nib
2017-09-25 03:20:15 +0000  copying file ./Payload/XXTExplorer.app/XXTEMoreTitleValueCell~ipad.nib/runtime.nib ... 
2017-09-25 03:20:15 +0000  3588 bytes for ./Payload/XXTExplorer.app/XXTEMoreTitleValueCell~ipad.nib/runtime.nib
2017-09-25 03:20:15 +0000  copying file ./Payload/XXTExplorer.app/XXTEMoreTitleValueCell~iphone.nib/objects-8.0+.nib ... 
2017-09-25 03:20:15 +0000  3589 bytes for ./Payload/XXTExplorer.app/XXTEMoreTitleValueCell~iphone.nib/objects-8.0+.nib
2017-09-25 03:20:15 +0000  copying file ./Payload/XXTExplorer.app/XXTEMoreTitleValueCell~iphone.nib/runtime.nib ... 
2017-09-25 03:20:15 +0000  3590 bytes for ./Payload/XXTExplorer.app/XXTEMoreTitleValueCell~iphone.nib/runtime.nib
2017-09-25 03:20:15 +0000  copying file ./Payload/XXTExplorer.app/XXTEPremiumPreview.pdf ... 
2017-09-25 03:20:15 +0000  47365 bytes for ./Payload/XXTExplorer.app/XXTEPremiumPreview.pdf
copying file ./Payload/XXTExplorer.app/XXTExplorer ... 
2017-09-25 03:20:15 +0000  5139840 bytes for ./Payload/XXTExplorer.app/XXTExplorer
2017-09-25 03:20:15 +0000  copying file ./Payload/XXTExplorer.app/XXTExplorerItemNameCell~ipad.nib/objects-8.0+.nib ... 
3061 bytes for ./Payload/XXTExplorer.app/XXTExplorerItemNameCell~ipad.nib/objects-8.0+.nib
copying file ./Payload/XXTExplorer.app/XXTExplorerItemNameCell~ipad.nib/runtime.nib ... 
3059 bytes for ./Payload/XXTExplorer.app/XXTExplorerItemNameCell~ipad.nib/runtime.nib
copying file ./Payload/XXTExplorer.app/XXTExplorerItemNameCell~iphone.nib/objects-8.0+.nib ... 
3057 bytes for ./Payload/XXTExplorer.app/XXTExplorerItemNameCell~iphone.nib/objects-8.0+.nib
copying file ./Payload/XXTExplorer.app/XXTExplorerItemNameCell~iphone.nib/runtime.nib ... 
3057 bytes for ./Payload/XXTExplorer.app/XXTExplorerItemNameCell~iphone.nib/runtime.nib
copying file ./Payload/XXTExplorer.app/XXTExplorerViewCell~ipad.nib/objects-8.0+.nib ... 
2017-09-25 03:20:15 +0000  5130 bytes for ./Payload/XXTExplorer.app/XXTExplorerViewCell~ipad.nib/objects-8.0+.nib
copying file ./Payload/XXTExplorer.app/XXTExplorerViewCell~ipad.nib/runtime.nib ... 
2017-09-25 03:20:15 +0000  5133 bytes for ./Payload/XXTExplorer.app/XXTExplorerViewCell~ipad.nib/runtime.nib
2017-09-25 03:20:15 +0000  copying file ./Payload/XXTExplorer.app/XXTExplorerViewCell~iphone.nib/objects-8.0+.nib ... 
2017-09-25 03:20:15 +0000  5131 bytes for ./Payload/XXTExplorer.app/XXTExplorerViewCell~iphone.nib/objects-8.0+.nib
copying file ./Payload/XXTExplorer.app/XXTExplorerViewCell~iphone.nib/runtime.nib ... 
2017-09-25 03:20:15 +0000  5129 bytes for ./Payload/XXTExplorer.app/XXTExplorerViewCell~iphone.nib/runtime.nib
2017-09-25 03:20:15 +0000  copying file ./Payload/XXTExplorer.app/XXTExplorerViewHomeCell~ipad.nib/objects-8.0+.nib ... 
2017-09-25 03:20:15 +0000  4695 bytes for ./Payload/XXTExplorer.app/XXTExplorerViewHomeCell~ipad.nib/objects-8.0+.nib
copying file ./Payload/XXTExplorer.app/XXTExplorerViewHomeCell~ipad.nib/runtime.nib ... 
2017-09-25 03:20:15 +0000  4698 bytes for ./Payload/XXTExplorer.app/XXTExplorerViewHomeCell~ipad.nib/runtime.nib
2017-09-25 03:20:15 +0000  copying file ./Payload/XXTExplorer.app/XXTExplorerViewHomeCell~iphone.nib/objects-8.0+.nib ... 
2017-09-25 03:20:15 +0000  4699 bytes for ./Payload/XXTExplorer.app/XXTExplorerViewHomeCell~iphone.nib/objects-8.0+.nib
copying file ./Payload/XXTExplorer.app/XXTExplorerViewHomeCell~iphone.nib/runtime.nib ... 
2017-09-25 03:20:15 +0000  4698 bytes for ./Payload/XXTExplorer.app/XXTExplorerViewHomeCell~iphone.nib/runtime.nib
copying file ./Payload/XXTExplorer.app/XXTImagePickerAlbumCell.nib ... 
2017-09-25 03:20:15 +0000  2621 bytes for ./Payload/XXTExplorer.app/XXTImagePickerAlbumCell.nib
copying file ./Payload/XXTExplorer.app/XXTImagePickerController.nib ... 
2017-09-25 03:20:15 +0000  5840 bytes for ./Payload/XXTExplorer.app/XXTImagePickerController.nib
2017-09-25 03:20:15 +0000  copying file ./Payload/XXTExplorer.app/XXTImagePickerPhotoCell.nib/objects-8.0+.nib ... 
2017-09-25 03:20:15 +0000  1284 bytes for ./Payload/XXTExplorer.app/XXTImagePickerPhotoCell.nib/objects-8.0+.nib
copying file ./Payload/XXTExplorer.app/XXTImagePickerPhotoCell.nib/runtime.nib ... 
2017-09-25 03:20:15 +0000  1287 bytes for ./Payload/XXTExplorer.app/XXTImagePickerPhotoCell.nib/runtime.nib
copying file ./Payload/XXTExplorer.app/zh-Hans.lproj/InfoPlist.strings ... 
2017-09-25 03:20:15 +0000  409 bytes for ./Payload/XXTExplorer.app/zh-Hans.lproj/InfoPlist.strings
copying file ./Payload/XXTExplorer.app/zh-Hans.lproj/Localizable.strings ... 
2017-09-25 03:20:15 +0000  19946 bytes for ./Payload/XXTExplorer.app/zh-Hans.lproj/Localizable.strings
copying file ./Payload/XXTExplorer.app/zh-Hans.lproj/Meta.strings ... 
2017-09-25 03:20:15 +0000  1005 bytes for ./Payload/XXTExplorer.app/zh-Hans.lproj/Meta.strings
copying file ./Payload/XXTExplorer.app/zh-Hans.lproj/XXTEBuiltInDefaults.plist ... 
2017-09-25 03:20:15 +0000  2483 bytes for ./Payload/XXTExplorer.app/zh-Hans.lproj/XXTEBuiltInDefaults.plist
copying file ./Payload/XXTExplorer.app/zh-Hans.lproj/XXTPickerCollection.strings ... 
2017-09-25 03:20:15 +0000  2647 bytes for ./Payload/XXTExplorer.app/zh-Hans.lproj/XXTPickerCollection.strings
2017-09-25 03:20:15 +0000  /usr/bin/ditto exited with 0
2017-09-25 03:20:15 +0000  Processing step: IDEDistributionCreateManifestStep
